2023-09-21 14:02:35.725 [info] Protokolliergrad: Info
2023-09-21 14:02:35.725 [info] Gefundenes Git wird überprüft in: "git"
2023-09-21 14:02:35.725 [info] Git "2.34.1" von "git" verwenden
2023-09-21 14:02:35.725 [info] > git rev-parse --show-toplevel [24ms]
2023-09-21 14:02:35.725 [info] fatal: not a git repository (or any parent up to mount point /home)
Stopping at filesystem boundary (GIT_DISCOVERY_ACROSS_FILESYSTEM not set).
2023-09-21 14:02:35.725 [info] > git rev-parse --show-toplevel [168ms]
2023-09-21 14:02:35.725 [info] > git rev-parse --git-dir --git-common-dir [72ms]
2023-09-21 14:02:35.725 [info] Open repository: /home/ansible/git-repos/diveintoansible
2023-09-21 14:02:35.736 [info] > git config --get commit.template [61ms]
2023-09-21 14:02:35.771 [info] > git rev-parse --show-toplevel [61ms]
2023-09-21 14:02:35.843 [info] > git for-each-ref --format=%(refname)%00%(upstream:short)%00%(objectname)%00%(upstream:track)%00%(upstream:remotename)%00%(upstream:remoteref) refs/heads/master refs/remotes/master [78ms]
2023-09-21 14:02:36.492 [info] > git status -z -uall [601ms]
2023-09-21 14:02:36.498 [info] > git rev-parse --show-toplevel [656ms]
2023-09-21 14:02:36.498 [info] fatal: not a git repository (or any parent up to mount point /home)
Stopping at filesystem boundary (GIT_DISCOVERY_ACROSS_FILESYSTEM not set).
2023-09-21 14:02:36.701 [info] > git check-ignore -v -z --stdin [178ms]
2023-09-21 14:02:36.741 [info] > git config --get commit.template [40ms]
2023-09-21 14:02:36.844 [info] > git for-each-ref --format=%(refname)%00%(upstream:short)%00%(objectname)%00%(upstream:track)%00%(upstream:remotename)%00%(upstream:remoteref) refs/heads/master refs/remotes/master [30ms]
2023-09-21 14:02:37.139 [info] > git status -z -uall [265ms]
2023-09-21 14:02:37.943 [info] > git check-ignore -v -z --stdin [22ms]
2023-09-21 14:02:38.749 [info] > git show --textconv :Structuring Ansible Playbooks/Using Include and Import/03/include_tasks.yaml [125ms]
2023-09-21 14:02:38.749 [info] > git show --textconv :Structuring Ansible Playbooks/Using Include and Import/03/include_import_tasks_playbook.yaml [95ms]
2023-09-21 14:02:38.749 [info] > git ls-files --stage -- /home/ansible/git-repos/diveintoansible/Structuring Ansible Playbooks/Using Include and Import/03/include_tasks.yaml [51ms]
2023-09-21 14:02:38.791 [info] > git ls-files --stage -- /home/ansible/git-repos/diveintoansible/Structuring Ansible Playbooks/Using Include and Import/03/include_import_tasks_playbook.yaml [43ms]
2023-09-21 14:02:38.822 [info] > git cat-file -s bd297524c0745c6148277bd08c880a56644cb50e [43ms]
2023-09-21 14:02:38.879 [info] > git cat-file -s 855a4c67ac7d6123f603325d9ca65f0afd237e70 [59ms]
2023-09-21 14:02:39.712 [info] > git check-ignore -v -z --stdin [40ms]
2023-09-21 14:04:01.863 [info] > git check-ignore -v -z --stdin [13ms]
2023-09-21 14:04:10.667 [info] > git show --textconv :Structuring Ansible Playbooks/Using Include and Import/04/import_playbook.yaml [18ms]
2023-09-21 14:04:10.675 [info] > git ls-files --stage -- /home/ansible/git-repos/diveintoansible/Structuring Ansible Playbooks/Using Include and Import/04/import_playbook.yaml [10ms]
2023-09-21 14:04:10.692 [info] > git cat-file -s cd8879b2c84620fa0073bd3790f160d4fff8bfa0 [6ms]
2023-09-21 14:04:22.996 [info] > git show --textconv :Structuring Ansible Playbooks/Using Include and Import/04/imported_playbook.yaml [17ms]
2023-09-21 14:04:23.004 [info] > git ls-files --stage -- /home/ansible/git-repos/diveintoansible/Structuring Ansible Playbooks/Using Include and Import/04/imported_playbook.yaml [10ms]
2023-09-21 14:04:23.019 [info] > git cat-file -s 8e7e039e44a225a6a765de256611b1efb659370a [4ms]
2023-09-21 14:04:35.571 [info] > git show --textconv :Structuring Ansible Playbooks/Using Include and Import/04/import_playbook.yaml [17ms]
2023-09-21 14:04:35.579 [info] > git ls-files --stage -- /home/ansible/git-repos/diveintoansible/Structuring Ansible Playbooks/Using Include and Import/04/import_playbook.yaml [9ms]
2023-09-21 14:04:35.609 [info] > git cat-file -s cd8879b2c84620fa0073bd3790f160d4fff8bfa0 [19ms]
2023-09-21 14:04:57.686 [info] > git show --textconv :Structuring Ansible Playbooks/Using Include and Import/04/imported_playbook.yaml [18ms]
2023-09-21 14:04:57.694 [info] > git ls-files --stage -- /home/ansible/git-repos/diveintoansible/Structuring Ansible Playbooks/Using Include and Import/04/imported_playbook.yaml [8ms]
2023-09-21 14:04:57.723 [info] > git cat-file -s 8e7e039e44a225a6a765de256611b1efb659370a [18ms]
2023-09-21 14:19:54.719 [info] > git show --textconv :Structuring Ansible Playbooks/Using Include and Import/03/test.yaml [18ms]
2023-09-21 14:19:54.733 [info] > git ls-files --stage -- /home/ansible/git-repos/diveintoansible/Structuring Ansible Playbooks/Using Include and Import/03/test.yaml [15ms]
2023-09-21 14:19:54.767 [info] > git cat-file -s 26d3fb8be028efc96a8f1273f6e36e9442f07d8a [19ms]
2023-09-21 14:20:10.310 [info] > git show --textconv :Structuring Ansible Playbooks/Using Include and Import/03/include_import_tasks_playbook copy.yaml [15ms]
2023-09-21 14:20:10.324 [info] > git ls-files --stage -- /home/ansible/git-repos/diveintoansible/Structuring Ansible Playbooks/Using Include and Import/03/include_import_tasks_playbook copy.yaml [16ms]
2023-09-21 14:20:10.570 [info] > git check-ignore -v -z --stdin [13ms]
2023-09-21 14:20:11.168 [info] > git config --get commit.template [17ms]
2023-09-21 14:20:11.173 [info] > git for-each-ref --format=%(refname)%00%(upstream:short)%00%(objectname)%00%(upstream:track)%00%(upstream:remotename)%00%(upstream:remoteref) refs/heads/master refs/remotes/master [7ms]
2023-09-21 14:20:11.310 [info] > git status -z -uall [125ms]
2023-09-21 14:20:57.590 [info] > git config --get commit.template [18ms]
2023-09-21 14:20:57.595 [info] > git for-each-ref --format=%(refname)%00%(upstream:short)%00%(objectname)%00%(upstream:track)%00%(upstream:remotename)%00%(upstream:remoteref) refs/heads/master refs/remotes/master [8ms]
2023-09-21 14:20:57.642 [info] > git status -z -uall [33ms]
2023-09-21 14:21:10.216 [info] > git show --textconv :Structuring Ansible Playbooks/Using Include and Import/03/include_import_tasks_playbook-meinyaml [17ms]
2023-09-21 14:21:10.228 [info] > git ls-files --stage -- /home/ansible/git-repos/diveintoansible/Structuring Ansible Playbooks/Using Include and Import/03/include_import_tasks_playbook-meinyaml [13ms]
2023-09-21 14:21:10.480 [info] > git check-ignore -v -z --stdin [6ms]
2023-09-21 14:21:11.024 [info] > git config --get commit.template [18ms]
2023-09-21 14:21:11.029 [info] > git for-each-ref --format=%(refname)%00%(upstream:short)%00%(objectname)%00%(upstream:track)%00%(upstream:remotename)%00%(upstream:remoteref) refs/heads/master refs/remotes/master [6ms]
2023-09-21 14:21:11.075 [info] > git status -z -uall [33ms]
