2023-09-14 16:08:22.476 [info] Protokolliergrad: Info
2023-09-14 16:08:22.476 [info] Gefundenes Git wird überprüft in: "git"
2023-09-14 16:08:22.476 [info] Git "2.34.1" von "git" verwenden
2023-09-14 16:08:22.476 [info] > git rev-parse --show-toplevel [1179ms]
2023-09-14 16:08:22.477 [info] fatal: not a git repository (or any parent up to mount point /home)
Stopping at filesystem boundary (GIT_DISCOVERY_ACROSS_FILESYSTEM not set).
2023-09-14 16:08:22.477 [info] > git rev-parse --show-toplevel [93ms]
2023-09-14 16:08:22.477 [info] > git rev-parse --git-dir --git-common-dir [54ms]
2023-09-14 16:08:22.477 [info] Open repository: /home/ansible/git-repos/diveintoansible
2023-09-14 16:08:22.477 [info] > git config --get commit.template [194ms]
2023-09-14 16:08:22.477 [info] > git rev-parse --show-toplevel [618ms]
2023-09-14 16:08:22.477 [info] > git for-each-ref --format=%(refname)%00%(upstream:short)%00%(objectname)%00%(upstream:track)%00%(upstream:remotename)%00%(upstream:remoteref) refs/heads/master refs/remotes/master [170ms]
2023-09-14 16:08:22.477 [info] > git status -z -uall [491ms]
2023-09-14 16:08:22.477 [info] > git rev-parse --show-toplevel [351ms]
2023-09-14 16:08:22.477 [info] fatal: not a git repository (or any parent up to mount point /home)
Stopping at filesystem boundary (GIT_DISCOVERY_ACROSS_FILESYSTEM not set).
2023-09-14 16:08:22.477 [info] > git config --get commit.template [119ms]
2023-09-14 16:08:22.585 [info] > git for-each-ref --format=%(refname)%00%(upstream:short)%00%(objectname)%00%(upstream:track)%00%(upstream:remotename)%00%(upstream:remoteref) refs/heads/master refs/remotes/master [48ms]
2023-09-14 16:08:22.911 [info] > git status -z -uall [272ms]
2023-09-14 16:08:23.499 [info] > git check-ignore -v -z --stdin [59ms]
2023-09-14 16:08:24.930 [info] > git check-ignore -v -z --stdin [96ms]
2023-09-14 16:08:25.061 [info] > git show --textconv :Ansible Playbooks, Deep Dive/Looping/10/user_playbook-mein.yaml [53ms]
2023-09-14 16:08:25.061 [info] > git show --textconv :Ansible Playbooks, Deep Dive/Looping/10/user_playbook.yaml [37ms]
2023-09-14 16:08:25.093 [info] > git ls-files --stage -- /home/ansible/git-repos/diveintoansible/Ansible Playbooks, Deep Dive/Looping/10/user_playbook.yaml [33ms]
2023-09-14 16:08:25.115 [info] > git ls-files --stage -- /home/ansible/git-repos/diveintoansible/Ansible Playbooks, Deep Dive/Looping/10/user_playbook-mein.yaml [70ms]
2023-09-14 16:08:25.138 [info] > git cat-file -s 4b299ad9f0a485fdab2e1db26f1a6a6ddfb65d5b [24ms]
2023-09-14 16:08:26.477 [info] > git config --local branch.master.github-pr-owner-number [167ms]
2023-09-14 16:08:26.527 [info] > git config --get commit.template [23ms]
2023-09-14 16:08:26.529 [info] > git for-each-ref --format=%(refname)%00%(upstream:short)%00%(objectname)%00%(upstream:track)%00%(upstream:remotename)%00%(upstream:remoteref) refs/heads/master refs/remotes/master [7ms]
2023-09-14 16:08:26.575 [info] > git status -z -uall [34ms]
2023-09-14 16:13:25.805 [info] > git config --local branch.master.github-pr-owner-number [5ms]
2023-09-14 16:13:25.838 [info] > git config --get commit.template [18ms]
2023-09-14 16:13:25.842 [info] > git for-each-ref --format=%(refname)%00%(upstream:short)%00%(objectname)%00%(upstream:track)%00%(upstream:remotename)%00%(upstream:remoteref) refs/heads/master refs/remotes/master [6ms]
2023-09-14 16:13:25.892 [info] > git status -z -uall [37ms]
2023-09-14 16:18:25.917 [info] > git config --local branch.master.github-pr-owner-number [4ms]
2023-09-14 16:18:25.949 [info] > git config --get commit.template [17ms]
2023-09-14 16:18:25.955 [info] > git for-each-ref --format=%(refname)%00%(upstream:short)%00%(objectname)%00%(upstream:track)%00%(upstream:remotename)%00%(upstream:remoteref) refs/heads/master refs/remotes/master [8ms]
2023-09-14 16:18:26.002 [info] > git status -z -uall [34ms]
2023-09-14 16:23:26.091 [info] > git config --local branch.master.github-pr-owner-number [6ms]
2023-09-14 16:23:26.134 [info] > git config --get commit.template [22ms]
2023-09-14 16:23:26.148 [info] > git for-each-ref --format=%(refname)%00%(upstream:short)%00%(objectname)%00%(upstream:track)%00%(upstream:remotename)%00%(upstream:remoteref) refs/heads/master refs/remotes/master [20ms]
2023-09-14 16:23:26.279 [info] > git status -z -uall [116ms]
2023-09-14 16:28:26.313 [info] > git config --local branch.master.github-pr-owner-number [3ms]
2023-09-14 16:28:26.342 [info] > git config --get commit.template [15ms]
2023-09-14 16:28:26.346 [info] > git for-each-ref --format=%(refname)%00%(upstream:short)%00%(objectname)%00%(upstream:track)%00%(upstream:remotename)%00%(upstream:remoteref) refs/heads/master refs/remotes/master [6ms]
2023-09-14 16:28:26.391 [info] > git status -z -uall [33ms]
2023-09-14 16:30:56.337 [info] > git check-ignore -v -z --stdin [8ms]
2023-09-14 16:30:57.674 [info] > git show --textconv :Ansible Playbooks, Deep Dive/Looping/11/user_playbook.yaml [22ms]
2023-09-14 16:30:57.681 [info] > git ls-files --stage -- /home/ansible/git-repos/diveintoansible/Ansible Playbooks, Deep Dive/Looping/11/user_playbook.yaml [10ms]
2023-09-14 16:30:57.701 [info] > git cat-file -s 96829461386fc20f6a81fd4797640b2db996efde [7ms]
2023-09-14 16:31:04.649 [info] > git show --textconv :Ansible Playbooks, Deep Dive/Looping/11/user_playbook copy.yaml [18ms]
2023-09-14 16:31:04.655 [info] > git ls-files --stage -- /home/ansible/git-repos/diveintoansible/Ansible Playbooks, Deep Dive/Looping/11/user_playbook copy.yaml [8ms]
2023-09-14 16:31:04.897 [info] > git check-ignore -v -z --stdin [6ms]
2023-09-14 16:31:05.587 [info] > git config --get commit.template [18ms]
2023-09-14 16:31:05.592 [info] > git for-each-ref --format=%(refname)%00%(upstream:short)%00%(objectname)%00%(upstream:track)%00%(upstream:remotename)%00%(upstream:remoteref) refs/heads/master refs/remotes/master [6ms]
2023-09-14 16:31:05.637 [info] > git status -z -uall [32ms]
2023-09-14 16:31:13.414 [info] > git config --get commit.template [17ms]
2023-09-14 16:31:13.419 [info] > git for-each-ref --format=%(refname)%00%(upstream:short)%00%(objectname)%00%(upstream:track)%00%(upstream:remotename)%00%(upstream:remoteref) refs/heads/master refs/remotes/master [6ms]
2023-09-14 16:31:13.465 [info] > git status -z -uall [34ms]
2023-09-14 16:31:18.379 [info] > git show --textconv :Ansible Playbooks, Deep Dive/Looping/11/user_playbook.yaml [19ms]
2023-09-14 16:31:18.388 [info] > git ls-files --stage -- /home/ansible/git-repos/diveintoansible/Ansible Playbooks, Deep Dive/Looping/11/user_playbook.yaml [10ms]
2023-09-14 16:31:18.417 [info] > git cat-file -s 96829461386fc20f6a81fd4797640b2db996efde [18ms]
2023-09-14 16:31:38.100 [info] > git show --textconv :Ansible Playbooks, Deep Dive/Looping/11/user_playbook-mein.yaml [18ms]
2023-09-14 16:31:38.110 [info] > git ls-files --stage -- /home/ansible/git-repos/diveintoansible/Ansible Playbooks, Deep Dive/Looping/11/user_playbook-mein.yaml [12ms]
2023-09-14 16:31:38.370 [info] > git check-ignore -v -z --stdin [6ms]
2023-09-14 16:31:38.982 [info] > git config --get commit.template [17ms]
2023-09-14 16:31:38.986 [info] > git for-each-ref --format=%(refname)%00%(upstream:short)%00%(objectname)%00%(upstream:track)%00%(upstream:remotename)%00%(upstream:remoteref) refs/heads/master refs/remotes/master [6ms]
2023-09-14 16:31:39.033 [info] > git status -z -uall [33ms]
2023-09-14 16:33:26.415 [info] > git config --local branch.master.github-pr-owner-number [7ms]
2023-09-14 16:33:26.446 [info] > git config --get commit.template [17ms]
2023-09-14 16:33:26.451 [info] > git for-each-ref --format=%(refname)%00%(upstream:short)%00%(objectname)%00%(upstream:track)%00%(upstream:remotename)%00%(upstream:remoteref) refs/heads/master refs/remotes/master [6ms]
2023-09-14 16:33:26.498 [info] > git status -z -uall [34ms]
2023-09-14 16:38:26.522 [info] > git config --local branch.master.github-pr-owner-number [5ms]
2023-09-14 16:38:26.553 [info] > git config --get commit.template [17ms]
2023-09-14 16:38:26.558 [info] > git for-each-ref --format=%(refname)%00%(upstream:short)%00%(objectname)%00%(upstream:track)%00%(upstream:remotename)%00%(upstream:remoteref) refs/heads/master refs/remotes/master [7ms]
2023-09-14 16:38:26.605 [info] > git status -z -uall [34ms]
2023-09-14 16:43:26.628 [info] > git config --local branch.master.github-pr-owner-number [4ms]
2023-09-14 16:43:26.658 [info] > git config --get commit.template [17ms]
2023-09-14 16:43:26.662 [info] > git for-each-ref --format=%(refname)%00%(upstream:short)%00%(objectname)%00%(upstream:track)%00%(upstream:remotename)%00%(upstream:remoteref) refs/heads/master refs/remotes/master [6ms]
2023-09-14 16:43:26.708 [info] > git status -z -uall [33ms]
2023-09-14 16:48:26.731 [info] > git config --local branch.master.github-pr-owner-number [4ms]
2023-09-14 16:48:26.762 [info] > git config --get commit.template [17ms]
2023-09-14 16:48:26.766 [info] > git for-each-ref --format=%(refname)%00%(upstream:short)%00%(objectname)%00%(upstream:track)%00%(upstream:remotename)%00%(upstream:remoteref) refs/heads/master refs/remotes/master [6ms]
2023-09-14 16:48:26.839 [info] > git status -z -uall [40ms]
2023-09-14 16:53:26.860 [info] > git config --local branch.master.github-pr-owner-number [5ms]
2023-09-14 16:53:26.890 [info] > git config --get commit.template [16ms]
2023-09-14 16:53:26.894 [info] > git for-each-ref --format=%(refname)%00%(upstream:short)%00%(objectname)%00%(upstream:track)%00%(upstream:remotename)%00%(upstream:remoteref) refs/heads/master refs/remotes/master [6ms]
2023-09-14 16:53:26.941 [info] > git status -z -uall [33ms]
2023-09-14 16:58:27.285 [info] > git config --local branch.master.github-pr-owner-number [36ms]
2023-09-14 16:58:27.497 [info] > git config --get commit.template [96ms]
2023-09-14 16:58:27.541 [info] > git for-each-ref --format=%(refname)%00%(upstream:short)%00%(objectname)%00%(upstream:track)%00%(upstream:remotename)%00%(upstream:remoteref) refs/heads/master refs/remotes/master [46ms]
2023-09-14 16:58:27.960 [info] > git status -z -uall [347ms]
2023-09-14 17:03:28.004 [info] > git config --local branch.master.github-pr-owner-number [4ms]
2023-09-14 17:03:28.024 [info] > git config --get commit.template [7ms]
2023-09-14 17:03:28.040 [info] > git for-each-ref --format=%(refname)%00%(upstream:short)%00%(objectname)%00%(upstream:track)%00%(upstream:remotename)%00%(upstream:remoteref) refs/heads/master refs/remotes/master [5ms]
2023-09-14 17:03:28.087 [info] > git status -z -uall [35ms]
2023-09-14 17:08:28.108 [info] > git config --local branch.master.github-pr-owner-number [4ms]
2023-09-14 17:08:28.140 [info] > git config --get commit.template [19ms]
2023-09-14 17:08:28.145 [info] > git for-each-ref --format=%(refname)%00%(upstream:short)%00%(objectname)%00%(upstream:track)%00%(upstream:remotename)%00%(upstream:remoteref) refs/heads/master refs/remotes/master [6ms]
2023-09-14 17:08:28.189 [info] > git status -z -uall [33ms]
2023-09-14 17:13:28.209 [info] > git config --local branch.master.github-pr-owner-number [4ms]
2023-09-14 17:13:28.237 [info] > git config --get commit.template [16ms]
2023-09-14 17:13:28.241 [info] > git for-each-ref --format=%(refname)%00%(upstream:short)%00%(objectname)%00%(upstream:track)%00%(upstream:remotename)%00%(upstream:remoteref) refs/heads/master refs/remotes/master [6ms]
2023-09-14 17:13:28.286 [info] > git status -z -uall [32ms]
2023-09-14 17:14:36.264 [info] > git check-ignore -v -z --stdin [6ms]
2023-09-14 17:14:37.206 [info] > git show --textconv :Ansible Playbooks, Deep Dive/Looping/12/user_directories.yaml [19ms]
2023-09-14 17:14:37.216 [info] > git ls-files --stage -- /home/ansible/git-repos/diveintoansible/Ansible Playbooks, Deep Dive/Looping/12/user_directories.yaml [11ms]
2023-09-14 17:14:37.234 [info] > git cat-file -s 6c8008ef22a5e42f3067b8751039e8b50b3dce13 [6ms]
2023-09-14 17:14:53.405 [info] > git show --textconv :Ansible Playbooks, Deep Dive/Looping/12/user_directories copy.yaml [16ms]
2023-09-14 17:14:53.412 [info] > git ls-files --stage -- /home/ansible/git-repos/diveintoansible/Ansible Playbooks, Deep Dive/Looping/12/user_directories copy.yaml [9ms]
2023-09-14 17:14:53.650 [info] > git check-ignore -v -z --stdin [9ms]
2023-09-14 17:14:54.260 [info] > git config --get commit.template [16ms]
2023-09-14 17:14:54.265 [info] > git for-each-ref --format=%(refname)%00%(upstream:short)%00%(objectname)%00%(upstream:track)%00%(upstream:remotename)%00%(upstream:remoteref) refs/heads/master refs/remotes/master [7ms]
2023-09-14 17:14:54.309 [info] > git status -z -uall [33ms]
2023-09-14 17:15:00.431 [info] > git config --get commit.template [17ms]
2023-09-14 17:15:00.436 [info] > git for-each-ref --format=%(refname)%00%(upstream:short)%00%(objectname)%00%(upstream:track)%00%(upstream:remotename)%00%(upstream:remoteref) refs/heads/master refs/remotes/master [6ms]
2023-09-14 17:15:00.483 [info] > git status -z -uall [36ms]
2023-09-14 17:15:04.445 [info] > git show --textconv :Ansible Playbooks, Deep Dive/Looping/12/user_directories.yaml [17ms]
2023-09-14 17:15:04.452 [info] > git ls-files --stage -- /home/ansible/git-repos/diveintoansible/Ansible Playbooks, Deep Dive/Looping/12/user_directories.yaml [9ms]
2023-09-14 17:15:04.482 [info] > git cat-file -s 6c8008ef22a5e42f3067b8751039e8b50b3dce13 [19ms]
2023-09-14 17:15:19.392 [info] > git show --textconv :Ansible Playbooks, Deep Dive/Looping/12/user_directories-mein.yaml [17ms]
2023-09-14 17:15:19.406 [info] > git ls-files --stage -- /home/ansible/git-repos/diveintoansible/Ansible Playbooks, Deep Dive/Looping/12/user_directories-mein.yaml [12ms]
2023-09-14 17:15:19.662 [info] > git check-ignore -v -z --stdin [5ms]
2023-09-14 17:15:20.259 [info] > git config --get commit.template [17ms]
2023-09-14 17:15:20.263 [info] > git for-each-ref --format=%(refname)%00%(upstream:short)%00%(objectname)%00%(upstream:track)%00%(upstream:remotename)%00%(upstream:remoteref) refs/heads/master refs/remotes/master [6ms]
2023-09-14 17:15:20.308 [info] > git status -z -uall [33ms]
2023-09-14 17:18:28.307 [info] > git config --local branch.master.github-pr-owner-number [4ms]
2023-09-14 17:18:28.336 [info] > git config --get commit.template [15ms]
2023-09-14 17:18:28.340 [info] > git for-each-ref --format=%(refname)%00%(upstream:short)%00%(objectname)%00%(upstream:track)%00%(upstream:remotename)%00%(upstream:remoteref) refs/heads/master refs/remotes/master [6ms]
2023-09-14 17:18:28.386 [info] > git status -z -uall [34ms]
