2023-09-20 15:25:46.144 [info] Protokolliergrad: Info
2023-09-20 15:25:46.144 [info] Gefundenes Git wird überprüft in: "git"
2023-09-20 15:25:46.144 [info] Git "2.34.1" von "git" verwenden
2023-09-20 15:25:46.144 [info] > git rev-parse --show-toplevel [676ms]
2023-09-20 15:25:46.144 [info] fatal: not a git repository (or any parent up to mount point /home)
Stopping at filesystem boundary (GIT_DISCOVERY_ACROSS_FILESYSTEM not set).
2023-09-20 15:25:46.144 [info] > git rev-parse --show-toplevel [73ms]
2023-09-20 15:25:46.144 [info] fatal: not a git repository (or any parent up to mount point /home)
Stopping at filesystem boundary (GIT_DISCOVERY_ACROSS_FILESYSTEM not set).
2023-09-20 15:25:46.144 [info] > git rev-parse --show-toplevel [17ms]
2023-09-20 15:25:46.931 [info] > git rev-parse --git-dir --git-common-dir [787ms]
2023-09-20 15:25:46.990 [info] Open repository: /home/ansible/git-repos/diveintoansible
2023-09-20 15:25:47.054 [info] > git config --get commit.template [23ms]
2023-09-20 15:25:47.081 [info] > git rev-parse --show-toplevel [35ms]
2023-09-20 15:25:47.081 [info] fatal: not a git repository (or any parent up to mount point /home)
Stopping at filesystem boundary (GIT_DISCOVERY_ACROSS_FILESYSTEM not set).
2023-09-20 15:25:47.109 [info] > git for-each-ref --format=%(refname)%00%(upstream:short)%00%(objectname)%00%(upstream:track)%00%(upstream:remotename)%00%(upstream:remoteref) refs/heads/master refs/remotes/master [31ms]
2023-09-20 15:25:47.641 [info] > git status -z -uall [478ms]
2023-09-20 15:25:47.878 [info] > git check-ignore -v -z --stdin [66ms]
2023-09-20 15:25:47.902 [info] > git config --get commit.template [28ms]
2023-09-20 15:25:47.984 [info] > git for-each-ref --format=%(refname)%00%(upstream:short)%00%(objectname)%00%(upstream:track)%00%(upstream:remotename)%00%(upstream:remoteref) refs/heads/master refs/remotes/master [43ms]
2023-09-20 15:25:48.180 [info] > git status -z -uall [184ms]
2023-09-20 15:25:48.681 [info] > git rev-parse --show-toplevel [83ms]
2023-09-20 15:25:48.682 [info] fatal: not a git repository (or any parent up to mount point /home)
Stopping at filesystem boundary (GIT_DISCOVERY_ACROSS_FILESYSTEM not set).
2023-09-20 15:25:49.180 [info] > git rev-parse --show-toplevel [144ms]
2023-09-20 15:25:49.180 [info] fatal: not a git repository (or any parent up to mount point /home)
Stopping at filesystem boundary (GIT_DISCOVERY_ACROSS_FILESYSTEM not set).
2023-09-20 15:25:49.217 [info] > git check-ignore -v -z --stdin [57ms]
2023-09-20 15:25:49.422 [info] > git rev-parse --show-toplevel [177ms]
2023-09-20 15:25:49.422 [info] fatal: not a git repository (or any parent up to mount point /home)
Stopping at filesystem boundary (GIT_DISCOVERY_ACROSS_FILESYSTEM not set).
2023-09-20 15:25:50.588 [info] > git show --textconv :Ansible Playbooks, Deep Dive/Looping/21/until_playbook.yaml [136ms]
2023-09-20 15:25:50.588 [info] > git show --textconv :Ansible Playbooks, Deep Dive/Asynchronous, Serial, Parallel/02/slow_playbook.yaml [87ms]
2023-09-20 15:25:50.589 [info] > git ls-files --stage -- /home/ansible/git-repos/diveintoansible/Ansible Playbooks, Deep Dive/Looping/21/until_playbook.yaml [36ms]
2023-09-20 15:25:50.642 [info] > git cat-file -s d4f032b9e751ad0dc6b7b956d2ba9c6c7578c798 [12ms]
2023-09-20 15:25:50.649 [info] > git ls-files --stage -- /home/ansible/git-repos/diveintoansible/Ansible Playbooks, Deep Dive/Asynchronous, Serial, Parallel/02/slow_playbook.yaml [62ms]
2023-09-20 15:25:50.739 [info] > git cat-file -s 16732de5c9ec1f799222056e7cff3075203c0a5b [27ms]
2023-09-20 15:26:01.594 [info] > git check-ignore -v -z --stdin [6ms]
2023-09-20 15:26:29.982 [info] > git check-ignore -v -z --stdin [9ms]
2023-09-20 15:26:38.503 [info] > git check-ignore -v -z --stdin [6ms]
2023-09-20 15:26:39.954 [info] > git show --textconv :Ansible Playbooks, Deep Dive/Asynchronous, Serial, Parallel/01/slow_playbook.yaml [14ms]
2023-09-20 15:26:39.960 [info] > git ls-files --stage -- /home/ansible/git-repos/diveintoansible/Ansible Playbooks, Deep Dive/Asynchronous, Serial, Parallel/01/slow_playbook.yaml [7ms]
2023-09-20 15:26:39.975 [info] > git cat-file -s 3de2a9ade115a90c6e1eef897d8a1419633aea8a [6ms]
2023-09-20 15:27:17.862 [info] > git check-ignore -v -z --stdin [8ms]
2023-09-20 15:27:19.187 [info] > git check-ignore -v -z --stdin [9ms]
2023-09-20 15:27:22.951 [info] > git show --textconv :Ansible Playbooks, Deep Dive/Playbook Modules/01/set_fact_playbook.yaml [13ms]
2023-09-20 15:27:22.960 [info] > git ls-files --stage -- /home/ansible/git-repos/diveintoansible/Ansible Playbooks, Deep Dive/Playbook Modules/01/set_fact_playbook.yaml [9ms]
2023-09-20 15:27:22.971 [info] > git cat-file -s 75282adc8a09fc023f5abdae6e5bcb0c8f555fe6 [4ms]
2023-09-20 15:27:25.131 [info] > git check-ignore -v -z --stdin [9ms]
2023-09-20 15:27:45.387 [info] > git show --textconv :Ansible Playbooks, Deep Dive/Playbook Modules/01/set_fact_playbook-mein.yaml [15ms]
2023-09-20 15:27:45.395 [info] > git ls-files --stage -- /home/ansible/git-repos/diveintoansible/Ansible Playbooks, Deep Dive/Playbook Modules/01/set_fact_playbook-mein.yaml [10ms]
2023-09-20 15:27:45.409 [info] > git cat-file -s 9c37914a12ab76cbdd89ebaee299940b6776ab54 [4ms]
2023-09-20 15:30:58.847 [info] > git check-ignore -v -z --stdin [7ms]
2023-09-20 15:31:00.920 [info] > git show --textconv :Ansible Playbooks, Deep Dive/Playbook Modules/02/set_fact_playbook-mein.yaml [19ms]
2023-09-20 15:31:00.927 [info] > git ls-files --stage -- /home/ansible/git-repos/diveintoansible/Ansible Playbooks, Deep Dive/Playbook Modules/02/set_fact_playbook-mein.yaml [9ms]
2023-09-20 15:31:00.942 [info] > git cat-file -s 2f2a821806a5da7f1ec49936738bcb8bbac65fc7 [6ms]
2023-09-20 15:31:03.630 [info] > git show --textconv :Ansible Playbooks, Deep Dive/Playbook Modules/02/set_fact_playbook.yaml [13ms]
2023-09-20 15:31:03.637 [info] > git ls-files --stage -- /home/ansible/git-repos/diveintoansible/Ansible Playbooks, Deep Dive/Playbook Modules/02/set_fact_playbook.yaml [9ms]
2023-09-20 15:31:03.650 [info] > git cat-file -s d42847bb5b8c1c3358a5607c2dfc362c3fbf22ad [4ms]
2023-09-20 15:32:37.714 [info] > git config --get commit.template [16ms]
2023-09-20 15:32:37.741 [info] > git for-each-ref --format=%(refname)%00%(upstream:short)%00%(objectname)%00%(upstream:track)%00%(upstream:remotename)%00%(upstream:remoteref) refs/heads/master refs/remotes/master [11ms]
2023-09-20 15:32:37.790 [info] > git status -z -uall [39ms]
2023-09-20 15:34:38.552 [info] > git config --get commit.template [16ms]
2023-09-20 15:34:38.581 [info] > git for-each-ref --format=%(refname)%00%(upstream:short)%00%(objectname)%00%(upstream:track)%00%(upstream:remotename)%00%(upstream:remoteref) refs/heads/master refs/remotes/master [15ms]
2023-09-20 15:34:38.792 [info] > git status -z -uall [195ms]
2023-09-20 15:36:57.319 [info] > git check-ignore -v -z --stdin [6ms]
2023-09-20 15:36:59.812 [info] > git check-ignore -v -z --stdin [6ms]
2023-09-20 15:37:00.821 [info] > git check-ignore -v -z --stdin [7ms]
2023-09-20 15:37:06.034 [info] > git show --textconv :Structuring Ansible Playbooks/Using Include and Import/03/test.yaml [15ms]
2023-09-20 15:37:06.040 [info] > git ls-files --stage -- /home/ansible/git-repos/diveintoansible/Structuring Ansible Playbooks/Using Include and Import/03/test.yaml [8ms]
2023-09-20 15:37:06.057 [info] > git cat-file -s 26d3fb8be028efc96a8f1273f6e36e9442f07d8a [5ms]
2023-09-20 15:37:37.747 [info] > git show --textconv :Ansible Playbooks, Deep Dive/Playbook Modules/02/test.yaml [15ms]
2023-09-20 15:37:37.756 [info] > git ls-files --stage -- /home/ansible/git-repos/diveintoansible/Ansible Playbooks, Deep Dive/Playbook Modules/02/test.yaml [11ms]
2023-09-20 15:37:37.996 [info] > git check-ignore -v -z --stdin [6ms]
2023-09-20 15:37:38.597 [info] > git config --get commit.template [15ms]
2023-09-20 15:37:38.602 [info] > git for-each-ref --format=%(refname)%00%(upstream:short)%00%(objectname)%00%(upstream:track)%00%(upstream:remotename)%00%(upstream:remoteref) refs/heads/master refs/remotes/master [6ms]
2023-09-20 15:37:38.645 [info] > git status -z -uall [33ms]
2023-09-20 15:57:29.247 [info] > git config --get commit.template [15ms]
2023-09-20 15:57:29.252 [info] > git for-each-ref --format=%(refname)%00%(upstream:short)%00%(objectname)%00%(upstream:track)%00%(upstream:remotename)%00%(upstream:remoteref) refs/heads/master refs/remotes/master [6ms]
2023-09-20 15:57:29.296 [info] > git status -z -uall [33ms]
2023-09-20 15:58:02.788 [info] > git config --get commit.template [24ms]
2023-09-20 15:58:02.795 [info] > git for-each-ref --format=%(refname)%00%(upstream:short)%00%(objectname)%00%(upstream:track)%00%(upstream:remotename)%00%(upstream:remoteref) refs/heads/master refs/remotes/master [10ms]
2023-09-20 15:58:02.838 [info] > git status -z -uall [33ms]
2023-09-20 15:59:13.641 [info] > git config --get commit.template [32ms]
2023-09-20 15:59:13.652 [info] > git for-each-ref --format=%(refname)%00%(upstream:short)%00%(objectname)%00%(upstream:track)%00%(upstream:remotename)%00%(upstream:remoteref) refs/heads/master refs/remotes/master [20ms]
2023-09-20 15:59:13.703 [info] > git status -z -uall [39ms]
2023-09-20 16:00:38.215 [info] > git config --get commit.template [15ms]
2023-09-20 16:00:38.220 [info] > git for-each-ref --format=%(refname)%00%(upstream:short)%00%(objectname)%00%(upstream:track)%00%(upstream:remotename)%00%(upstream:remoteref) refs/heads/master refs/remotes/master [7ms]
2023-09-20 16:00:38.264 [info] > git status -z -uall [34ms]
2023-09-20 16:04:12.495 [info] > git show --textconv :Structuring Ansible Playbooks/Using Include and Import/03/include_import_tasks_playbook.yaml [16ms]
2023-09-20 16:04:12.504 [info] > git ls-files --stage -- /home/ansible/git-repos/diveintoansible/Structuring Ansible Playbooks/Using Include and Import/03/include_import_tasks_playbook.yaml [10ms]
2023-09-20 16:04:12.519 [info] > git cat-file -s 855a4c67ac7d6123f603325d9ca65f0afd237e70 [5ms]
2023-09-20 16:04:23.898 [info] > git show --textconv :Structuring Ansible Playbooks/Using Include and Import/03/include_tasks.yaml [16ms]
2023-09-20 16:04:23.909 [info] > git ls-files --stage -- /home/ansible/git-repos/diveintoansible/Structuring Ansible Playbooks/Using Include and Import/03/include_tasks.yaml [13ms]
2023-09-20 16:04:23.923 [info] > git cat-file -s bd297524c0745c6148277bd08c880a56644cb50e [3ms]
2023-09-20 16:09:56.086 [info] > git rev-parse --show-toplevel [9ms]
2023-09-20 16:09:56.087 [info] fatal: not a git repository (or any parent up to mount point /home)
Stopping at filesystem boundary (GIT_DISCOVERY_ACROSS_FILESYSTEM not set).
2023-09-20 16:10:02.849 [info] > git add -A -- . [55ms]
2023-09-20 16:10:03.029 [info] > git -c user.useConfigOnly=true commit --quiet --allow-empty-message --file - [169ms]
2023-09-20 16:10:03.077 [info] > git config --get commit.template [20ms]
2023-09-20 16:10:03.110 [info] > git config --get commit.template [14ms]
2023-09-20 16:10:03.116 [info] > git for-each-ref --format=%(refname)%00%(upstream:short)%00%(objectname)%00%(upstream:track)%00%(upstream:remotename)%00%(upstream:remoteref) refs/heads/master refs/remotes/master [7ms]
2023-09-20 16:10:03.160 [info] > git status -z -uall [34ms]
2023-09-20 16:10:03.242 [info] > git config --get commit.template [21ms]
2023-09-20 16:10:03.243 [info] > git for-each-ref --format=%(refname)%00%(upstream:short)%00%(objectname)%00%(upstream:track)%00%(upstream:remotename)%00%(upstream:remoteref) refs/heads/master refs/remotes/master [9ms]
2023-09-20 16:10:03.295 [info] > git status -z -uall [42ms]
2023-09-20 16:10:04.212 [info] > git ls-files --stage -- /home/ansible/git-repos/diveintoansible/Structuring Ansible Playbooks/Using Include and Import/03/include_import_tasks_playbook.yaml [16ms]
2023-09-20 16:10:04.226 [info] > git ls-files --stage -- /home/ansible/git-repos/diveintoansible/Structuring Ansible Playbooks/Using Include and Import/03/include_tasks.yaml [16ms]
2023-09-20 16:10:04.240 [info] > git cat-file -s 855a4c67ac7d6123f603325d9ca65f0afd237e70 [16ms]
2023-09-20 16:10:04.246 [info] > git cat-file -s bd297524c0745c6148277bd08c880a56644cb50e [6ms]
2023-09-20 16:10:04.278 [info] > git show --textconv :Structuring Ansible Playbooks/Using Include and Import/03/include_import_tasks_playbook.yaml [18ms]
2023-09-20 16:10:04.286 [info] > git show --textconv :Structuring Ansible Playbooks/Using Include and Import/03/include_tasks.yaml [10ms]
