2023-09-17 12:16:49.134 [info] Protokolliergrad: Info
2023-09-17 12:16:49.134 [info] Gefundenes Git wird überprüft in: "git"
2023-09-17 12:16:49.134 [info] Git "2.34.1" von "git" verwenden
2023-09-17 12:16:49.134 [info] > git rev-parse --show-toplevel [135ms]
2023-09-17 12:16:49.134 [info] fatal: not a git repository (or any parent up to mount point /home)
Stopping at filesystem boundary (GIT_DISCOVERY_ACROSS_FILESYSTEM not set).
2023-09-17 12:16:49.134 [info] > git rev-parse --show-toplevel [59ms]
2023-09-17 12:16:49.134 [info] > git rev-parse --git-dir --git-common-dir [55ms]
2023-09-17 12:16:49.134 [info] Open repository: /home/ansible/git-repos/diveintoansible
2023-09-17 12:16:49.193 [info] > git config --get commit.template [64ms]
2023-09-17 12:16:49.220 [info] > git rev-parse --show-toplevel [57ms]
2023-09-17 12:16:50.123 [info] > git for-each-ref --format=%(refname)%00%(upstream:short)%00%(objectname)%00%(upstream:track)%00%(upstream:remotename)%00%(upstream:remoteref) refs/heads/master refs/remotes/master [905ms]
2023-09-17 12:16:50.312 [info] > git check-ignore -v -z --stdin [417ms]
2023-09-17 12:16:50.315 [info] > git status -z -uall [146ms]
2023-09-17 12:16:50.345 [info] > git rev-parse --show-toplevel [34ms]
2023-09-17 12:16:50.345 [info] fatal: not a git repository (or any parent up to mount point /home)
Stopping at filesystem boundary (GIT_DISCOVERY_ACROSS_FILESYSTEM not set).
2023-09-17 12:16:50.557 [info] > git config --get commit.template [108ms]
2023-09-17 12:16:50.647 [info] > git for-each-ref --format=%(refname)%00%(upstream:short)%00%(objectname)%00%(upstream:track)%00%(upstream:remotename)%00%(upstream:remoteref) refs/heads/master refs/remotes/master [27ms]
2023-09-17 12:16:50.989 [info] > git status -z -uall [303ms]
2023-09-17 12:16:51.818 [info] > git check-ignore -v -z --stdin [39ms]
2023-09-17 12:16:52.373 [info] > git show --textconv :Ansible Playbooks, Deep Dive/Looping/21/until_playbook.yaml [133ms]
2023-09-17 12:16:52.374 [info] > git show --textconv :Ansible Playbooks, Deep Dive/Asynchronous, Serial, Parallel/02/slow_playbook.yaml [90ms]
2023-09-17 12:16:52.378 [info] > git ls-files --stage -- /home/ansible/git-repos/diveintoansible/Ansible Playbooks, Deep Dive/Looping/21/until_playbook.yaml [56ms]
2023-09-17 12:16:52.425 [info] > git ls-files --stage -- /home/ansible/git-repos/diveintoansible/Ansible Playbooks, Deep Dive/Asynchronous, Serial, Parallel/02/slow_playbook.yaml [66ms]
2023-09-17 12:16:52.451 [info] > git cat-file -s d4f032b9e751ad0dc6b7b956d2ba9c6c7578c798 [35ms]
2023-09-17 12:16:52.464 [info] > git cat-file -s 16732de5c9ec1f799222056e7cff3075203c0a5b [15ms]
2023-09-17 12:16:53.195 [info] > git check-ignore -v -z --stdin [159ms]
2023-09-17 12:16:54.758 [info] > git config --local branch.master.github-pr-owner-number [163ms]
2023-09-17 12:16:54.805 [info] > git config --get commit.template [30ms]
2023-09-17 12:16:54.831 [info] > git for-each-ref --format=%(refname)%00%(upstream:short)%00%(objectname)%00%(upstream:track)%00%(upstream:remotename)%00%(upstream:remoteref) refs/heads/master refs/remotes/master [34ms]
2023-09-17 12:16:54.883 [info] > git status -z -uall [37ms]
2023-09-17 12:17:37.345 [info] > git rev-parse --show-toplevel [9ms]
2023-09-17 12:17:37.348 [info] fatal: not a git repository (or any parent up to mount point /home)
Stopping at filesystem boundary (GIT_DISCOVERY_ACROSS_FILESYSTEM not set).
2023-09-17 12:17:56.749 [info] > git rev-parse --show-toplevel [20ms]
2023-09-17 12:17:56.749 [info] fatal: not a git repository (or any parent up to mount point /home)
Stopping at filesystem boundary (GIT_DISCOVERY_ACROSS_FILESYSTEM not set).
2023-09-17 12:21:54.125 [info] > git config --local branch.master.github-pr-owner-number [10ms]
2023-09-17 12:21:54.158 [info] > git config --get commit.template [18ms]
2023-09-17 12:21:54.163 [info] > git for-each-ref --format=%(refname)%00%(upstream:short)%00%(objectname)%00%(upstream:track)%00%(upstream:remotename)%00%(upstream:remoteref) refs/heads/master refs/remotes/master [6ms]
2023-09-17 12:21:54.254 [info] > git status -z -uall [79ms]
2023-09-17 12:26:54.277 [info] > git config --local branch.master.github-pr-owner-number [4ms]
2023-09-17 12:26:54.307 [info] > git config --get commit.template [16ms]
2023-09-17 12:26:54.311 [info] > git for-each-ref --format=%(refname)%00%(upstream:short)%00%(objectname)%00%(upstream:track)%00%(upstream:remotename)%00%(upstream:remoteref) refs/heads/master refs/remotes/master [6ms]
2023-09-17 12:26:54.361 [info] > git status -z -uall [33ms]
2023-09-17 12:31:54.384 [info] > git config --local branch.master.github-pr-owner-number [3ms]
2023-09-17 12:31:54.413 [info] > git config --get commit.template [16ms]
2023-09-17 12:31:54.417 [info] > git for-each-ref --format=%(refname)%00%(upstream:short)%00%(objectname)%00%(upstream:track)%00%(upstream:remotename)%00%(upstream:remoteref) refs/heads/master refs/remotes/master [6ms]
2023-09-17 12:31:54.463 [info] > git status -z -uall [34ms]
2023-09-17 12:36:54.485 [info] > git config --local branch.master.github-pr-owner-number [4ms]
2023-09-17 12:36:54.514 [info] > git config --get commit.template [16ms]
2023-09-17 12:36:54.519 [info] > git for-each-ref --format=%(refname)%00%(upstream:short)%00%(objectname)%00%(upstream:track)%00%(upstream:remotename)%00%(upstream:remoteref) refs/heads/master refs/remotes/master [5ms]
2023-09-17 12:36:54.564 [info] > git status -z -uall [33ms]
2023-09-17 12:41:54.587 [info] > git config --local branch.master.github-pr-owner-number [4ms]
2023-09-17 12:41:54.616 [info] > git config --get commit.template [16ms]
2023-09-17 12:41:54.621 [info] > git for-each-ref --format=%(refname)%00%(upstream:short)%00%(objectname)%00%(upstream:track)%00%(upstream:remotename)%00%(upstream:remoteref) refs/heads/master refs/remotes/master [5ms]
2023-09-17 12:41:54.666 [info] > git status -z -uall [33ms]
2023-09-17 12:46:54.687 [info] > git config --local branch.master.github-pr-owner-number [4ms]
2023-09-17 12:46:54.717 [info] > git config --get commit.template [15ms]
2023-09-17 12:46:54.721 [info] > git for-each-ref --format=%(refname)%00%(upstream:short)%00%(objectname)%00%(upstream:track)%00%(upstream:remotename)%00%(upstream:remoteref) refs/heads/master refs/remotes/master [6ms]
2023-09-17 12:46:54.767 [info] > git status -z -uall [33ms]
2023-09-17 12:51:54.788 [info] > git config --local branch.master.github-pr-owner-number [4ms]
2023-09-17 12:51:54.818 [info] > git config --get commit.template [16ms]
2023-09-17 12:51:54.823 [info] > git for-each-ref --format=%(refname)%00%(upstream:short)%00%(objectname)%00%(upstream:track)%00%(upstream:remotename)%00%(upstream:remoteref) refs/heads/master refs/remotes/master [6ms]
2023-09-17 12:51:54.868 [info] > git status -z -uall [33ms]
2023-09-17 12:56:54.893 [info] > git config --local branch.master.github-pr-owner-number [4ms]
2023-09-17 12:56:54.922 [info] > git config --get commit.template [16ms]
2023-09-17 12:56:54.927 [info] > git for-each-ref --format=%(refname)%00%(upstream:short)%00%(objectname)%00%(upstream:track)%00%(upstream:remotename)%00%(upstream:remoteref) refs/heads/master refs/remotes/master [5ms]
2023-09-17 12:56:54.973 [info] > git status -z -uall [34ms]
2023-09-17 13:01:54.996 [info] > git config --local branch.master.github-pr-owner-number [5ms]
2023-09-17 13:01:55.026 [info] > git config --get commit.template [17ms]
2023-09-17 13:01:55.030 [info] > git for-each-ref --format=%(refname)%00%(upstream:short)%00%(objectname)%00%(upstream:track)%00%(upstream:remotename)%00%(upstream:remoteref) refs/heads/master refs/remotes/master [6ms]
2023-09-17 13:01:55.076 [info] > git status -z -uall [33ms]
2023-09-17 13:06:55.097 [info] > git config --local branch.master.github-pr-owner-number [4ms]
2023-09-17 13:06:55.126 [info] > git config --get commit.template [16ms]
2023-09-17 13:06:55.131 [info] > git for-each-ref --format=%(refname)%00%(upstream:short)%00%(objectname)%00%(upstream:track)%00%(upstream:remotename)%00%(upstream:remoteref) refs/heads/master refs/remotes/master [6ms]
2023-09-17 13:06:55.176 [info] > git status -z -uall [33ms]
2023-09-17 13:11:55.198 [info] > git config --local branch.master.github-pr-owner-number [4ms]
2023-09-17 13:11:55.227 [info] > git config --get commit.template [16ms]
2023-09-17 13:11:55.238 [info] > git for-each-ref --format=%(refname)%00%(upstream:short)%00%(objectname)%00%(upstream:track)%00%(upstream:remotename)%00%(upstream:remoteref) refs/heads/master refs/remotes/master [11ms]
2023-09-17 13:11:55.284 [info] > git status -z -uall [34ms]
2023-09-17 13:16:55.306 [info] > git config --local branch.master.github-pr-owner-number [4ms]
2023-09-17 13:16:55.336 [info] > git config --get commit.template [16ms]
2023-09-17 13:16:55.340 [info] > git for-each-ref --format=%(refname)%00%(upstream:short)%00%(objectname)%00%(upstream:track)%00%(upstream:remotename)%00%(upstream:remoteref) refs/heads/master refs/remotes/master [6ms]
2023-09-17 13:16:55.385 [info] > git status -z -uall [33ms]
2023-09-17 13:21:55.407 [info] > git config --local branch.master.github-pr-owner-number [4ms]
2023-09-17 13:21:55.436 [info] > git config --get commit.template [16ms]
2023-09-17 13:21:55.441 [info] > git for-each-ref --format=%(refname)%00%(upstream:short)%00%(objectname)%00%(upstream:track)%00%(upstream:remotename)%00%(upstream:remoteref) refs/heads/master refs/remotes/master [5ms]
2023-09-17 13:21:55.485 [info] > git status -z -uall [32ms]
2023-09-17 13:26:55.513 [info] > git config --local branch.master.github-pr-owner-number [3ms]
2023-09-17 13:26:55.542 [info] > git config --get commit.template [15ms]
2023-09-17 13:26:55.547 [info] > git for-each-ref --format=%(refname)%00%(upstream:short)%00%(objectname)%00%(upstream:track)%00%(upstream:remotename)%00%(upstream:remoteref) refs/heads/master refs/remotes/master [5ms]
2023-09-17 13:26:55.592 [info] > git status -z -uall [33ms]
2023-09-17 13:31:55.614 [info] > git config --local branch.master.github-pr-owner-number [4ms]
2023-09-17 13:31:55.643 [info] > git config --get commit.template [16ms]
2023-09-17 13:31:55.648 [info] > git for-each-ref --format=%(refname)%00%(upstream:short)%00%(objectname)%00%(upstream:track)%00%(upstream:remotename)%00%(upstream:remoteref) refs/heads/master refs/remotes/master [5ms]
2023-09-17 13:31:55.693 [info] > git status -z -uall [33ms]
2023-09-17 13:36:55.715 [info] > git config --local branch.master.github-pr-owner-number [4ms]
2023-09-17 13:36:55.744 [info] > git config --get commit.template [16ms]
2023-09-17 13:36:55.748 [info] > git for-each-ref --format=%(refname)%00%(upstream:short)%00%(objectname)%00%(upstream:track)%00%(upstream:remotename)%00%(upstream:remoteref) refs/heads/master refs/remotes/master [5ms]
2023-09-17 13:36:55.795 [info] > git status -z -uall [35ms]
2023-09-17 13:41:55.822 [info] > git config --local branch.master.github-pr-owner-number [3ms]
2023-09-17 13:41:55.852 [info] > git config --get commit.template [17ms]
2023-09-17 13:41:55.856 [info] > git for-each-ref --format=%(refname)%00%(upstream:short)%00%(objectname)%00%(upstream:track)%00%(upstream:remotename)%00%(upstream:remoteref) refs/heads/master refs/remotes/master [7ms]
2023-09-17 13:41:55.902 [info] > git status -z -uall [33ms]
2023-09-17 13:46:55.943 [info] > git config --local branch.master.github-pr-owner-number [20ms]
2023-09-17 13:46:55.973 [info] > git config --get commit.template [16ms]
2023-09-17 13:46:55.985 [info] > git for-each-ref --format=%(refname)%00%(upstream:short)%00%(objectname)%00%(upstream:track)%00%(upstream:remotename)%00%(upstream:remoteref) refs/heads/master refs/remotes/master [13ms]
2023-09-17 13:46:56.034 [info] > git status -z -uall [36ms]
2023-09-17 13:51:56.055 [info] > git config --local branch.master.github-pr-owner-number [4ms]
2023-09-17 13:51:56.084 [info] > git config --get commit.template [16ms]
2023-09-17 13:51:56.088 [info] > git for-each-ref --format=%(refname)%00%(upstream:short)%00%(objectname)%00%(upstream:track)%00%(upstream:remotename)%00%(upstream:remoteref) refs/heads/master refs/remotes/master [5ms]
2023-09-17 13:51:56.133 [info] > git status -z -uall [33ms]
2023-09-17 13:56:56.161 [info] > git config --local branch.master.github-pr-owner-number [11ms]
2023-09-17 13:56:56.192 [info] > git config --get commit.template [17ms]
2023-09-17 13:56:56.196 [info] > git for-each-ref --format=%(refname)%00%(upstream:short)%00%(objectname)%00%(upstream:track)%00%(upstream:remotename)%00%(upstream:remoteref) refs/heads/master refs/remotes/master [7ms]
2023-09-17 13:56:56.241 [info] > git status -z -uall [33ms]
2023-09-17 14:01:56.263 [info] > git config --local branch.master.github-pr-owner-number [3ms]
2023-09-17 14:01:56.292 [info] > git config --get commit.template [16ms]
2023-09-17 14:01:56.296 [info] > git for-each-ref --format=%(refname)%00%(upstream:short)%00%(objectname)%00%(upstream:track)%00%(upstream:remotename)%00%(upstream:remoteref) refs/heads/master refs/remotes/master [6ms]
2023-09-17 14:01:56.342 [info] > git status -z -uall [32ms]
2023-09-17 14:06:56.363 [info] > git config --local branch.master.github-pr-owner-number [3ms]
2023-09-17 14:06:56.392 [info] > git config --get commit.template [16ms]
2023-09-17 14:06:56.396 [info] > git for-each-ref --format=%(refname)%00%(upstream:short)%00%(objectname)%00%(upstream:track)%00%(upstream:remotename)%00%(upstream:remoteref) refs/heads/master refs/remotes/master [6ms]
2023-09-17 14:06:56.441 [info] > git status -z -uall [33ms]
2023-09-17 14:11:56.462 [info] > git config --local branch.master.github-pr-owner-number [3ms]
2023-09-17 14:11:56.492 [info] > git config --get commit.template [15ms]
2023-09-17 14:11:56.496 [info] > git for-each-ref --format=%(refname)%00%(upstream:short)%00%(objectname)%00%(upstream:track)%00%(upstream:remotename)%00%(upstream:remoteref) refs/heads/master refs/remotes/master [6ms]
2023-09-17 14:11:56.541 [info] > git status -z -uall [33ms]
2023-09-17 14:16:56.563 [info] > git config --local branch.master.github-pr-owner-number [3ms]
2023-09-17 14:16:56.611 [info] > git config --get commit.template [35ms]
2023-09-17 14:16:56.619 [info] > git for-each-ref --format=%(refname)%00%(upstream:short)%00%(objectname)%00%(upstream:track)%00%(upstream:remotename)%00%(upstream:remoteref) refs/heads/master refs/remotes/master [9ms]
2023-09-17 14:16:56.665 [info] > git status -z -uall [33ms]
2023-09-17 14:21:56.688 [info] > git config --local branch.master.github-pr-owner-number [4ms]
2023-09-17 14:21:56.718 [info] > git config --get commit.template [17ms]
2023-09-17 14:21:56.723 [info] > git for-each-ref --format=%(refname)%00%(upstream:short)%00%(objectname)%00%(upstream:track)%00%(upstream:remotename)%00%(upstream:remoteref) refs/heads/master refs/remotes/master [5ms]
2023-09-17 14:21:56.769 [info] > git status -z -uall [34ms]
2023-09-17 14:26:56.793 [info] > git config --local branch.master.github-pr-owner-number [5ms]
2023-09-17 14:26:56.822 [info] > git config --get commit.template [16ms]
2023-09-17 14:26:56.838 [info] > git for-each-ref --format=%(refname)%00%(upstream:short)%00%(objectname)%00%(upstream:track)%00%(upstream:remotename)%00%(upstream:remoteref) refs/heads/master refs/remotes/master [5ms]
2023-09-17 14:26:56.883 [info] > git status -z -uall [33ms]
2023-09-17 14:31:56.905 [info] > git config --local branch.master.github-pr-owner-number [3ms]
2023-09-17 14:31:56.934 [info] > git config --get commit.template [16ms]
2023-09-17 14:31:56.938 [info] > git for-each-ref --format=%(refname)%00%(upstream:short)%00%(objectname)%00%(upstream:track)%00%(upstream:remotename)%00%(upstream:remoteref) refs/heads/master refs/remotes/master [5ms]
2023-09-17 14:31:56.984 [info] > git status -z -uall [32ms]
2023-09-17 14:36:57.007 [info] > git config --local branch.master.github-pr-owner-number [4ms]
2023-09-17 14:36:57.036 [info] > git config --get commit.template [16ms]
2023-09-17 14:36:57.040 [info] > git for-each-ref --format=%(refname)%00%(upstream:short)%00%(objectname)%00%(upstream:track)%00%(upstream:remotename)%00%(upstream:remoteref) refs/heads/master refs/remotes/master [6ms]
2023-09-17 14:36:57.085 [info] > git status -z -uall [33ms]
2023-09-17 14:41:57.110 [info] > git config --local branch.master.github-pr-owner-number [4ms]
2023-09-17 14:41:57.140 [info] > git config --get commit.template [15ms]
2023-09-17 14:41:57.145 [info] > git for-each-ref --format=%(refname)%00%(upstream:short)%00%(objectname)%00%(upstream:track)%00%(upstream:remotename)%00%(upstream:remoteref) refs/heads/master refs/remotes/master [5ms]
2023-09-17 14:41:57.190 [info] > git status -z -uall [33ms]
2023-09-17 14:46:57.214 [info] > git config --local branch.master.github-pr-owner-number [5ms]
2023-09-17 14:46:57.243 [info] > git config --get commit.template [15ms]
2023-09-17 14:46:57.247 [info] > git for-each-ref --format=%(refname)%00%(upstream:short)%00%(objectname)%00%(upstream:track)%00%(upstream:remotename)%00%(upstream:remoteref) refs/heads/master refs/remotes/master [6ms]
2023-09-17 14:46:57.292 [info] > git status -z -uall [33ms]
2023-09-17 14:51:57.322 [info] > git config --local branch.master.github-pr-owner-number [4ms]
2023-09-17 14:51:57.353 [info] > git config --get commit.template [17ms]
2023-09-17 14:51:57.357 [info] > git for-each-ref --format=%(refname)%00%(upstream:short)%00%(objectname)%00%(upstream:track)%00%(upstream:remotename)%00%(upstream:remoteref) refs/heads/master refs/remotes/master [6ms]
2023-09-17 14:51:57.402 [info] > git status -z -uall [33ms]
2023-09-17 14:56:57.429 [info] > git config --local branch.master.github-pr-owner-number [10ms]
2023-09-17 14:56:57.461 [info] > git config --get commit.template [16ms]
2023-09-17 14:56:57.465 [info] > git for-each-ref --format=%(refname)%00%(upstream:short)%00%(objectname)%00%(upstream:track)%00%(upstream:remotename)%00%(upstream:remoteref) refs/heads/master refs/remotes/master [5ms]
2023-09-17 14:56:57.510 [info] > git status -z -uall [33ms]
2023-09-17 15:01:57.531 [info] > git config --local branch.master.github-pr-owner-number [4ms]
2023-09-17 15:01:57.561 [info] > git config --get commit.template [17ms]
2023-09-17 15:01:57.566 [info] > git for-each-ref --format=%(refname)%00%(upstream:short)%00%(objectname)%00%(upstream:track)%00%(upstream:remotename)%00%(upstream:remoteref) refs/heads/master refs/remotes/master [5ms]
2023-09-17 15:01:57.611 [info] > git status -z -uall [33ms]
2023-09-17 15:06:57.637 [info] > git config --local branch.master.github-pr-owner-number [4ms]
2023-09-17 15:06:57.667 [info] > git config --get commit.template [16ms]
2023-09-17 15:06:57.671 [info] > git for-each-ref --format=%(refname)%00%(upstream:short)%00%(objectname)%00%(upstream:track)%00%(upstream:remotename)%00%(upstream:remoteref) refs/heads/master refs/remotes/master [5ms]
2023-09-17 15:06:57.717 [info] > git status -z -uall [33ms]
2023-09-17 15:11:57.738 [info] > git config --local branch.master.github-pr-owner-number [3ms]
2023-09-17 15:11:57.768 [info] > git config --get commit.template [15ms]
2023-09-17 15:11:57.772 [info] > git for-each-ref --format=%(refname)%00%(upstream:short)%00%(objectname)%00%(upstream:track)%00%(upstream:remotename)%00%(upstream:remoteref) refs/heads/master refs/remotes/master [6ms]
2023-09-17 15:11:57.817 [info] > git status -z -uall [33ms]
2023-09-17 15:16:57.838 [info] > git config --local branch.master.github-pr-owner-number [3ms]
2023-09-17 15:16:57.867 [info] > git config --get commit.template [16ms]
2023-09-17 15:16:57.872 [info] > git for-each-ref --format=%(refname)%00%(upstream:short)%00%(objectname)%00%(upstream:track)%00%(upstream:remotename)%00%(upstream:remoteref) refs/heads/master refs/remotes/master [5ms]
2023-09-17 15:16:57.916 [info] > git status -z -uall [32ms]
