2023-09-15 12:30:50.268 [info] Protokolliergrad: Info
2023-09-15 12:30:50.268 [info] Gefundenes Git wird überprüft in: "git"
2023-09-15 12:30:50.268 [info] Git "2.34.1" von "git" verwenden
2023-09-15 12:30:50.268 [info] > git rev-parse --show-toplevel [47ms]
2023-09-15 12:30:50.268 [info] fatal: not a git repository (or any parent up to mount point /home)
Stopping at filesystem boundary (GIT_DISCOVERY_ACROSS_FILESYSTEM not set).
2023-09-15 12:30:50.268 [info] > git rev-parse --show-toplevel [1234ms]
2023-09-15 12:30:50.268 [info] > git rev-parse --git-dir --git-common-dir [31ms]
2023-09-15 12:30:50.268 [info] Open repository: /home/ansible/git-repos/diveintoansible
2023-09-15 12:30:50.268 [info] > git config --get commit.template [52ms]
2023-09-15 12:30:50.268 [info] > git rev-parse --show-toplevel [53ms]
2023-09-15 12:30:50.268 [info] > git for-each-ref --format=%(refname)%00%(upstream:short)%00%(objectname)%00%(upstream:track)%00%(upstream:remotename)%00%(upstream:remoteref) refs/heads/master refs/remotes/master [73ms]
2023-09-15 12:30:50.268 [info] > git rev-parse --show-toplevel [40ms]
2023-09-15 12:30:50.268 [info] fatal: not a git repository (or any parent up to mount point /home)
Stopping at filesystem boundary (GIT_DISCOVERY_ACROSS_FILESYSTEM not set).
2023-09-15 12:30:50.268 [info] > git status -z -uall [206ms]
2023-09-15 12:30:50.268 [info] > git config --get commit.template [78ms]
2023-09-15 12:30:50.268 [info] > git rev-parse --show-toplevel [108ms]
2023-09-15 12:30:50.268 [info] fatal: not a git repository (or any parent up to mount point /home)
Stopping at filesystem boundary (GIT_DISCOVERY_ACROSS_FILESYSTEM not set).
2023-09-15 12:30:50.268 [info] > git for-each-ref --format=%(refname)%00%(upstream:short)%00%(objectname)%00%(upstream:track)%00%(upstream:remotename)%00%(upstream:remoteref) refs/heads/master refs/remotes/master [108ms]
2023-09-15 12:30:50.268 [info] > git rev-parse --show-toplevel [44ms]
2023-09-15 12:30:50.268 [info] fatal: not a git repository (or any parent up to mount point /home)
Stopping at filesystem boundary (GIT_DISCOVERY_ACROSS_FILESYSTEM not set).
2023-09-15 12:30:50.268 [info] > git status -z -uall [168ms]
2023-09-15 12:30:50.268 [info] > git rev-parse --show-toplevel [31ms]
2023-09-15 12:30:50.268 [info] fatal: not a git repository (or any parent up to mount point /home)
Stopping at filesystem boundary (GIT_DISCOVERY_ACROSS_FILESYSTEM not set).
2023-09-15 12:30:50.953 [info] > git check-ignore -v -z --stdin [100ms]
2023-09-15 12:30:52.040 [info] > git check-ignore -v -z --stdin [74ms]
2023-09-15 12:30:52.193 [info] > git show --textconv :Ansible Playbooks, Deep Dive/Looping/12/user_directories-mein.yaml [47ms]
2023-09-15 12:30:52.193 [info] > git show --textconv :Ansible Playbooks, Deep Dive/Looping/12/user_directories.yaml [32ms]
2023-09-15 12:30:52.203 [info] > git ls-files --stage -- /home/ansible/git-repos/diveintoansible/Ansible Playbooks, Deep Dive/Looping/12/user_directories-mein.yaml [27ms]
2023-09-15 12:30:52.221 [info] > git ls-files --stage -- /home/ansible/git-repos/diveintoansible/Ansible Playbooks, Deep Dive/Looping/12/user_directories.yaml [28ms]
2023-09-15 12:30:52.252 [info] > git cat-file -s 6c8008ef22a5e42f3067b8751039e8b50b3dce13 [19ms]
2023-09-15 12:30:53.545 [info] > git config --local branch.master.github-pr-owner-number [160ms]
2023-09-15 12:30:53.594 [info] > git for-each-ref --format=%(refname)%00%(upstream:short)%00%(objectname)%00%(upstream:track)%00%(upstream:remotename)%00%(upstream:remoteref) refs/heads/master refs/remotes/master [17ms]
2023-09-15 12:30:53.595 [info] > git config --get commit.template [36ms]
2023-09-15 12:30:53.664 [info] > git status -z -uall [55ms]
2023-09-15 12:35:52.931 [info] > git config --local branch.master.github-pr-owner-number [14ms]
2023-09-15 12:35:52.961 [info] > git config --get commit.template [16ms]
2023-09-15 12:35:52.968 [info] > git for-each-ref --format=%(refname)%00%(upstream:short)%00%(objectname)%00%(upstream:track)%00%(upstream:remotename)%00%(upstream:remoteref) refs/heads/master refs/remotes/master [10ms]
2023-09-15 12:35:53.172 [info] > git status -z -uall [192ms]
2023-09-15 12:40:53.198 [info] > git config --local branch.master.github-pr-owner-number [4ms]
2023-09-15 12:40:53.229 [info] > git config --get commit.template [18ms]
2023-09-15 12:40:53.234 [info] > git for-each-ref --format=%(refname)%00%(upstream:short)%00%(objectname)%00%(upstream:track)%00%(upstream:remotename)%00%(upstream:remoteref) refs/heads/master refs/remotes/master [6ms]
2023-09-15 12:40:53.280 [info] > git status -z -uall [33ms]
2023-09-15 12:45:53.304 [info] > git config --local branch.master.github-pr-owner-number [4ms]
2023-09-15 12:45:53.334 [info] > git config --get commit.template [17ms]
2023-09-15 12:45:53.339 [info] > git for-each-ref --format=%(refname)%00%(upstream:short)%00%(objectname)%00%(upstream:track)%00%(upstream:remotename)%00%(upstream:remoteref) refs/heads/master refs/remotes/master [6ms]
2023-09-15 12:45:53.384 [info] > git status -z -uall [33ms]
2023-09-15 12:50:53.406 [info] > git config --local branch.master.github-pr-owner-number [5ms]
2023-09-15 12:50:53.437 [info] > git config --get commit.template [16ms]
2023-09-15 12:50:53.441 [info] > git for-each-ref --format=%(refname)%00%(upstream:short)%00%(objectname)%00%(upstream:track)%00%(upstream:remotename)%00%(upstream:remoteref) refs/heads/master refs/remotes/master [6ms]
2023-09-15 12:50:53.487 [info] > git status -z -uall [33ms]
2023-09-15 12:55:53.511 [info] > git config --local branch.master.github-pr-owner-number [4ms]
2023-09-15 12:55:53.542 [info] > git config --get commit.template [17ms]
2023-09-15 12:55:53.546 [info] > git for-each-ref --format=%(refname)%00%(upstream:short)%00%(objectname)%00%(upstream:track)%00%(upstream:remotename)%00%(upstream:remoteref) refs/heads/master refs/remotes/master [6ms]
2023-09-15 12:55:53.592 [info] > git status -z -uall [34ms]
2023-09-15 13:00:53.615 [info] > git config --local branch.master.github-pr-owner-number [4ms]
2023-09-15 13:00:53.646 [info] > git config --get commit.template [17ms]
2023-09-15 13:00:53.652 [info] > git for-each-ref --format=%(refname)%00%(upstream:short)%00%(objectname)%00%(upstream:track)%00%(upstream:remotename)%00%(upstream:remoteref) refs/heads/master refs/remotes/master [8ms]
2023-09-15 13:00:53.710 [info] > git status -z -uall [42ms]
2023-09-15 13:05:53.733 [info] > git config --local branch.master.github-pr-owner-number [4ms]
2023-09-15 13:05:53.765 [info] > git config --get commit.template [16ms]
2023-09-15 13:05:53.772 [info] > git for-each-ref --format=%(refname)%00%(upstream:short)%00%(objectname)%00%(upstream:track)%00%(upstream:remotename)%00%(upstream:remoteref) refs/heads/master refs/remotes/master [9ms]
2023-09-15 13:05:53.819 [info] > git status -z -uall [33ms]
2023-09-15 13:08:55.757 [info] > git config --get commit.template [22ms]
2023-09-15 13:08:55.762 [info] > git for-each-ref --format=%(refname)%00%(upstream:short)%00%(objectname)%00%(upstream:track)%00%(upstream:remotename)%00%(upstream:remoteref) refs/heads/master refs/remotes/master [9ms]
2023-09-15 13:08:55.810 [info] > git status -z -uall [35ms]
2023-09-15 13:10:53.845 [info] > git config --local branch.master.github-pr-owner-number [4ms]
2023-09-15 13:10:53.875 [info] > git config --get commit.template [17ms]
2023-09-15 13:10:53.879 [info] > git for-each-ref --format=%(refname)%00%(upstream:short)%00%(objectname)%00%(upstream:track)%00%(upstream:remotename)%00%(upstream:remoteref) refs/heads/master refs/remotes/master [6ms]
2023-09-15 13:10:53.925 [info] > git status -z -uall [33ms]
2023-09-15 13:13:17.959 [info] > git check-ignore -v -z --stdin [6ms]
2023-09-15 13:13:19.294 [info] > git show --textconv :Ansible Playbooks, Deep Dive/Looping/11/user_playbook-mein.yaml [17ms]
2023-09-15 13:13:19.305 [info] > git ls-files --stage -- /home/ansible/git-repos/diveintoansible/Ansible Playbooks, Deep Dive/Looping/11/user_playbook-mein.yaml [12ms]
2023-09-15 13:13:31.556 [info] > git config --get commit.template [18ms]
2023-09-15 13:13:31.561 [info] > git for-each-ref --format=%(refname)%00%(upstream:short)%00%(objectname)%00%(upstream:track)%00%(upstream:remotename)%00%(upstream:remoteref) refs/heads/master refs/remotes/master [7ms]
2023-09-15 13:13:31.607 [info] > git status -z -uall [33ms]
2023-09-15 13:15:47.488 [info] > git config --get commit.template [25ms]
2023-09-15 13:15:47.506 [info] > git for-each-ref --format=%(refname)%00%(upstream:short)%00%(objectname)%00%(upstream:track)%00%(upstream:remotename)%00%(upstream:remoteref) refs/heads/master refs/remotes/master [20ms]
2023-09-15 13:15:48.069 [info] > git status -z -uall [550ms]
2023-09-15 13:15:54.097 [info] > git config --local branch.master.github-pr-owner-number [68ms]
2023-09-15 13:15:54.388 [info] > git config --get commit.template [155ms]
2023-09-15 13:15:54.436 [info] > git for-each-ref --format=%(refname)%00%(upstream:short)%00%(objectname)%00%(upstream:track)%00%(upstream:remotename)%00%(upstream:remoteref) refs/heads/master refs/remotes/master [64ms]
2023-09-15 13:15:54.948 [info] > git status -z -uall [289ms]
2023-09-15 13:18:22.424 [info] > git config --get commit.template [15ms]
2023-09-15 13:18:22.430 [info] > git for-each-ref --format=%(refname)%00%(upstream:short)%00%(objectname)%00%(upstream:track)%00%(upstream:remotename)%00%(upstream:remoteref) refs/heads/master refs/remotes/master [8ms]
2023-09-15 13:18:22.479 [info] > git status -z -uall [38ms]
2023-09-15 13:18:46.790 [info] > git config --get commit.template [3ms]
2023-09-15 13:18:46.810 [info] > git for-each-ref --format=%(refname)%00%(upstream:short)%00%(objectname)%00%(upstream:track)%00%(upstream:remotename)%00%(upstream:remoteref) refs/heads/master refs/remotes/master [7ms]
2023-09-15 13:18:46.857 [info] > git status -z -uall [36ms]
2023-09-15 13:18:53.040 [info] > git show --textconv :Ansible Playbooks, Deep Dive/Looping/11/user_playbook.yaml [17ms]
2023-09-15 13:18:53.051 [info] > git ls-files --stage -- /home/ansible/git-repos/diveintoansible/Ansible Playbooks, Deep Dive/Looping/11/user_playbook.yaml [11ms]
2023-09-15 13:18:53.074 [info] > git cat-file -s 96829461386fc20f6a81fd4797640b2db996efde [7ms]
2023-09-15 13:19:57.470 [info] > git config --get commit.template [16ms]
2023-09-15 13:19:57.475 [info] > git for-each-ref --format=%(refname)%00%(upstream:short)%00%(objectname)%00%(upstream:track)%00%(upstream:remotename)%00%(upstream:remoteref) refs/heads/master refs/remotes/master [6ms]
2023-09-15 13:19:57.519 [info] > git status -z -uall [33ms]
2023-09-15 13:20:55.163 [info] > git config --local branch.master.github-pr-owner-number [78ms]
2023-09-15 13:20:55.351 [info] > git config --get commit.template [108ms]
2023-09-15 13:20:55.397 [info] > git for-each-ref --format=%(refname)%00%(upstream:short)%00%(objectname)%00%(upstream:track)%00%(upstream:remotename)%00%(upstream:remoteref) refs/heads/master refs/remotes/master [48ms]
2023-09-15 13:20:56.656 [info] > git status -z -uall [1162ms]
2023-09-15 13:21:58.564 [info] > git config --get commit.template [16ms]
2023-09-15 13:21:58.569 [info] > git for-each-ref --format=%(refname)%00%(upstream:short)%00%(objectname)%00%(upstream:track)%00%(upstream:remotename)%00%(upstream:remoteref) refs/heads/master refs/remotes/master [7ms]
2023-09-15 13:21:58.613 [info] > git status -z -uall [33ms]
2023-09-15 13:25:56.813 [info] > git config --local branch.master.github-pr-owner-number [4ms]
2023-09-15 13:25:56.840 [info] > git config --get commit.template [14ms]
2023-09-15 13:25:56.860 [info] > git for-each-ref --format=%(refname)%00%(upstream:short)%00%(objectname)%00%(upstream:track)%00%(upstream:remotename)%00%(upstream:remoteref) refs/heads/master refs/remotes/master [22ms]
2023-09-15 13:25:57.147 [info] > git status -z -uall [274ms]
2023-09-15 13:30:14.824 [info] > git show --textconv :Ansible Playbooks, Deep Dive/Looping/12/user_directories.yaml [17ms]
2023-09-15 13:30:14.832 [info] > git ls-files --stage -- /home/ansible/git-repos/diveintoansible/Ansible Playbooks, Deep Dive/Looping/12/user_directories.yaml [8ms]
2023-09-15 13:30:14.864 [info] > git cat-file -s 6c8008ef22a5e42f3067b8751039e8b50b3dce13 [16ms]
2023-09-15 13:30:57.169 [info] > git config --local branch.master.github-pr-owner-number [4ms]
2023-09-15 13:30:57.200 [info] > git config --get commit.template [19ms]
2023-09-15 13:30:57.207 [info] > git for-each-ref --format=%(refname)%00%(upstream:short)%00%(objectname)%00%(upstream:track)%00%(upstream:remotename)%00%(upstream:remoteref) refs/heads/master refs/remotes/master [6ms]
2023-09-15 13:30:57.251 [info] > git status -z -uall [33ms]
2023-09-15 13:35:57.272 [info] > git config --local branch.master.github-pr-owner-number [6ms]
2023-09-15 13:35:57.299 [info] > git config --get commit.template [15ms]
2023-09-15 13:35:57.303 [info] > git for-each-ref --format=%(refname)%00%(upstream:short)%00%(objectname)%00%(upstream:track)%00%(upstream:remotename)%00%(upstream:remoteref) refs/heads/master refs/remotes/master [5ms]
2023-09-15 13:35:57.347 [info] > git status -z -uall [33ms]
2023-09-15 13:40:57.368 [info] > git config --local branch.master.github-pr-owner-number [4ms]
2023-09-15 13:40:57.396 [info] > git config --get commit.template [15ms]
2023-09-15 13:40:57.400 [info] > git for-each-ref --format=%(refname)%00%(upstream:short)%00%(objectname)%00%(upstream:track)%00%(upstream:remotename)%00%(upstream:remoteref) refs/heads/master refs/remotes/master [6ms]
2023-09-15 13:40:57.444 [info] > git status -z -uall [33ms]
2023-09-15 13:45:57.467 [info] > git config --local branch.master.github-pr-owner-number [6ms]
2023-09-15 13:45:57.494 [info] > git config --get commit.template [15ms]
2023-09-15 13:45:57.498 [info] > git for-each-ref --format=%(refname)%00%(upstream:short)%00%(objectname)%00%(upstream:track)%00%(upstream:remotename)%00%(upstream:remoteref) refs/heads/master refs/remotes/master [5ms]
2023-09-15 13:45:57.542 [info] > git status -z -uall [33ms]
2023-09-15 13:49:54.039 [info] > git config --get commit.template [15ms]
2023-09-15 13:49:54.043 [info] > git for-each-ref --format=%(refname)%00%(upstream:short)%00%(objectname)%00%(upstream:track)%00%(upstream:remotename)%00%(upstream:remoteref) refs/heads/master refs/remotes/master [6ms]
2023-09-15 13:49:54.087 [info] > git status -z -uall [33ms]
2023-09-15 13:50:03.684 [info] > git config --get commit.template [37ms]
2023-09-15 13:50:03.687 [info] > git for-each-ref --format=%(refname)%00%(upstream:short)%00%(objectname)%00%(upstream:track)%00%(upstream:remotename)%00%(upstream:remoteref) refs/heads/master refs/remotes/master [14ms]
2023-09-15 13:50:03.740 [info] > git status -z -uall [42ms]
2023-09-15 13:50:57.822 [info] > git config --local branch.master.github-pr-owner-number [111ms]
2023-09-15 13:50:58.088 [info] > git config --get commit.template [141ms]
2023-09-15 13:50:58.224 [info] > git for-each-ref --format=%(refname)%00%(upstream:short)%00%(objectname)%00%(upstream:track)%00%(upstream:remotename)%00%(upstream:remoteref) refs/heads/master refs/remotes/master [149ms]
2023-09-15 13:50:59.597 [info] > git status -z -uall [1240ms]
2023-09-15 13:51:15.425 [info] > git show --textconv :Ansible Playbooks, Deep Dive/Looping/11/user_playbook-mein.yaml [18ms]
2023-09-15 13:51:15.433 [info] > git ls-files --stage -- /home/ansible/git-repos/diveintoansible/Ansible Playbooks, Deep Dive/Looping/11/user_playbook-mein.yaml [11ms]
2023-09-15 13:51:24.816 [info] > git config --get commit.template [21ms]
2023-09-15 13:51:24.820 [info] > git for-each-ref --format=%(refname)%00%(upstream:short)%00%(objectname)%00%(upstream:track)%00%(upstream:remotename)%00%(upstream:remoteref) refs/heads/master refs/remotes/master [8ms]
2023-09-15 13:51:24.869 [info] > git status -z -uall [38ms]
2023-09-15 13:52:19.138 [info] > git show --textconv :Ansible Playbooks, Deep Dive/Looping/11/user_playbook.yaml [146ms]
2023-09-15 13:52:19.141 [info] > git ls-files --stage -- /home/ansible/git-repos/diveintoansible/Ansible Playbooks, Deep Dive/Looping/11/user_playbook.yaml [89ms]
2023-09-15 13:52:19.319 [info] > git cat-file -s 96829461386fc20f6a81fd4797640b2db996efde [92ms]
2023-09-15 13:54:02.791 [info] > git config --get commit.template [16ms]
2023-09-15 13:54:02.798 [info] > git for-each-ref --format=%(refname)%00%(upstream:short)%00%(objectname)%00%(upstream:track)%00%(upstream:remotename)%00%(upstream:remoteref) refs/heads/master refs/remotes/master [9ms]
2023-09-15 13:54:03.017 [info] > git status -z -uall [207ms]
2023-09-15 13:55:59.701 [info] > git config --local branch.master.github-pr-owner-number [8ms]
2023-09-15 13:55:59.726 [info] > git config --get commit.template [13ms]
2023-09-15 13:55:59.738 [info] > git for-each-ref --format=%(refname)%00%(upstream:short)%00%(objectname)%00%(upstream:track)%00%(upstream:remotename)%00%(upstream:remoteref) refs/heads/master refs/remotes/master [12ms]
2023-09-15 13:55:59.786 [info] > git status -z -uall [38ms]
2023-09-15 13:57:51.965 [info] > git show --textconv :Ansible Playbooks, Deep Dive/Looping/12/user_directories.yaml [15ms]
2023-09-15 13:57:51.975 [info] > git ls-files --stage -- /home/ansible/git-repos/diveintoansible/Ansible Playbooks, Deep Dive/Looping/12/user_directories.yaml [11ms]
2023-09-15 13:57:51.992 [info] > git cat-file -s 6c8008ef22a5e42f3067b8751039e8b50b3dce13 [6ms]
2023-09-15 13:58:56.892 [info] > git config --get commit.template [15ms]
2023-09-15 13:58:56.898 [info] > git for-each-ref --format=%(refname)%00%(upstream:short)%00%(objectname)%00%(upstream:track)%00%(upstream:remotename)%00%(upstream:remoteref) refs/heads/master refs/remotes/master [8ms]
2023-09-15 13:58:56.941 [info] > git status -z -uall [33ms]
2023-09-15 14:01:00.184 [info] > git config --local branch.master.github-pr-owner-number [157ms]
2023-09-15 14:01:00.634 [info] > git config --get commit.template [250ms]
2023-09-15 14:01:00.797 [info] > git for-each-ref --format=%(refname)%00%(upstream:short)%00%(objectname)%00%(upstream:track)%00%(upstream:remotename)%00%(upstream:remoteref) refs/heads/master refs/remotes/master [171ms]
2023-09-15 14:01:01.885 [info] > git status -z -uall [948ms]
2023-09-15 14:03:13.465 [info] > git config --get commit.template [15ms]
2023-09-15 14:03:13.466 [info] > git for-each-ref --format=%(refname)%00%(upstream:short)%00%(objectname)%00%(upstream:track)%00%(upstream:remotename)%00%(upstream:remoteref) refs/heads/master refs/remotes/master [13ms]
2023-09-15 14:03:13.510 [info] > git status -z -uall [33ms]
2023-09-15 14:06:01.970 [info] > git config --local branch.master.github-pr-owner-number [6ms]
2023-09-15 14:06:01.995 [info] > git config --get commit.template [14ms]
2023-09-15 14:06:01.999 [info] > git for-each-ref --format=%(refname)%00%(upstream:short)%00%(objectname)%00%(upstream:track)%00%(upstream:remotename)%00%(upstream:remoteref) refs/heads/master refs/remotes/master [6ms]
2023-09-15 14:06:02.042 [info] > git status -z -uall [33ms]
2023-09-15 14:11:02.069 [info] > git config --local branch.master.github-pr-owner-number [5ms]
2023-09-15 14:11:02.094 [info] > git config --get commit.template [13ms]
2023-09-15 14:11:02.098 [info] > git for-each-ref --format=%(refname)%00%(upstream:short)%00%(objectname)%00%(upstream:track)%00%(upstream:remotename)%00%(upstream:remoteref) refs/heads/master refs/remotes/master [5ms]
2023-09-15 14:11:02.143 [info] > git status -z -uall [35ms]
2023-09-15 14:16:02.164 [info] > git config --local branch.master.github-pr-owner-number [4ms]
2023-09-15 14:16:02.204 [info] > git config --get commit.template [29ms]
2023-09-15 14:16:02.204 [info] > git for-each-ref --format=%(refname)%00%(upstream:short)%00%(objectname)%00%(upstream:track)%00%(upstream:remotename)%00%(upstream:remoteref) refs/heads/master refs/remotes/master [16ms]
2023-09-15 14:16:02.249 [info] > git status -z -uall [33ms]
2023-09-15 14:21:02.270 [info] > git config --local branch.master.github-pr-owner-number [5ms]
2023-09-15 14:21:02.298 [info] > git config --get commit.template [15ms]
2023-09-15 14:21:02.303 [info] > git for-each-ref --format=%(refname)%00%(upstream:short)%00%(objectname)%00%(upstream:track)%00%(upstream:remotename)%00%(upstream:remoteref) refs/heads/master refs/remotes/master [5ms]
2023-09-15 14:21:02.348 [info] > git status -z -uall [33ms]
2023-09-15 14:26:02.379 [info] > git config --local branch.master.github-pr-owner-number [4ms]
2023-09-15 14:26:02.407 [info] > git config --get commit.template [15ms]
2023-09-15 14:26:02.411 [info] > git for-each-ref --format=%(refname)%00%(upstream:short)%00%(objectname)%00%(upstream:track)%00%(upstream:remotename)%00%(upstream:remoteref) refs/heads/master refs/remotes/master [6ms]
2023-09-15 14:26:02.456 [info] > git status -z -uall [33ms]
2023-09-15 14:31:02.489 [info] > git config --local branch.master.github-pr-owner-number [4ms]
2023-09-15 14:31:02.517 [info] > git config --get commit.template [15ms]
2023-09-15 14:31:02.521 [info] > git for-each-ref --format=%(refname)%00%(upstream:short)%00%(objectname)%00%(upstream:track)%00%(upstream:remotename)%00%(upstream:remoteref) refs/heads/master refs/remotes/master [6ms]
2023-09-15 14:31:02.570 [info] > git status -z -uall [33ms]
2023-09-15 14:36:02.591 [info] > git config --local branch.master.github-pr-owner-number [4ms]
2023-09-15 14:36:02.619 [info] > git config --get commit.template [15ms]
2023-09-15 14:36:02.623 [info] > git for-each-ref --format=%(refname)%00%(upstream:short)%00%(objectname)%00%(upstream:track)%00%(upstream:remotename)%00%(upstream:remoteref) refs/heads/master refs/remotes/master [6ms]
2023-09-15 14:36:02.668 [info] > git status -z -uall [34ms]
2023-09-15 14:41:02.695 [info] > git config --local branch.master.github-pr-owner-number [4ms]
2023-09-15 14:41:02.723 [info] > git config --get commit.template [15ms]
2023-09-15 14:41:02.727 [info] > git for-each-ref --format=%(refname)%00%(upstream:short)%00%(objectname)%00%(upstream:track)%00%(upstream:remotename)%00%(upstream:remoteref) refs/heads/master refs/remotes/master [6ms]
2023-09-15 14:41:02.772 [info] > git status -z -uall [34ms]
2023-09-15 14:46:02.792 [info] > git config --local branch.master.github-pr-owner-number [4ms]
2023-09-15 14:46:02.820 [info] > git config --get commit.template [15ms]
2023-09-15 14:46:02.824 [info] > git for-each-ref --format=%(refname)%00%(upstream:short)%00%(objectname)%00%(upstream:track)%00%(upstream:remotename)%00%(upstream:remoteref) refs/heads/master refs/remotes/master [6ms]
2023-09-15 14:46:02.868 [info] > git status -z -uall [33ms]
2023-09-15 14:51:02.888 [info] > git config --local branch.master.github-pr-owner-number [4ms]
2023-09-15 14:51:02.916 [info] > git config --get commit.template [15ms]
2023-09-15 14:51:02.920 [info] > git for-each-ref --format=%(refname)%00%(upstream:short)%00%(objectname)%00%(upstream:track)%00%(upstream:remotename)%00%(upstream:remoteref) refs/heads/master refs/remotes/master [6ms]
2023-09-15 14:51:02.964 [info] > git status -z -uall [33ms]
2023-09-15 14:56:02.984 [info] > git config --local branch.master.github-pr-owner-number [4ms]
2023-09-15 14:56:03.012 [info] > git config --get commit.template [15ms]
2023-09-15 14:56:03.017 [info] > git for-each-ref --format=%(refname)%00%(upstream:short)%00%(objectname)%00%(upstream:track)%00%(upstream:remotename)%00%(upstream:remoteref) refs/heads/master refs/remotes/master [6ms]
2023-09-15 14:56:03.061 [info] > git status -z -uall [33ms]
2023-09-15 15:01:03.083 [info] > git config --local branch.master.github-pr-owner-number [4ms]
2023-09-15 15:01:03.111 [info] > git config --get commit.template [14ms]
2023-09-15 15:01:03.124 [info] > git for-each-ref --format=%(refname)%00%(upstream:short)%00%(objectname)%00%(upstream:track)%00%(upstream:remotename)%00%(upstream:remoteref) refs/heads/master refs/remotes/master [6ms]
2023-09-15 15:01:03.170 [info] > git status -z -uall [34ms]
2023-09-15 15:06:03.191 [info] > git config --local branch.master.github-pr-owner-number [4ms]
2023-09-15 15:06:03.219 [info] > git config --get commit.template [15ms]
2023-09-15 15:06:03.223 [info] > git for-each-ref --format=%(refname)%00%(upstream:short)%00%(objectname)%00%(upstream:track)%00%(upstream:remotename)%00%(upstream:remoteref) refs/heads/master refs/remotes/master [6ms]
2023-09-15 15:06:03.267 [info] > git status -z -uall [33ms]
2023-09-15 15:11:03.288 [info] > git config --local branch.master.github-pr-owner-number [4ms]
2023-09-15 15:11:03.316 [info] > git config --get commit.template [15ms]
2023-09-15 15:11:03.320 [info] > git for-each-ref --format=%(refname)%00%(upstream:short)%00%(objectname)%00%(upstream:track)%00%(upstream:remotename)%00%(upstream:remoteref) refs/heads/master refs/remotes/master [6ms]
2023-09-15 15:11:03.365 [info] > git status -z -uall [33ms]
2023-09-15 15:16:03.385 [info] > git config --local branch.master.github-pr-owner-number [4ms]
2023-09-15 15:16:03.413 [info] > git config --get commit.template [15ms]
2023-09-15 15:16:03.417 [info] > git for-each-ref --format=%(refname)%00%(upstream:short)%00%(objectname)%00%(upstream:track)%00%(upstream:remotename)%00%(upstream:remoteref) refs/heads/master refs/remotes/master [6ms]
2023-09-15 15:16:03.463 [info] > git status -z -uall [35ms]
2023-09-15 15:21:03.484 [info] > git config --local branch.master.github-pr-owner-number [3ms]
2023-09-15 15:21:03.511 [info] > git config --get commit.template [15ms]
2023-09-15 15:21:03.516 [info] > git for-each-ref --format=%(refname)%00%(upstream:short)%00%(objectname)%00%(upstream:track)%00%(upstream:remotename)%00%(upstream:remoteref) refs/heads/master refs/remotes/master [6ms]
2023-09-15 15:21:03.562 [info] > git status -z -uall [35ms]
2023-09-15 15:26:03.582 [info] > git config --local branch.master.github-pr-owner-number [4ms]
2023-09-15 15:26:03.611 [info] > git config --get commit.template [16ms]
2023-09-15 15:26:03.616 [info] > git for-each-ref --format=%(refname)%00%(upstream:short)%00%(objectname)%00%(upstream:track)%00%(upstream:remotename)%00%(upstream:remoteref) refs/heads/master refs/remotes/master [7ms]
2023-09-15 15:26:03.660 [info] > git status -z -uall [33ms]
2023-09-15 15:29:03.417 [info] > git check-ignore -v -z --stdin [6ms]
2023-09-15 15:29:12.056 [info] > git show --textconv :Ansible Playbooks, Deep Dive/Looping/13/user_directories copy.yaml [19ms]
2023-09-15 15:29:12.062 [info] > git ls-files --stage -- /home/ansible/git-repos/diveintoansible/Ansible Playbooks, Deep Dive/Looping/13/user_directories copy.yaml [10ms]
2023-09-15 15:29:12.317 [info] > git check-ignore -v -z --stdin [5ms]
2023-09-15 15:29:12.901 [info] > git config --get commit.template [16ms]
2023-09-15 15:29:12.905 [info] > git for-each-ref --format=%(refname)%00%(upstream:short)%00%(objectname)%00%(upstream:track)%00%(upstream:remotename)%00%(upstream:remoteref) refs/heads/master refs/remotes/master [6ms]
2023-09-15 15:29:12.950 [info] > git status -z -uall [33ms]
2023-09-15 15:29:22.284 [info] > git show --textconv :Ansible Playbooks, Deep Dive/Looping/13/user_directories-mein.yaml [19ms]
2023-09-15 15:29:22.293 [info] > git ls-files --stage -- /home/ansible/git-repos/diveintoansible/Ansible Playbooks, Deep Dive/Looping/13/user_directories-mein.yaml [13ms]
2023-09-15 15:29:22.560 [info] > git check-ignore -v -z --stdin [6ms]
2023-09-15 15:29:23.151 [info] > git config --get commit.template [16ms]
2023-09-15 15:29:23.155 [info] > git for-each-ref --format=%(refname)%00%(upstream:short)%00%(objectname)%00%(upstream:track)%00%(upstream:remotename)%00%(upstream:remoteref) refs/heads/master refs/remotes/master [6ms]
2023-09-15 15:29:23.200 [info] > git status -z -uall [34ms]
2023-09-15 15:29:32.197 [info] > git show --textconv :Ansible Playbooks, Deep Dive/Looping/13/user_directories.yaml [18ms]
2023-09-15 15:29:32.204 [info] > git ls-files --stage -- /home/ansible/git-repos/diveintoansible/Ansible Playbooks, Deep Dive/Looping/13/user_directories.yaml [9ms]
2023-09-15 15:29:32.220 [info] > git cat-file -s 6c95e4b613ba56864e6982f659aabaa21a24d591 [4ms]
2023-09-15 15:31:03.679 [info] > git config --local branch.master.github-pr-owner-number [4ms]
2023-09-15 15:31:03.716 [info] > git config --get commit.template [23ms]
2023-09-15 15:31:03.720 [info] > git for-each-ref --format=%(refname)%00%(upstream:short)%00%(objectname)%00%(upstream:track)%00%(upstream:remotename)%00%(upstream:remoteref) refs/heads/master refs/remotes/master [6ms]
2023-09-15 15:31:03.764 [info] > git status -z -uall [33ms]
2023-09-15 15:36:03.786 [info] > git config --local branch.master.github-pr-owner-number [4ms]
2023-09-15 15:36:03.815 [info] > git config --get commit.template [15ms]
2023-09-15 15:36:03.820 [info] > git for-each-ref --format=%(refname)%00%(upstream:short)%00%(objectname)%00%(upstream:track)%00%(upstream:remotename)%00%(upstream:remoteref) refs/heads/master refs/remotes/master [5ms]
2023-09-15 15:36:03.865 [info] > git status -z -uall [34ms]
2023-09-15 15:38:41.730 [info] > git config --get commit.template [25ms]
2023-09-15 15:38:41.736 [info] > git for-each-ref --format=%(refname)%00%(upstream:short)%00%(objectname)%00%(upstream:track)%00%(upstream:remotename)%00%(upstream:remoteref) refs/heads/master refs/remotes/master [7ms]
2023-09-15 15:38:41.783 [info] > git status -z -uall [36ms]
2023-09-15 15:39:41.582 [info] > git config --get commit.template [17ms]
2023-09-15 15:39:41.600 [info] > git for-each-ref --format=%(refname)%00%(upstream:short)%00%(objectname)%00%(upstream:track)%00%(upstream:remotename)%00%(upstream:remoteref) refs/heads/master refs/remotes/master [19ms]
2023-09-15 15:39:41.920 [info] > git status -z -uall [308ms]
2023-09-15 15:41:03.897 [info] > git config --local branch.master.github-pr-owner-number [4ms]
2023-09-15 15:41:03.925 [info] > git config --get commit.template [15ms]
2023-09-15 15:41:03.934 [info] > git for-each-ref --format=%(refname)%00%(upstream:short)%00%(objectname)%00%(upstream:track)%00%(upstream:remotename)%00%(upstream:remoteref) refs/heads/master refs/remotes/master [9ms]
2023-09-15 15:41:03.980 [info] > git status -z -uall [34ms]
2023-09-15 15:41:59.082 [info] > git check-ignore -v -z --stdin [10ms]
2023-09-15 15:42:00.118 [info] > git show --textconv :Ansible Playbooks, Deep Dive/Looping/14/ssh_key_playbook.yaml [18ms]
2023-09-15 15:42:00.130 [info] > git ls-files --stage -- /home/ansible/git-repos/diveintoansible/Ansible Playbooks, Deep Dive/Looping/14/ssh_key_playbook.yaml [14ms]
2023-09-15 15:42:00.152 [info] > git cat-file -s 77ada207849878a8b0bc90e7d4f4ec47b65a3bb6 [5ms]
2023-09-15 15:42:23.407 [info] > git show --textconv :Ansible Playbooks, Deep Dive/Looping/14/ssh_key_playbook copy.yaml [16ms]
2023-09-15 15:42:23.413 [info] > git ls-files --stage -- /home/ansible/git-repos/diveintoansible/Ansible Playbooks, Deep Dive/Looping/14/ssh_key_playbook copy.yaml [7ms]
2023-09-15 15:42:23.664 [info] > git check-ignore -v -z --stdin [6ms]
2023-09-15 15:42:24.254 [info] > git config --get commit.template [16ms]
2023-09-15 15:42:24.259 [info] > git for-each-ref --format=%(refname)%00%(upstream:short)%00%(objectname)%00%(upstream:track)%00%(upstream:remotename)%00%(upstream:remoteref) refs/heads/master refs/remotes/master [6ms]
2023-09-15 15:42:24.304 [info] > git status -z -uall [33ms]
2023-09-15 15:42:38.914 [info] > git show --textconv :Ansible Playbooks, Deep Dive/Looping/14/ssh_key_playbook.yaml [19ms]
2023-09-15 15:42:38.924 [info] > git ls-files --stage -- /home/ansible/git-repos/diveintoansible/Ansible Playbooks, Deep Dive/Looping/14/ssh_key_playbook.yaml [12ms]
2023-09-15 15:42:38.940 [info] > git cat-file -s 77ada207849878a8b0bc90e7d4f4ec47b65a3bb6 [5ms]
2023-09-15 15:42:57.171 [info] > git show --textconv :Ansible Playbooks, Deep Dive/Looping/14/ssh_key_playbook-mein.yaml [17ms]
2023-09-15 15:42:57.183 [info] > git ls-files --stage -- /home/ansible/git-repos/diveintoansible/Ansible Playbooks, Deep Dive/Looping/14/ssh_key_playbook-mein.yaml [13ms]
2023-09-15 15:42:57.460 [info] > git check-ignore -v -z --stdin [6ms]
2023-09-15 15:42:58.027 [info] > git config --get commit.template [16ms]
2023-09-15 15:42:58.032 [info] > git for-each-ref --format=%(refname)%00%(upstream:short)%00%(objectname)%00%(upstream:track)%00%(upstream:remotename)%00%(upstream:remoteref) refs/heads/master refs/remotes/master [6ms]
2023-09-15 15:42:58.077 [info] > git status -z -uall [33ms]
2023-09-15 15:46:04.004 [info] > git config --local branch.master.github-pr-owner-number [4ms]
2023-09-15 15:46:04.033 [info] > git config --get commit.template [15ms]
2023-09-15 15:46:04.037 [info] > git for-each-ref --format=%(refname)%00%(upstream:short)%00%(objectname)%00%(upstream:track)%00%(upstream:remotename)%00%(upstream:remoteref) refs/heads/master refs/remotes/master [6ms]
2023-09-15 15:46:04.081 [info] > git status -z -uall [33ms]
2023-09-15 15:51:04.103 [info] > git config --local branch.master.github-pr-owner-number [4ms]
2023-09-15 15:51:04.131 [info] > git config --get commit.template [16ms]
2023-09-15 15:51:04.135 [info] > git for-each-ref --format=%(refname)%00%(upstream:short)%00%(objectname)%00%(upstream:track)%00%(upstream:remotename)%00%(upstream:remoteref) refs/heads/master refs/remotes/master [6ms]
2023-09-15 15:51:04.180 [info] > git status -z -uall [34ms]
2023-09-15 15:56:04.201 [info] > git config --local branch.master.github-pr-owner-number [4ms]
2023-09-15 15:56:04.229 [info] > git config --get commit.template [15ms]
2023-09-15 15:56:04.233 [info] > git for-each-ref --format=%(refname)%00%(upstream:short)%00%(objectname)%00%(upstream:track)%00%(upstream:remotename)%00%(upstream:remoteref) refs/heads/master refs/remotes/master [5ms]
2023-09-15 15:56:04.279 [info] > git status -z -uall [34ms]
2023-09-15 16:01:04.300 [info] > git config --local branch.master.github-pr-owner-number [4ms]
2023-09-15 16:01:04.333 [info] > git config --get commit.template [15ms]
2023-09-15 16:01:04.337 [info] > git for-each-ref --format=%(refname)%00%(upstream:short)%00%(objectname)%00%(upstream:track)%00%(upstream:remotename)%00%(upstream:remoteref) refs/heads/master refs/remotes/master [5ms]
2023-09-15 16:01:04.382 [info] > git status -z -uall [33ms]
2023-09-15 16:06:04.402 [info] > git config --local branch.master.github-pr-owner-number [4ms]
2023-09-15 16:06:04.433 [info] > git config --get commit.template [18ms]
2023-09-15 16:06:04.439 [info] > git for-each-ref --format=%(refname)%00%(upstream:short)%00%(objectname)%00%(upstream:track)%00%(upstream:remotename)%00%(upstream:remoteref) refs/heads/master refs/remotes/master [8ms]
2023-09-15 16:06:04.491 [info] > git status -z -uall [38ms]
2023-09-15 16:11:04.520 [info] > git config --local branch.master.github-pr-owner-number [7ms]
2023-09-15 16:11:04.549 [info] > git config --get commit.template [17ms]
2023-09-15 16:11:04.557 [info] > git for-each-ref --format=%(refname)%00%(upstream:short)%00%(objectname)%00%(upstream:track)%00%(upstream:remotename)%00%(upstream:remoteref) refs/heads/master refs/remotes/master [11ms]
2023-09-15 16:11:04.607 [info] > git status -z -uall [38ms]
2023-09-15 16:16:04.627 [info] > git config --local branch.master.github-pr-owner-number [4ms]
2023-09-15 16:16:04.656 [info] > git config --get commit.template [15ms]
2023-09-15 16:16:04.660 [info] > git for-each-ref --format=%(refname)%00%(upstream:short)%00%(objectname)%00%(upstream:track)%00%(upstream:remotename)%00%(upstream:remoteref) refs/heads/master refs/remotes/master [5ms]
2023-09-15 16:16:04.705 [info] > git status -z -uall [34ms]
2023-09-15 16:21:04.727 [info] > git config --local branch.master.github-pr-owner-number [4ms]
2023-09-15 16:21:04.756 [info] > git config --get commit.template [15ms]
2023-09-15 16:21:04.760 [info] > git for-each-ref --format=%(refname)%00%(upstream:short)%00%(objectname)%00%(upstream:track)%00%(upstream:remotename)%00%(upstream:remoteref) refs/heads/master refs/remotes/master [6ms]
2023-09-15 16:21:04.804 [info] > git status -z -uall [33ms]
2023-09-15 16:26:04.834 [info] > git config --local branch.master.github-pr-owner-number [5ms]
2023-09-15 16:26:04.862 [info] > git config --get commit.template [16ms]
2023-09-15 16:26:04.866 [info] > git for-each-ref --format=%(refname)%00%(upstream:short)%00%(objectname)%00%(upstream:track)%00%(upstream:remotename)%00%(upstream:remoteref) refs/heads/master refs/remotes/master [6ms]
2023-09-15 16:26:04.912 [info] > git status -z -uall [34ms]
2023-09-15 16:31:04.931 [info] > git config --local branch.master.github-pr-owner-number [4ms]
2023-09-15 16:31:04.987 [info] > git config --get commit.template [42ms]
2023-09-15 16:31:04.995 [info] > git for-each-ref --format=%(refname)%00%(upstream:short)%00%(objectname)%00%(upstream:track)%00%(upstream:remotename)%00%(upstream:remoteref) refs/heads/master refs/remotes/master [10ms]
2023-09-15 16:31:05.059 [info] > git status -z -uall [44ms]
2023-09-15 16:36:05.079 [info] > git config --local branch.master.github-pr-owner-number [4ms]
2023-09-15 16:36:05.107 [info] > git config --get commit.template [15ms]
2023-09-15 16:36:05.113 [info] > git for-each-ref --format=%(refname)%00%(upstream:short)%00%(objectname)%00%(upstream:track)%00%(upstream:remotename)%00%(upstream:remoteref) refs/heads/master refs/remotes/master [7ms]
2023-09-15 16:36:05.158 [info] > git status -z -uall [33ms]
2023-09-15 16:41:05.180 [info] > git config --local branch.master.github-pr-owner-number [4ms]
2023-09-15 16:41:05.208 [info] > git config --get commit.template [16ms]
2023-09-15 16:41:05.212 [info] > git for-each-ref --format=%(refname)%00%(upstream:short)%00%(objectname)%00%(upstream:track)%00%(upstream:remotename)%00%(upstream:remoteref) refs/heads/master refs/remotes/master [6ms]
2023-09-15 16:41:05.257 [info] > git status -z -uall [33ms]
2023-09-15 16:46:05.280 [info] > git config --local branch.master.github-pr-owner-number [4ms]
2023-09-15 16:46:05.310 [info] > git config --get commit.template [16ms]
2023-09-15 16:46:05.314 [info] > git for-each-ref --format=%(refname)%00%(upstream:short)%00%(objectname)%00%(upstream:track)%00%(upstream:remotename)%00%(upstream:remoteref) refs/heads/master refs/remotes/master [6ms]
2023-09-15 16:46:05.358 [info] > git status -z -uall [33ms]
2023-09-15 16:51:05.378 [info] > git config --local branch.master.github-pr-owner-number [4ms]
2023-09-15 16:51:05.407 [info] > git config --get commit.template [16ms]
2023-09-15 16:51:05.411 [info] > git for-each-ref --format=%(refname)%00%(upstream:short)%00%(objectname)%00%(upstream:track)%00%(upstream:remotename)%00%(upstream:remoteref) refs/heads/master refs/remotes/master [6ms]
2023-09-15 16:51:05.455 [info] > git status -z -uall [33ms]
2023-09-15 16:56:05.475 [info] > git config --local branch.master.github-pr-owner-number [4ms]
2023-09-15 16:56:05.503 [info] > git config --get commit.template [15ms]
2023-09-15 16:56:05.508 [info] > git for-each-ref --format=%(refname)%00%(upstream:short)%00%(objectname)%00%(upstream:track)%00%(upstream:remotename)%00%(upstream:remoteref) refs/heads/master refs/remotes/master [5ms]
2023-09-15 16:56:05.552 [info] > git status -z -uall [33ms]
2023-09-15 16:59:03.802 [info] > git config --get commit.template [17ms]
2023-09-15 16:59:03.806 [info] > git for-each-ref --format=%(refname)%00%(upstream:short)%00%(objectname)%00%(upstream:track)%00%(upstream:remotename)%00%(upstream:remoteref) refs/heads/master refs/remotes/master [6ms]
2023-09-15 16:59:03.851 [info] > git status -z -uall [33ms]
2023-09-15 16:59:39.037 [info] > git config --get commit.template [16ms]
2023-09-15 16:59:39.041 [info] > git for-each-ref --format=%(refname)%00%(upstream:short)%00%(objectname)%00%(upstream:track)%00%(upstream:remotename)%00%(upstream:remoteref) refs/heads/master refs/remotes/master [6ms]
2023-09-15 16:59:39.088 [info] > git status -z -uall [33ms]
2023-09-15 17:00:38.258 [info] > git config --get commit.template [17ms]
2023-09-15 17:00:38.262 [info] > git for-each-ref --format=%(refname)%00%(upstream:short)%00%(objectname)%00%(upstream:track)%00%(upstream:remotename)%00%(upstream:remoteref) refs/heads/master refs/remotes/master [6ms]
2023-09-15 17:00:38.307 [info] > git status -z -uall [32ms]
2023-09-15 17:01:05.581 [info] > git config --local branch.master.github-pr-owner-number [3ms]
2023-09-15 17:01:05.612 [info] > git config --get commit.template [17ms]
2023-09-15 17:01:05.616 [info] > git for-each-ref --format=%(refname)%00%(upstream:short)%00%(objectname)%00%(upstream:track)%00%(upstream:remotename)%00%(upstream:remoteref) refs/heads/master refs/remotes/master [6ms]
2023-09-15 17:01:05.660 [info] > git status -z -uall [33ms]
2023-09-15 17:01:57.232 [info] > git config --get commit.template [20ms]
2023-09-15 17:01:57.239 [info] > git for-each-ref --format=%(refname)%00%(upstream:short)%00%(objectname)%00%(upstream:track)%00%(upstream:remotename)%00%(upstream:remoteref) refs/heads/master refs/remotes/master [8ms]
2023-09-15 17:01:57.284 [info] > git status -z -uall [33ms]
2023-09-15 17:04:01.084 [info] > git config --get commit.template [18ms]
2023-09-15 17:04:01.103 [info] > git for-each-ref --format=%(refname)%00%(upstream:short)%00%(objectname)%00%(upstream:track)%00%(upstream:remotename)%00%(upstream:remoteref) refs/heads/master refs/remotes/master [24ms]
2023-09-15 17:04:01.361 [info] > git status -z -uall [247ms]
2023-09-15 17:06:05.694 [info] > git config --local branch.master.github-pr-owner-number [4ms]
2023-09-15 17:06:05.722 [info] > git config --get commit.template [16ms]
2023-09-15 17:06:05.735 [info] > git for-each-ref --format=%(refname)%00%(upstream:short)%00%(objectname)%00%(upstream:track)%00%(upstream:remotename)%00%(upstream:remoteref) refs/heads/master refs/remotes/master [15ms]
2023-09-15 17:06:05.792 [info] > git status -z -uall [45ms]
2023-09-15 17:10:41.496 [info] > git check-ignore -v -z --stdin [8ms]
2023-09-15 17:10:47.157 [info] > git show --textconv :Ansible Playbooks, Deep Dive/Looping/15/ssh_key_playbook copy.yaml [24ms]
2023-09-15 17:10:47.170 [info] > git ls-files --stage -- /home/ansible/git-repos/diveintoansible/Ansible Playbooks, Deep Dive/Looping/15/ssh_key_playbook copy.yaml [15ms]
2023-09-15 17:10:47.389 [info] > git check-ignore -v -z --stdin [5ms]
2023-09-15 17:10:47.988 [info] > git config --get commit.template [15ms]
2023-09-15 17:10:47.992 [info] > git for-each-ref --format=%(refname)%00%(upstream:short)%00%(objectname)%00%(upstream:track)%00%(upstream:remotename)%00%(upstream:remoteref) refs/heads/master refs/remotes/master [6ms]
2023-09-15 17:10:48.037 [info] > git status -z -uall [33ms]
2023-09-15 17:10:58.024 [info] > git show --textconv :Ansible Playbooks, Deep Dive/Looping/15/ssh_key_playbook-mein.yaml [16ms]
2023-09-15 17:10:58.033 [info] > git ls-files --stage -- /home/ansible/git-repos/diveintoansible/Ansible Playbooks, Deep Dive/Looping/15/ssh_key_playbook-mein.yaml [11ms]
2023-09-15 17:10:58.302 [info] > git check-ignore -v -z --stdin [6ms]
2023-09-15 17:10:58.886 [info] > git config --get commit.template [17ms]
2023-09-15 17:10:58.893 [info] > git for-each-ref --format=%(refname)%00%(upstream:short)%00%(objectname)%00%(upstream:track)%00%(upstream:remotename)%00%(upstream:remoteref) refs/heads/master refs/remotes/master [9ms]
2023-09-15 17:10:58.940 [info] > git status -z -uall [35ms]
2023-09-15 17:11:05.816 [info] > git config --local branch.master.github-pr-owner-number [1ms]
2023-09-15 17:11:05.844 [info] > git config --get commit.template [16ms]
2023-09-15 17:11:05.849 [info] > git for-each-ref --format=%(refname)%00%(upstream:short)%00%(objectname)%00%(upstream:track)%00%(upstream:remotename)%00%(upstream:remoteref) refs/heads/master refs/remotes/master [6ms]
2023-09-15 17:11:05.893 [info] > git status -z -uall [33ms]
2023-09-15 17:11:49.525 [info] > git show --textconv :Ansible Playbooks, Deep Dive/Looping/15/ssh_key_playbook.yaml [17ms]
2023-09-15 17:11:49.533 [info] > git ls-files --stage -- /home/ansible/git-repos/diveintoansible/Ansible Playbooks, Deep Dive/Looping/15/ssh_key_playbook.yaml [8ms]
2023-09-15 17:11:49.549 [info] > git cat-file -s f28b5c2e5775a7302c6a9d12570a7e0b92235985 [4ms]
2023-09-15 17:16:05.914 [info] > git config --local branch.master.github-pr-owner-number [4ms]
2023-09-15 17:16:05.944 [info] > git config --get commit.template [16ms]
2023-09-15 17:16:05.948 [info] > git for-each-ref --format=%(refname)%00%(upstream:short)%00%(objectname)%00%(upstream:track)%00%(upstream:remotename)%00%(upstream:remoteref) refs/heads/master refs/remotes/master [6ms]
2023-09-15 17:16:05.993 [info] > git status -z -uall [32ms]
2023-09-15 17:21:06.013 [info] > git config --local branch.master.github-pr-owner-number [4ms]
2023-09-15 17:21:06.036 [info] > git config --get commit.template [5ms]
2023-09-15 17:21:06.054 [info] > git for-each-ref --format=%(refname)%00%(upstream:short)%00%(objectname)%00%(upstream:track)%00%(upstream:remotename)%00%(upstream:remoteref) refs/heads/master refs/remotes/master [5ms]
2023-09-15 17:21:06.100 [info] > git status -z -uall [33ms]
2023-09-15 17:26:06.125 [info] > git config --local branch.master.github-pr-owner-number [4ms]
2023-09-15 17:26:06.155 [info] > git config --get commit.template [17ms]
2023-09-15 17:26:06.159 [info] > git for-each-ref --format=%(refname)%00%(upstream:short)%00%(objectname)%00%(upstream:track)%00%(upstream:remotename)%00%(upstream:remoteref) refs/heads/master refs/remotes/master [6ms]
2023-09-15 17:26:06.204 [info] > git status -z -uall [33ms]
2023-09-15 17:29:01.713 [info] > git config --get commit.template [16ms]
2023-09-15 17:29:01.718 [info] > git for-each-ref --format=%(refname)%00%(upstream:short)%00%(objectname)%00%(upstream:track)%00%(upstream:remotename)%00%(upstream:remoteref) refs/heads/master refs/remotes/master [6ms]
2023-09-15 17:29:01.763 [info] > git status -z -uall [33ms]
2023-09-15 17:31:06.236 [info] > git config --local branch.master.github-pr-owner-number [7ms]
2023-09-15 17:31:06.267 [info] > git config --get commit.template [14ms]
2023-09-15 17:31:06.285 [info] > git for-each-ref --format=%(refname)%00%(upstream:short)%00%(objectname)%00%(upstream:track)%00%(upstream:remotename)%00%(upstream:remoteref) refs/heads/master refs/remotes/master [20ms]
2023-09-15 17:31:06.350 [info] > git status -z -uall [53ms]
2023-09-15 17:31:30.013 [info] > git config --get commit.template [17ms]
2023-09-15 17:31:30.018 [info] > git for-each-ref --format=%(refname)%00%(upstream:short)%00%(objectname)%00%(upstream:track)%00%(upstream:remotename)%00%(upstream:remoteref) refs/heads/master refs/remotes/master [6ms]
2023-09-15 17:31:30.065 [info] > git status -z -uall [36ms]
2023-09-15 17:31:30.131 [info] > git check-ignore -v -z --stdin [6ms]
2023-09-15 17:33:51.957 [info] > git for-each-ref --format=%(refname)%00%(upstream:short)%00%(objectname)%00%(upstream:track)%00%(upstream:remotename)%00%(upstream:remoteref) refs/heads/master refs/remotes/master [13ms]
2023-09-15 17:33:51.958 [info] > git config --get commit.template [41ms]
2023-09-15 17:33:52.008 [info] > git status -z -uall [38ms]
2023-09-15 17:36:06.377 [info] > git config --local branch.master.github-pr-owner-number [4ms]
2023-09-15 17:36:06.406 [info] > git config --get commit.template [16ms]
2023-09-15 17:36:06.410 [info] > git for-each-ref --format=%(refname)%00%(upstream:short)%00%(objectname)%00%(upstream:track)%00%(upstream:remotename)%00%(upstream:remoteref) refs/heads/master refs/remotes/master [6ms]
2023-09-15 17:36:06.461 [info] > git status -z -uall [39ms]
2023-09-15 17:36:49.650 [info] > git config --get commit.template [17ms]
2023-09-15 17:36:49.655 [info] > git for-each-ref --format=%(refname)%00%(upstream:short)%00%(objectname)%00%(upstream:track)%00%(upstream:remotename)%00%(upstream:remoteref) refs/heads/master refs/remotes/master [6ms]
2023-09-15 17:36:49.701 [info] > git status -z -uall [35ms]
2023-09-15 17:41:06.482 [info] > git config --local branch.master.github-pr-owner-number [4ms]
2023-09-15 17:41:06.510 [info] > git config --get commit.template [15ms]
2023-09-15 17:41:06.514 [info] > git for-each-ref --format=%(refname)%00%(upstream:short)%00%(objectname)%00%(upstream:track)%00%(upstream:remotename)%00%(upstream:remoteref) refs/heads/master refs/remotes/master [6ms]
2023-09-15 17:41:06.558 [info] > git status -z -uall [32ms]
2023-09-15 17:45:33.740 [info] > git config --get commit.template [16ms]
2023-09-15 17:45:33.745 [info] > git for-each-ref --format=%(refname)%00%(upstream:short)%00%(objectname)%00%(upstream:track)%00%(upstream:remotename)%00%(upstream:remoteref) refs/heads/master refs/remotes/master [5ms]
2023-09-15 17:45:33.789 [info] > git status -z -uall [33ms]
2023-09-15 17:45:33.854 [info] > git check-ignore -v -z --stdin [6ms]
2023-09-15 17:46:06.586 [info] > git config --local branch.master.github-pr-owner-number [4ms]
2023-09-15 17:46:06.618 [info] > git config --get commit.template [15ms]
2023-09-15 17:46:06.622 [info] > git for-each-ref --format=%(refname)%00%(upstream:short)%00%(objectname)%00%(upstream:track)%00%(upstream:remotename)%00%(upstream:remoteref) refs/heads/master refs/remotes/master [6ms]
2023-09-15 17:46:06.673 [info] > git status -z -uall [40ms]
2023-09-15 17:46:35.669 [info] > git config --get commit.template [20ms]
2023-09-15 17:46:35.675 [info] > git for-each-ref --format=%(refname)%00%(upstream:short)%00%(objectname)%00%(upstream:track)%00%(upstream:remotename)%00%(upstream:remoteref) refs/heads/master refs/remotes/master [7ms]
2023-09-15 17:46:35.732 [info] > git status -z -uall [41ms]
2023-09-15 17:47:17.915 [info] > git check-ignore -v -z --stdin [5ms]
2023-09-15 17:47:19.087 [info] > git show --textconv :Ansible Playbooks, Deep Dive/Looping/16/directory_sequence.yaml [24ms]
2023-09-15 17:47:19.104 [info] > git ls-files --stage -- /home/ansible/git-repos/diveintoansible/Ansible Playbooks, Deep Dive/Looping/16/directory_sequence.yaml [19ms]
2023-09-15 17:47:19.120 [info] > git cat-file -s a2347d12f1ad7183a3b28b22b5a0c49d6911dd6a [4ms]
2023-09-15 17:47:25.918 [info] > git show --textconv :Ansible Playbooks, Deep Dive/Looping/16/directory_sequence copy.yaml [16ms]
2023-09-15 17:47:25.924 [info] > git ls-files --stage -- /home/ansible/git-repos/diveintoansible/Ansible Playbooks, Deep Dive/Looping/16/directory_sequence copy.yaml [7ms]
2023-09-15 17:47:26.158 [info] > git check-ignore -v -z --stdin [6ms]
2023-09-15 17:47:26.762 [info] > git config --get commit.template [16ms]
2023-09-15 17:47:26.766 [info] > git for-each-ref --format=%(refname)%00%(upstream:short)%00%(objectname)%00%(upstream:track)%00%(upstream:remotename)%00%(upstream:remoteref) refs/heads/master refs/remotes/master [6ms]
2023-09-15 17:47:26.813 [info] > git status -z -uall [34ms]
2023-09-15 17:47:37.864 [info] > git show --textconv :Ansible Playbooks, Deep Dive/Looping/16/directory_sequence-mein.yaml [25ms]
2023-09-15 17:47:37.877 [info] > git ls-files --stage -- /home/ansible/git-repos/diveintoansible/Ansible Playbooks, Deep Dive/Looping/16/directory_sequence-mein.yaml [14ms]
2023-09-15 17:47:38.121 [info] > git check-ignore -v -z --stdin [5ms]
2023-09-15 17:47:38.711 [info] > git config --get commit.template [19ms]
2023-09-15 17:47:38.716 [info] > git for-each-ref --format=%(refname)%00%(upstream:short)%00%(objectname)%00%(upstream:track)%00%(upstream:remotename)%00%(upstream:remoteref) refs/heads/master refs/remotes/master [8ms]
2023-09-15 17:47:38.760 [info] > git status -z -uall [32ms]
2023-09-15 17:48:09.165 [info] > git show --textconv :Ansible Playbooks, Deep Dive/Looping/16/directory_sequence.yaml [16ms]
2023-09-15 17:48:09.172 [info] > git ls-files --stage -- /home/ansible/git-repos/diveintoansible/Ansible Playbooks, Deep Dive/Looping/16/directory_sequence.yaml [8ms]
2023-09-15 17:48:09.199 [info] > git cat-file -s a2347d12f1ad7183a3b28b22b5a0c49d6911dd6a [16ms]
2023-09-15 17:50:54.390 [info] > git config --get commit.template [22ms]
2023-09-15 17:50:54.396 [info] > git for-each-ref --format=%(refname)%00%(upstream:short)%00%(objectname)%00%(upstream:track)%00%(upstream:remotename)%00%(upstream:remoteref) refs/heads/master refs/remotes/master [8ms]
2023-09-15 17:50:54.447 [info] > git status -z -uall [37ms]
2023-09-15 17:51:06.694 [info] > git config --local branch.master.github-pr-owner-number [3ms]
2023-09-15 17:51:06.725 [info] > git config --get commit.template [18ms]
2023-09-15 17:51:06.730 [info] > git for-each-ref --format=%(refname)%00%(upstream:short)%00%(objectname)%00%(upstream:track)%00%(upstream:remotename)%00%(upstream:remoteref) refs/heads/master refs/remotes/master [5ms]
2023-09-15 17:51:06.775 [info] > git status -z -uall [34ms]
2023-09-15 17:52:15.280 [info] > git config --get commit.template [16ms]
2023-09-15 17:52:15.291 [info] > git for-each-ref --format=%(refname)%00%(upstream:short)%00%(objectname)%00%(upstream:track)%00%(upstream:remotename)%00%(upstream:remoteref) refs/heads/master refs/remotes/master [7ms]
2023-09-15 17:52:15.342 [info] > git status -z -uall [39ms]
2023-09-15 17:56:06.798 [info] > git config --local branch.master.github-pr-owner-number [6ms]
2023-09-15 17:56:06.824 [info] > git config --get commit.template [15ms]
2023-09-15 17:56:06.937 [info] > git for-each-ref --format=%(refname)%00%(upstream:short)%00%(objectname)%00%(upstream:track)%00%(upstream:remotename)%00%(upstream:remoteref) refs/heads/master refs/remotes/master [114ms]
2023-09-15 17:56:06.984 [info] > git status -z -uall [35ms]
2023-09-15 17:56:53.733 [info] > git config --get commit.template [17ms]
2023-09-15 17:56:53.740 [info] > git for-each-ref --format=%(refname)%00%(upstream:short)%00%(objectname)%00%(upstream:track)%00%(upstream:remotename)%00%(upstream:remoteref) refs/heads/master refs/remotes/master [8ms]
2023-09-15 17:56:53.790 [info] > git status -z -uall [37ms]
2023-09-15 17:58:16.694 [info] > git check-ignore -v -z --stdin [12ms]
2023-09-15 17:58:20.451 [info] > git show --textconv :Ansible Playbooks, Deep Dive/Looping/17/directory_sequence.yaml [19ms]
2023-09-15 17:58:20.458 [info] > git ls-files --stage -- /home/ansible/git-repos/diveintoansible/Ansible Playbooks, Deep Dive/Looping/17/directory_sequence.yaml [8ms]
2023-09-15 17:58:20.475 [info] > git cat-file -s 97750dedb9ef49590556cd2d3114784a4630ff67 [4ms]
2023-09-15 17:59:00.688 [info] > git show --textconv :Ansible Playbooks, Deep Dive/Looping/17/directory_sequence-mein.yaml [19ms]
2023-09-15 17:59:00.703 [info] > git ls-files --stage -- /home/ansible/git-repos/diveintoansible/Ansible Playbooks, Deep Dive/Looping/17/directory_sequence-mein.yaml [17ms]
2023-09-15 17:59:00.980 [info] > git check-ignore -v -z --stdin [6ms]
2023-09-15 17:59:01.571 [info] > git config --get commit.template [16ms]
2023-09-15 17:59:01.575 [info] > git for-each-ref --format=%(refname)%00%(upstream:short)%00%(objectname)%00%(upstream:track)%00%(upstream:remotename)%00%(upstream:remoteref) refs/heads/master refs/remotes/master [6ms]
2023-09-15 17:59:01.735 [info] > git status -z -uall [149ms]
2023-09-15 18:00:09.317 [info] > git show --textconv :Ansible Playbooks, Deep Dive/Looping/16/directory_sequence-mein.yaml [16ms]
2023-09-15 18:00:09.324 [info] > git ls-files --stage -- /home/ansible/git-repos/diveintoansible/Ansible Playbooks, Deep Dive/Looping/16/directory_sequence-mein.yaml [9ms]
2023-09-15 18:00:10.162 [info] > git config --get commit.template [16ms]
2023-09-15 18:00:10.167 [info] > git for-each-ref --format=%(refname)%00%(upstream:short)%00%(objectname)%00%(upstream:track)%00%(upstream:remotename)%00%(upstream:remoteref) refs/heads/master refs/remotes/master [6ms]
2023-09-15 18:00:10.212 [info] > git status -z -uall [33ms]
2023-09-15 18:01:07.010 [info] > git config --local branch.master.github-pr-owner-number [9ms]
2023-09-15 18:01:07.037 [info] > git config --get commit.template [15ms]
2023-09-15 18:01:07.041 [info] > git for-each-ref --format=%(refname)%00%(upstream:short)%00%(objectname)%00%(upstream:track)%00%(upstream:remotename)%00%(upstream:remoteref) refs/heads/master refs/remotes/master [5ms]
2023-09-15 18:01:07.095 [info] > git status -z -uall [40ms]
2023-09-15 18:01:16.260 [info] > git config --get commit.template [16ms]
2023-09-15 18:01:16.264 [info] > git for-each-ref --format=%(refname)%00%(upstream:short)%00%(objectname)%00%(upstream:track)%00%(upstream:remotename)%00%(upstream:remoteref) refs/heads/master refs/remotes/master [6ms]
2023-09-15 18:01:16.325 [info] > git status -z -uall [48ms]
2023-09-15 18:02:48.199 [info] > git config --get commit.template [17ms]
2023-09-15 18:02:48.207 [info] > git for-each-ref --format=%(refname)%00%(upstream:short)%00%(objectname)%00%(upstream:track)%00%(upstream:remotename)%00%(upstream:remoteref) refs/heads/master refs/remotes/master [8ms]
2023-09-15 18:02:48.254 [info] > git status -z -uall [36ms]
2023-09-15 18:05:23.501 [info] > git config --get commit.template [16ms]
2023-09-15 18:05:23.516 [info] > git for-each-ref --format=%(refname)%00%(upstream:short)%00%(objectname)%00%(upstream:track)%00%(upstream:remotename)%00%(upstream:remoteref) refs/heads/master refs/remotes/master [16ms]
2023-09-15 18:05:23.564 [info] > git status -z -uall [33ms]
2023-09-15 18:06:07.252 [info] > git config --local branch.master.github-pr-owner-number [19ms]
2023-09-15 18:06:07.393 [info] > git config --get commit.template [71ms]
2023-09-15 18:06:07.412 [info] > git for-each-ref --format=%(refname)%00%(upstream:short)%00%(objectname)%00%(upstream:track)%00%(upstream:remotename)%00%(upstream:remoteref) refs/heads/master refs/remotes/master [20ms]
2023-09-15 18:06:07.701 [info] > git status -z -uall [201ms]
2023-09-15 18:07:32.315 [info] > git check-ignore -v -z --stdin [6ms]
2023-09-15 18:07:33.193 [info] > git show --textconv :Ansible Playbooks, Deep Dive/Looping/18/hex_directory_sequence_playbook.yaml [17ms]
2023-09-15 18:07:33.201 [info] > git ls-files --stage -- /home/ansible/git-repos/diveintoansible/Ansible Playbooks, Deep Dive/Looping/18/hex_directory_sequence_playbook.yaml [8ms]
2023-09-15 18:07:33.217 [info] > git cat-file -s be6d3b13c19f470076d9008df1357ad6b0496a99 [3ms]
2023-09-15 18:07:40.098 [info] > git check-ignore -v -z --stdin [5ms]
2023-09-15 18:07:40.907 [info] > git show --textconv :Ansible Playbooks, Deep Dive/Looping/19/count_directory_sequence_playbook.yaml [18ms]
2023-09-15 18:07:40.915 [info] > git ls-files --stage -- /home/ansible/git-repos/diveintoansible/Ansible Playbooks, Deep Dive/Looping/19/count_directory_sequence_playbook.yaml [9ms]
2023-09-15 18:07:40.930 [info] > git cat-file -s 425e2ee7153bd8d2c631c983f30ab3fc3fc306de [3ms]
2023-09-15 18:07:44.357 [info] > git show --textconv :Ansible Playbooks, Deep Dive/Looping/18/hex_directory_sequence_playbook.yaml [17ms]
2023-09-15 18:07:44.365 [info] > git ls-files --stage -- /home/ansible/git-repos/diveintoansible/Ansible Playbooks, Deep Dive/Looping/18/hex_directory_sequence_playbook.yaml [9ms]
2023-09-15 18:07:44.396 [info] > git cat-file -s be6d3b13c19f470076d9008df1357ad6b0496a99 [17ms]
2023-09-15 18:09:43.546 [info] > git config --get commit.template [17ms]
2023-09-15 18:09:43.551 [info] > git for-each-ref --format=%(refname)%00%(upstream:short)%00%(objectname)%00%(upstream:track)%00%(upstream:remotename)%00%(upstream:remoteref) refs/heads/master refs/remotes/master [5ms]
2023-09-15 18:09:43.595 [info] > git status -z -uall [33ms]
2023-09-15 18:11:07.765 [info] > git config --local branch.master.github-pr-owner-number [14ms]
2023-09-15 18:11:07.838 [info] > git config --get commit.template [45ms]
2023-09-15 18:11:07.848 [info] > git for-each-ref --format=%(refname)%00%(upstream:short)%00%(objectname)%00%(upstream:track)%00%(upstream:remotename)%00%(upstream:remoteref) refs/heads/master refs/remotes/master [18ms]
2023-09-15 18:11:07.957 [info] > git status -z -uall [80ms]
2023-09-15 18:11:23.401 [info] > git show --textconv :Ansible Playbooks, Deep Dive/Looping/19/count_directory_sequence_playbook.yaml [17ms]
2023-09-15 18:11:23.412 [info] > git ls-files --stage -- /home/ansible/git-repos/diveintoansible/Ansible Playbooks, Deep Dive/Looping/19/count_directory_sequence_playbook.yaml [12ms]
2023-09-15 18:11:23.440 [info] > git cat-file -s 425e2ee7153bd8d2c631c983f30ab3fc3fc306de [17ms]
2023-09-15 18:12:22.001 [info] > git check-ignore -v -z --stdin [6ms]
2023-09-15 18:12:23.950 [info] > git show --textconv :Ansible Playbooks, Deep Dive/Looping/20/random_choice_playbook.yaml [17ms]
2023-09-15 18:12:23.961 [info] > git ls-files --stage -- /home/ansible/git-repos/diveintoansible/Ansible Playbooks, Deep Dive/Looping/20/random_choice_playbook.yaml [12ms]
2023-09-15 18:12:23.978 [info] > git cat-file -s a32d482e2a3720c3016a5655b7dd36bd912edeb7 [4ms]
2023-09-15 18:13:39.233 [info] > git check-ignore -v -z --stdin [5ms]
2023-09-15 18:13:40.463 [info] > git show --textconv :Ansible Playbooks, Deep Dive/Looping/21/until_playbook.yaml [17ms]
2023-09-15 18:13:40.473 [info] > git ls-files --stage -- /home/ansible/git-repos/diveintoansible/Ansible Playbooks, Deep Dive/Looping/21/until_playbook.yaml [12ms]
2023-09-15 18:13:40.489 [info] > git cat-file -s fecb70930b71d1b3457e484e47cea2f73b1884c4 [4ms]
2023-09-15 18:13:42.761 [info] > git show --textconv :Ansible Playbooks, Deep Dive/Looping/21/random.sh [18ms]
2023-09-15 18:13:42.772 [info] > git ls-files --stage -- /home/ansible/git-repos/diveintoansible/Ansible Playbooks, Deep Dive/Looping/21/random.sh [12ms]
2023-09-15 18:13:42.788 [info] > git cat-file -s 97c64f095510cbfa68fab20097d0303d973c2478 [3ms]
2023-09-15 18:14:04.558 [info] > git show --textconv :Ansible Playbooks, Deep Dive/Looping/21/until_playbook.yaml [17ms]
2023-09-15 18:14:04.565 [info] > git ls-files --stage -- /home/ansible/git-repos/diveintoansible/Ansible Playbooks, Deep Dive/Looping/21/until_playbook.yaml [8ms]
2023-09-15 18:14:04.594 [info] > git cat-file -s fecb70930b71d1b3457e484e47cea2f73b1884c4 [16ms]
2023-09-15 18:14:15.018 [info] > git show --textconv :Ansible Playbooks, Deep Dive/Looping/21/random.sh [18ms]
2023-09-15 18:14:15.024 [info] > git ls-files --stage -- /home/ansible/git-repos/diveintoansible/Ansible Playbooks, Deep Dive/Looping/21/random.sh [6ms]
2023-09-15 18:14:15.040 [info] > git cat-file -s 97c64f095510cbfa68fab20097d0303d973c2478 [5ms]
2023-09-15 18:15:58.716 [info] > git show --textconv :Ansible Playbooks, Deep Dive/Looping/21/until_playbook.yaml [18ms]
2023-09-15 18:15:58.723 [info] > git ls-files --stage -- /home/ansible/git-repos/diveintoansible/Ansible Playbooks, Deep Dive/Looping/21/until_playbook.yaml [8ms]
2023-09-15 18:15:58.752 [info] > git cat-file -s fecb70930b71d1b3457e484e47cea2f73b1884c4 [17ms]
2023-09-15 18:16:07.988 [info] > git config --local branch.master.github-pr-owner-number [4ms]
2023-09-15 18:16:08.018 [info] > git config --get commit.template [16ms]
2023-09-15 18:16:08.022 [info] > git for-each-ref --format=%(refname)%00%(upstream:short)%00%(objectname)%00%(upstream:track)%00%(upstream:remotename)%00%(upstream:remoteref) refs/heads/master refs/remotes/master [6ms]
2023-09-15 18:16:08.068 [info] > git status -z -uall [34ms]
2023-09-15 18:20:38.807 [info] > git config --get commit.template [23ms]
2023-09-15 18:20:38.847 [info] > git for-each-ref --format=%(refname)%00%(upstream:short)%00%(objectname)%00%(upstream:track)%00%(upstream:remotename)%00%(upstream:remoteref) refs/heads/master refs/remotes/master [12ms]
2023-09-15 18:20:38.931 [info] > git status -z -uall [71ms]
2023-09-15 18:21:08.095 [info] > git config --local branch.master.github-pr-owner-number [5ms]
2023-09-15 18:21:08.124 [info] > git config --get commit.template [16ms]
2023-09-15 18:21:08.128 [info] > git for-each-ref --format=%(refname)%00%(upstream:short)%00%(objectname)%00%(upstream:track)%00%(upstream:remotename)%00%(upstream:remoteref) refs/heads/master refs/remotes/master [5ms]
2023-09-15 18:21:08.174 [info] > git status -z -uall [34ms]
