2023-09-27 11:01:14.757 [warning] /home/ansible/.ssh/config: ENOENT: no such file or directory, open '/home/ansible/.ssh/config'
2023-09-27 11:01:15.105 [info] Looking for git repository
2023-09-27 11:01:15.105 [info] Found 0 repositories during activation
2023-09-27 11:01:15.105 [info] Git repository found, initializing review manager and pr tree view.
2023-09-27 11:01:15.117 [info] Registering git provider
2023-09-27 11:01:15.117 [info] Review> Validate state in progress
2023-09-27 11:01:15.117 [info] Review> Validating state...
2023-09-27 11:01:15.152 [info] Found GitHub remote for folder /home/ansible/git-repos/diveintoansible
2023-09-27 11:01:15.620 [info] Trying to use globalState for assignableUsers.
2023-09-27 11:01:16.800 [info] Repo state for file:///home/ansible/git-repos/diveintoansible changed.
2023-09-27 11:01:16.800 [info] Repo file:///home/ansible/git-repos/diveintoansible has already been setup.
2023-09-27 11:01:16.823 [info] Review> No matching pull request metadata found locally for current branch master
2023-09-27 11:01:16.823 [info] Review> no matching pull request metadata found for current branch master
2023-09-27 11:01:17.466 [info] Using globalState assignableUsers for 2.
2023-09-27 11:01:18.048 [info] Review> No matching pull request metadata found on GitHub for current branch master
2023-09-27 11:01:34.777 [info] Review> Validate state in progress
2023-09-27 11:01:34.778 [info] Review> Validating state...
2023-09-27 11:01:35.276 [info] Found GitHub remote for folder /home/ansible/git-repos/diveintoansible
2023-09-27 11:01:35.279 [info] Using in-memory cached assignable users.
2023-09-27 11:01:35.748 [info] Review> No matching pull request metadata found locally for current branch master
2023-09-27 11:01:35.748 [info] Review> no matching pull request metadata found for current branch master
2023-09-27 11:01:36.329 [info] Review> No matching pull request metadata found on GitHub for current branch master
