2023-09-20 15:25:17.785 [info] Protokolliergrad: Info
2023-09-20 15:25:17.785 [info] Gefundenes Git wird überprüft in: "git"
2023-09-20 15:25:17.785 [info] Git "2.34.1" von "git" verwenden
2023-09-20 15:25:17.785 [info] > git rev-parse --show-toplevel [154ms]
2023-09-20 15:25:17.785 [info] fatal: not a git repository (or any parent up to mount point /home)
Stopping at filesystem boundary (GIT_DISCOVERY_ACROSS_FILESYSTEM not set).
2023-09-20 15:25:17.785 [info] > git rev-parse --show-toplevel [68ms]
2023-09-20 15:25:17.789 [info] > git rev-parse --git-dir --git-common-dir [17ms]
2023-09-20 15:25:17.862 [info] Open repository: /home/ansible/git-repos/diveintoansible
2023-09-20 15:25:18.117 [info] > git config --get commit.template [165ms]
2023-09-20 15:25:18.288 [info] > git rev-parse --show-toplevel [174ms]
2023-09-20 15:25:18.308 [info] > git for-each-ref --format=%(refname)%00%(upstream:short)%00%(objectname)%00%(upstream:track)%00%(upstream:remotename)%00%(upstream:remoteref) refs/heads/master refs/remotes/master [27ms]
2023-09-20 15:25:19.030 [info] > git status -z -uall [684ms]
2023-09-20 15:25:19.030 [info] > git check-ignore -v -z --stdin [82ms]
2023-09-20 15:25:19.205 [info] > git rev-parse --show-toplevel [179ms]
2023-09-20 15:25:19.205 [info] fatal: not a git repository (or any parent up to mount point /home)
Stopping at filesystem boundary (GIT_DISCOVERY_ACROSS_FILESYSTEM not set).
2023-09-20 15:25:19.229 [info] > git config --get commit.template [42ms]
2023-09-20 15:25:19.392 [info] > git for-each-ref --format=%(refname)%00%(upstream:short)%00%(objectname)%00%(upstream:track)%00%(upstream:remotename)%00%(upstream:remoteref) refs/heads/master refs/remotes/master [70ms]
2023-09-20 15:25:19.710 [info] > git status -z -uall [276ms]
2023-09-20 15:25:20.421 [info] > git rev-parse --show-toplevel [18ms]
2023-09-20 15:25:20.421 [info] fatal: not a git repository (or any parent up to mount point /home)
Stopping at filesystem boundary (GIT_DISCOVERY_ACROSS_FILESYSTEM not set).
2023-09-20 15:25:20.518 [info] > git rev-parse --show-toplevel [50ms]
2023-09-20 15:25:20.518 [info] fatal: not a git repository (or any parent up to mount point /home)
Stopping at filesystem boundary (GIT_DISCOVERY_ACROSS_FILESYSTEM not set).
2023-09-20 15:25:20.776 [info] > git check-ignore -v -z --stdin [59ms]
