2023-09-21 14:22:08.377 [info] Protokolliergrad: Info
2023-09-21 14:22:08.377 [info] Gefundenes Git wird überprüft in: "git"
2023-09-21 14:22:08.377 [info] Git "2.34.1" von "git" verwenden
2023-09-21 14:22:08.377 [info] > git rev-parse --show-toplevel [142ms]
2023-09-21 14:22:08.377 [info] fatal: not a git repository (or any parent up to mount point /home)
Stopping at filesystem boundary (GIT_DISCOVERY_ACROSS_FILESYSTEM not set).
2023-09-21 14:22:08.377 [info] > git rev-parse --show-toplevel [78ms]
2023-09-21 14:22:08.377 [info] fatal: not a git repository (or any parent up to mount point /home)
Stopping at filesystem boundary (GIT_DISCOVERY_ACROSS_FILESYSTEM not set).
2023-09-21 14:22:08.377 [info] > git rev-parse --show-toplevel [665ms]
2023-09-21 14:22:08.473 [info] > git rev-parse --git-dir --git-common-dir [54ms]
2023-09-21 14:22:08.563 [info] Open repository: /home/ansible/git-repos/diveintoansible
2023-09-21 14:22:08.745 [info] > git config --get commit.template [84ms]
2023-09-21 14:22:08.864 [info] > git for-each-ref --format=%(refname)%00%(upstream:short)%00%(objectname)%00%(upstream:track)%00%(upstream:remotename)%00%(upstream:remoteref) refs/heads/master refs/remotes/master [123ms]
2023-09-21 14:22:09.107 [info] > git status -z -uall [217ms]
2023-09-21 14:22:09.229 [info] > git config --get commit.template [16ms]
2023-09-21 14:22:09.301 [info] > git for-each-ref --format=%(refname)%00%(upstream:short)%00%(objectname)%00%(upstream:track)%00%(upstream:remotename)%00%(upstream:remoteref) refs/heads/master refs/remotes/master [48ms]
2023-09-21 14:22:09.573 [info] > git status -z -uall [245ms]
2023-09-21 14:22:09.907 [info] > git rev-parse --show-toplevel [142ms]
2023-09-21 14:22:09.907 [info] fatal: not a git repository (or any parent up to mount point /home)
Stopping at filesystem boundary (GIT_DISCOVERY_ACROSS_FILESYSTEM not set).
2023-09-21 14:22:10.084 [info] > git rev-parse --show-toplevel [43ms]
2023-09-21 14:22:10.084 [info] fatal: not a git repository (or any parent up to mount point /home)
Stopping at filesystem boundary (GIT_DISCOVERY_ACROSS_FILESYSTEM not set).
2023-09-21 14:22:10.900 [info] > git check-ignore -v -z --stdin [7ms]
2023-09-21 14:22:11.517 [info] > git show --textconv :Structuring Ansible Playbooks/Using Include and Import/03/include_import_tasks_playbook-meinyaml [121ms]
2023-09-21 14:22:11.528 [info] > git show --textconv :Structuring Ansible Playbooks/Using Include and Import/03/include_import_tasks_playbook.yaml [77ms]
2023-09-21 14:22:11.534 [info] > git ls-files --stage -- /home/ansible/git-repos/diveintoansible/Structuring Ansible Playbooks/Using Include and Import/03/include_import_tasks_playbook-meinyaml [64ms]
2023-09-21 14:22:11.555 [info] > git ls-files --stage -- /home/ansible/git-repos/diveintoansible/Structuring Ansible Playbooks/Using Include and Import/03/include_import_tasks_playbook.yaml [52ms]
2023-09-21 14:22:11.592 [info] > git cat-file -s 855a4c67ac7d6123f603325d9ca65f0afd237e70 [7ms]
2023-09-21 14:22:16.806 [info] > git check-ignore -v -z --stdin [9ms]
2023-09-21 14:33:35.272 [info] > git config --get commit.template [22ms]
2023-09-21 14:33:35.279 [info] > git for-each-ref --format=%(refname)%00%(upstream:short)%00%(objectname)%00%(upstream:track)%00%(upstream:remotename)%00%(upstream:remoteref) refs/heads/master refs/remotes/master [14ms]
2023-09-21 14:33:35.332 [info] > git status -z -uall [40ms]
2023-09-21 14:34:09.693 [info] > git show --textconv :Structuring Ansible Playbooks/Using Include and Import/03/include_import_tasks_playbook-mein.yaml [18ms]
2023-09-21 14:34:09.709 [info] > git ls-files --stage -- /home/ansible/git-repos/diveintoansible/Structuring Ansible Playbooks/Using Include and Import/03/include_import_tasks_playbook-mein.yaml [17ms]
2023-09-21 14:34:09.984 [info] > git check-ignore -v -z --stdin [7ms]
2023-09-21 14:34:10.587 [info] > git config --get commit.template [16ms]
2023-09-21 14:34:10.596 [info] > git for-each-ref --format=%(refname)%00%(upstream:short)%00%(objectname)%00%(upstream:track)%00%(upstream:remotename)%00%(upstream:remoteref) refs/heads/master refs/remotes/master [11ms]
2023-09-21 14:34:10.670 [info] > git status -z -uall [62ms]
2023-09-21 14:35:32.247 [info] > git config --get commit.template [21ms]
2023-09-21 14:35:32.265 [info] > git for-each-ref --format=%(refname)%00%(upstream:short)%00%(objectname)%00%(upstream:track)%00%(upstream:remotename)%00%(upstream:remoteref) refs/heads/master refs/remotes/master [22ms]
2023-09-21 14:35:32.407 [info] > git status -z -uall [127ms]
2023-09-21 14:40:44.681 [info] > git config --get commit.template [8ms]
2023-09-21 14:40:44.698 [info] > git for-each-ref --format=%(refname)%00%(upstream:short)%00%(objectname)%00%(upstream:track)%00%(upstream:remotename)%00%(upstream:remoteref) refs/heads/master refs/remotes/master [5ms]
2023-09-21 14:40:44.742 [info] > git status -z -uall [34ms]
2023-09-21 14:40:48.188 [info] > git show --textconv :Structuring Ansible Playbooks/Using Include and Import/03/import_tasks.yaml [18ms]
2023-09-21 14:40:48.198 [info] > git ls-files --stage -- /home/ansible/git-repos/diveintoansible/Structuring Ansible Playbooks/Using Include and Import/03/import_tasks.yaml [12ms]
2023-09-21 14:40:48.228 [info] > git cat-file -s 2088760a85416b9856b6db25f96a4efac801d93b [19ms]
2023-09-21 14:42:08.885 [info] > git config --get commit.template [29ms]
2023-09-21 14:42:08.895 [info] > git for-each-ref --format=%(refname)%00%(upstream:short)%00%(objectname)%00%(upstream:track)%00%(upstream:remotename)%00%(upstream:remoteref) refs/heads/master refs/remotes/master [15ms]
2023-09-21 14:42:08.998 [info] > git status -z -uall [71ms]
2023-09-21 14:42:28.645 [info] > git show --textconv :Structuring Ansible Playbooks/Using Include and Import/03/import_tasks copy.yaml [16ms]
2023-09-21 14:42:28.652 [info] > git ls-files --stage -- /home/ansible/git-repos/diveintoansible/Structuring Ansible Playbooks/Using Include and Import/03/import_tasks copy.yaml [7ms]
2023-09-21 14:42:28.898 [info] > git check-ignore -v -z --stdin [5ms]
2023-09-21 14:42:29.505 [info] > git config --get commit.template [17ms]
2023-09-21 14:42:29.510 [info] > git for-each-ref --format=%(refname)%00%(upstream:short)%00%(objectname)%00%(upstream:track)%00%(upstream:remotename)%00%(upstream:remoteref) refs/heads/master refs/remotes/master [8ms]
2023-09-21 14:42:29.554 [info] > git status -z -uall [33ms]
2023-09-21 14:42:37.835 [info] > git show --textconv :Structuring Ansible Playbooks/Using Include and Import/03/include_tasks copy.yaml [18ms]
2023-09-21 14:42:37.842 [info] > git ls-files --stage -- /home/ansible/git-repos/diveintoansible/Structuring Ansible Playbooks/Using Include and Import/03/include_tasks copy.yaml [9ms]
2023-09-21 14:42:38.093 [info] > git check-ignore -v -z --stdin [5ms]
2023-09-21 14:42:38.680 [info] > git config --get commit.template [15ms]
2023-09-21 14:42:38.685 [info] > git for-each-ref --format=%(refname)%00%(upstream:short)%00%(objectname)%00%(upstream:track)%00%(upstream:remotename)%00%(upstream:remoteref) refs/heads/master refs/remotes/master [7ms]
2023-09-21 14:42:38.730 [info] > git status -z -uall [33ms]
2023-09-21 14:43:02.501 [info] > git show --textconv :Structuring Ansible Playbooks/Using Include and Import/03/import_tasks copy.yaml [16ms]
2023-09-21 14:43:02.508 [info] > git ls-files --stage -- /home/ansible/git-repos/diveintoansible/Structuring Ansible Playbooks/Using Include and Import/03/import_tasks copy.yaml [7ms]
2023-09-21 14:43:31.691 [info] > git show --textconv :Structuring Ansible Playbooks/Using Include and Import/03/import_tasks-mein.yaml [16ms]
2023-09-21 14:43:31.701 [info] > git ls-files --stage -- /home/ansible/git-repos/diveintoansible/Structuring Ansible Playbooks/Using Include and Import/03/import_tasks-mein.yaml [11ms]
2023-09-21 14:43:31.962 [info] > git check-ignore -v -z --stdin [6ms]
2023-09-21 14:43:32.529 [info] > git config --get commit.template [16ms]
2023-09-21 14:43:32.535 [info] > git for-each-ref --format=%(refname)%00%(upstream:short)%00%(objectname)%00%(upstream:track)%00%(upstream:remotename)%00%(upstream:remoteref) refs/heads/master refs/remotes/master [8ms]
2023-09-21 14:43:32.579 [info] > git status -z -uall [34ms]
2023-09-21 14:43:46.215 [info] > git check-ignore -v -z --stdin [7ms]
2023-09-21 14:43:46.754 [info] > git config --get commit.template [16ms]
2023-09-21 14:43:46.759 [info] > git for-each-ref --format=%(refname)%00%(upstream:short)%00%(objectname)%00%(upstream:track)%00%(upstream:remotename)%00%(upstream:remoteref) refs/heads/master refs/remotes/master [6ms]
2023-09-21 14:43:46.804 [info] > git status -z -uall [33ms]
2023-09-21 14:46:11.178 [info] > git config --get commit.template [18ms]
2023-09-21 14:46:11.182 [info] > git for-each-ref --format=%(refname)%00%(upstream:short)%00%(objectname)%00%(upstream:track)%00%(upstream:remotename)%00%(upstream:remoteref) refs/heads/master refs/remotes/master [8ms]
2023-09-21 14:46:11.227 [info] > git status -z -uall [34ms]
2023-09-21 14:46:17.478 [info] > git show --textconv :Structuring Ansible Playbooks/Using Include and Import/03/include_tasks-mein.yaml [19ms]
2023-09-21 14:46:17.484 [info] > git ls-files --stage -- /home/ansible/git-repos/diveintoansible/Structuring Ansible Playbooks/Using Include and Import/03/include_tasks-mein.yaml [10ms]
2023-09-21 14:51:05.988 [info] > git config --get commit.template [16ms]
2023-09-21 14:51:05.993 [info] > git for-each-ref --format=%(refname)%00%(upstream:short)%00%(objectname)%00%(upstream:track)%00%(upstream:remotename)%00%(upstream:remoteref) refs/heads/master refs/remotes/master [7ms]
2023-09-21 14:51:06.038 [info] > git status -z -uall [34ms]
2023-09-21 14:51:11.075 [info] > git config --get commit.template [17ms]
2023-09-21 14:51:11.079 [info] > git for-each-ref --format=%(refname)%00%(upstream:short)%00%(objectname)%00%(upstream:track)%00%(upstream:remotename)%00%(upstream:remoteref) refs/heads/master refs/remotes/master [7ms]
2023-09-21 14:51:11.141 [info] > git status -z -uall [39ms]
2023-09-21 14:51:42.372 [info] > git config --get commit.template [16ms]
2023-09-21 14:51:42.377 [info] > git for-each-ref --format=%(refname)%00%(upstream:short)%00%(objectname)%00%(upstream:track)%00%(upstream:remotename)%00%(upstream:remoteref) refs/heads/master refs/remotes/master [6ms]
2023-09-21 14:51:42.421 [info] > git status -z -uall [33ms]
2023-09-21 14:55:05.842 [info] > git config --get commit.template [20ms]
2023-09-21 14:55:05.847 [info] > git for-each-ref --format=%(refname)%00%(upstream:short)%00%(objectname)%00%(upstream:track)%00%(upstream:remotename)%00%(upstream:remoteref) refs/heads/master refs/remotes/master [11ms]
2023-09-21 14:55:05.905 [info] > git status -z -uall [47ms]
2023-09-21 14:55:45.323 [info] > git config --get commit.template [15ms]
2023-09-21 14:55:45.328 [info] > git for-each-ref --format=%(refname)%00%(upstream:short)%00%(objectname)%00%(upstream:track)%00%(upstream:remotename)%00%(upstream:remoteref) refs/heads/master refs/remotes/master [6ms]
2023-09-21 14:55:45.372 [info] > git status -z -uall [34ms]
2023-09-21 15:09:20.015 [info] > git show --textconv :Structuring Ansible Playbooks/Using Include and Import/04/imported_playbook.yaml [17ms]
2023-09-21 15:09:20.025 [info] > git ls-files --stage -- /home/ansible/git-repos/diveintoansible/Structuring Ansible Playbooks/Using Include and Import/04/imported_playbook.yaml [11ms]
2023-09-21 15:09:20.042 [info] > git cat-file -s 8e7e039e44a225a6a765de256611b1efb659370a [6ms]
2023-09-21 15:09:29.545 [info] > git show --textconv :Structuring Ansible Playbooks/Using Include and Import/04/import_playbook.yaml [17ms]
2023-09-21 15:09:29.551 [info] > git ls-files --stage -- /home/ansible/git-repos/diveintoansible/Structuring Ansible Playbooks/Using Include and Import/04/import_playbook.yaml [7ms]
2023-09-21 15:09:29.567 [info] > git cat-file -s cd8879b2c84620fa0073bd3790f160d4fff8bfa0 [4ms]
2023-09-21 15:09:42.613 [info] > git show --textconv :Structuring Ansible Playbooks/Using Include and Import/04/imported_playbook.yaml [17ms]
2023-09-21 15:09:42.621 [info] > git ls-files --stage -- /home/ansible/git-repos/diveintoansible/Structuring Ansible Playbooks/Using Include and Import/04/imported_playbook.yaml [9ms]
2023-09-21 15:09:42.650 [info] > git cat-file -s 8e7e039e44a225a6a765de256611b1efb659370a [18ms]
2023-09-21 15:11:23.487 [info] > git check-ignore -v -z --stdin [6ms]
2023-09-21 15:11:24.572 [info] > git check-ignore -v -z --stdin [7ms]
2023-09-21 15:11:30.338 [info] > git show --textconv :Structuring Ansible Playbooks/Using Tags/01/nginx_playbook.yaml [17ms]
2023-09-21 15:11:30.351 [info] > git ls-files --stage -- /home/ansible/git-repos/diveintoansible/Structuring Ansible Playbooks/Using Tags/01/nginx_playbook.yaml [14ms]
2023-09-21 15:11:30.367 [info] > git cat-file -s b70775cce672b79dbfdaaa8418e6203611d653cf [6ms]
2023-09-21 15:13:46.934 [info] > git check-ignore -v -z --stdin [5ms]
2023-09-21 15:13:51.374 [info] > git show --textconv :Structuring Ansible Playbooks/Using Tags/01/vars/logos.yaml [66ms]
2023-09-21 15:13:51.376 [info] > git ls-files --stage -- /home/ansible/git-repos/diveintoansible/Structuring Ansible Playbooks/Using Tags/01/vars/logos.yaml [42ms]
2023-09-21 15:13:51.456 [info] > git cat-file -s 237ec2c2262d6e00e7a7ffbfee27564b12ff2152 [15ms]
2023-09-21 15:13:55.788 [info] > git check-ignore -v -z --stdin [6ms]
2023-09-21 15:14:02.825 [info] > git check-ignore -v -z --stdin [6ms]
2023-09-21 15:14:04.239 [info] > git show --textconv :Structuring Ansible Playbooks/Using Tags/01/group_vars/centos [17ms]
2023-09-21 15:14:04.246 [info] > git ls-files --stage -- /home/ansible/git-repos/diveintoansible/Structuring Ansible Playbooks/Using Tags/01/group_vars/centos [8ms]
2023-09-21 15:14:04.262 [info] > git cat-file -s b37cfa254fadd227ecf830a123d60e0173672c90 [4ms]
