2023-09-17 22:09:14.132 [info] Protokolliergrad: Info
2023-09-17 22:09:14.137 [info] Gefundenes Git wird überprüft in: "git"
2023-09-17 22:09:14.137 [info] Git "2.34.1" von "git" verwenden
2023-09-17 22:09:14.137 [info] > git rev-parse --show-toplevel [57ms]
2023-09-17 22:09:14.137 [info] fatal: not a git repository (or any parent up to mount point /home)
Stopping at filesystem boundary (GIT_DISCOVERY_ACROSS_FILESYSTEM not set).
2023-09-17 22:09:14.137 [info] > git rev-parse --show-toplevel [107ms]
2023-09-17 22:09:14.137 [info] > git rev-parse --git-dir --git-common-dir [56ms]
2023-09-17 22:09:14.137 [info] Open repository: /home/ansible/git-repos/diveintoansible
2023-09-17 22:09:14.137 [info] > git rev-parse --show-toplevel [39ms]
2023-09-17 22:09:14.137 [info] fatal: not a git repository (or any parent up to mount point /home)
Stopping at filesystem boundary (GIT_DISCOVERY_ACROSS_FILESYSTEM not set).
2023-09-17 22:09:14.137 [info] > git config --get commit.template [268ms]
2023-09-17 22:09:14.137 [info] > git for-each-ref --format=%(refname)%00%(upstream:short)%00%(objectname)%00%(upstream:track)%00%(upstream:remotename)%00%(upstream:remoteref) refs/heads/master refs/remotes/master [2198ms]
2023-09-17 22:09:14.137 [info] > git status -z -uall [292ms]
2023-09-17 22:09:14.137 [info] > git config --get commit.template [62ms]
2023-09-17 22:09:14.145 [info] > git for-each-ref --format=%(refname)%00%(upstream:short)%00%(objectname)%00%(upstream:track)%00%(upstream:remotename)%00%(upstream:remoteref) refs/heads/master refs/remotes/master [45ms]
2023-09-17 22:09:15.035 [info] > git status -z -uall [838ms]
2023-09-17 22:09:15.917 [info] > git check-ignore -v -z --stdin [72ms]
2023-09-17 22:09:16.741 [info] > git check-ignore -v -z --stdin [55ms]
2023-09-17 22:09:17.136 [info] > git show --textconv :Ansible Playbooks, Deep Dive/Asynchronous, Serial, Parallel/04/slow_playbook.yaml [55ms]
2023-09-17 22:09:17.149 [info] > git ls-files --stage -- /home/ansible/git-repos/diveintoansible/Ansible Playbooks, Deep Dive/Asynchronous, Serial, Parallel/04/slow_playbook.yaml [18ms]
2023-09-17 22:09:17.217 [info] > git cat-file -s 62fdb80b532ecd5a60bb228ec76d88f4a6e75a48 [21ms]
2023-09-17 22:09:31.480 [info] > git config --local branch.master.github-pr-owner-number [1783ms]
2023-09-17 22:09:32.282 [info] > git config --get commit.template [556ms]
2023-09-17 22:09:33.785 [info] > git for-each-ref --format=%(refname)%00%(upstream:short)%00%(objectname)%00%(upstream:track)%00%(upstream:remotename)%00%(upstream:remoteref) refs/heads/master refs/remotes/master [453ms]
2023-09-17 22:09:36.403 [info] > git status -z -uall [2354ms]
2023-09-17 22:14:27.089 [info] > git config --local branch.master.github-pr-owner-number [43ms]
2023-09-17 22:14:27.140 [info] > git config --get commit.template [23ms]
2023-09-17 22:14:27.177 [info] > git for-each-ref --format=%(refname)%00%(upstream:short)%00%(objectname)%00%(upstream:track)%00%(upstream:remotename)%00%(upstream:remoteref) refs/heads/master refs/remotes/master [41ms]
2023-09-17 22:14:27.307 [info] > git status -z -uall [112ms]
2023-09-17 22:19:27.364 [info] > git config --local branch.master.github-pr-owner-number [8ms]
2023-09-17 22:19:27.403 [info] > git config --get commit.template [20ms]
2023-09-17 22:19:27.409 [info] > git for-each-ref --format=%(refname)%00%(upstream:short)%00%(objectname)%00%(upstream:track)%00%(upstream:remotename)%00%(upstream:remoteref) refs/heads/master refs/remotes/master [8ms]
2023-09-17 22:19:27.462 [info] > git status -z -uall [36ms]
2023-09-17 22:24:27.489 [info] > git config --local branch.master.github-pr-owner-number [3ms]
2023-09-17 22:24:27.527 [info] > git config --get commit.template [21ms]
2023-09-17 22:24:27.532 [info] > git for-each-ref --format=%(refname)%00%(upstream:short)%00%(objectname)%00%(upstream:track)%00%(upstream:remotename)%00%(upstream:remoteref) refs/heads/master refs/remotes/master [6ms]
2023-09-17 22:24:27.582 [info] > git status -z -uall [33ms]
2023-09-17 22:29:27.611 [info] > git config --local branch.master.github-pr-owner-number [4ms]
2023-09-17 22:29:27.652 [info] > git config --get commit.template [23ms]
2023-09-17 22:29:27.657 [info] > git for-each-ref --format=%(refname)%00%(upstream:short)%00%(objectname)%00%(upstream:track)%00%(upstream:remotename)%00%(upstream:remoteref) refs/heads/master refs/remotes/master [8ms]
2023-09-17 22:29:27.708 [info] > git status -z -uall [35ms]
2023-09-17 22:34:27.746 [info] > git config --local branch.master.github-pr-owner-number [8ms]
2023-09-17 22:34:27.785 [info] > git config --get commit.template [20ms]
2023-09-17 22:34:27.789 [info] > git for-each-ref --format=%(refname)%00%(upstream:short)%00%(objectname)%00%(upstream:track)%00%(upstream:remotename)%00%(upstream:remoteref) refs/heads/master refs/remotes/master [6ms]
2023-09-17 22:34:27.840 [info] > git status -z -uall [34ms]
2023-09-17 22:39:27.874 [info] > git config --local branch.master.github-pr-owner-number [5ms]
2023-09-17 22:39:27.913 [info] > git config --get commit.template [20ms]
2023-09-17 22:39:27.918 [info] > git for-each-ref --format=%(refname)%00%(upstream:short)%00%(objectname)%00%(upstream:track)%00%(upstream:remotename)%00%(upstream:remoteref) refs/heads/master refs/remotes/master [6ms]
2023-09-17 22:39:27.967 [info] > git status -z -uall [33ms]
2023-09-17 22:44:27.998 [info] > git config --local branch.master.github-pr-owner-number [4ms]
2023-09-17 22:44:28.036 [info] > git config --get commit.template [20ms]
2023-09-17 22:44:28.040 [info] > git for-each-ref --format=%(refname)%00%(upstream:short)%00%(objectname)%00%(upstream:track)%00%(upstream:remotename)%00%(upstream:remoteref) refs/heads/master refs/remotes/master [6ms]
2023-09-17 22:44:28.092 [info] > git status -z -uall [35ms]
2023-09-17 22:49:28.120 [info] > git config --local branch.master.github-pr-owner-number [3ms]
2023-09-17 22:49:28.159 [info] > git config --get commit.template [21ms]
2023-09-17 22:49:28.163 [info] > git for-each-ref --format=%(refname)%00%(upstream:short)%00%(objectname)%00%(upstream:track)%00%(upstream:remotename)%00%(upstream:remoteref) refs/heads/master refs/remotes/master [7ms]
2023-09-17 22:49:28.213 [info] > git status -z -uall [33ms]
2023-09-17 22:54:28.239 [info] > git config --local branch.master.github-pr-owner-number [4ms]
2023-09-17 22:54:28.277 [info] > git config --get commit.template [20ms]
2023-09-17 22:54:28.282 [info] > git for-each-ref --format=%(refname)%00%(upstream:short)%00%(objectname)%00%(upstream:track)%00%(upstream:remotename)%00%(upstream:remoteref) refs/heads/master refs/remotes/master [6ms]
2023-09-17 22:54:28.332 [info] > git status -z -uall [33ms]
2023-09-17 22:59:28.357 [info] > git config --local branch.master.github-pr-owner-number [4ms]
2023-09-17 22:59:28.395 [info] > git config --get commit.template [20ms]
2023-09-17 22:59:28.400 [info] > git for-each-ref --format=%(refname)%00%(upstream:short)%00%(objectname)%00%(upstream:track)%00%(upstream:remotename)%00%(upstream:remoteref) refs/heads/master refs/remotes/master [6ms]
2023-09-17 22:59:28.449 [info] > git status -z -uall [33ms]
2023-09-17 23:04:28.476 [info] > git config --local branch.master.github-pr-owner-number [4ms]
2023-09-17 23:04:28.516 [info] > git config --get commit.template [20ms]
2023-09-17 23:04:28.520 [info] > git for-each-ref --format=%(refname)%00%(upstream:short)%00%(objectname)%00%(upstream:track)%00%(upstream:remotename)%00%(upstream:remoteref) refs/heads/master refs/remotes/master [6ms]
2023-09-17 23:04:28.570 [info] > git status -z -uall [33ms]
2023-09-17 23:09:28.597 [info] > git config --local branch.master.github-pr-owner-number [4ms]
2023-09-17 23:09:28.634 [info] > git config --get commit.template [20ms]
2023-09-17 23:09:28.638 [info] > git for-each-ref --format=%(refname)%00%(upstream:short)%00%(objectname)%00%(upstream:track)%00%(upstream:remotename)%00%(upstream:remoteref) refs/heads/master refs/remotes/master [6ms]
2023-09-17 23:09:28.688 [info] > git status -z -uall [33ms]
2023-09-17 23:14:28.718 [info] > git config --local branch.master.github-pr-owner-number [4ms]
2023-09-17 23:14:28.785 [info] > git for-each-ref --format=%(refname)%00%(upstream:short)%00%(objectname)%00%(upstream:track)%00%(upstream:remotename)%00%(upstream:remoteref) refs/heads/master refs/remotes/master [1ms]
2023-09-17 23:14:28.785 [info] > git config --get commit.template [33ms]
2023-09-17 23:14:28.836 [info] > git status -z -uall [33ms]
2023-09-17 23:19:28.862 [info] > git config --local branch.master.github-pr-owner-number [3ms]
2023-09-17 23:19:28.899 [info] > git config --get commit.template [20ms]
2023-09-17 23:19:28.904 [info] > git for-each-ref --format=%(refname)%00%(upstream:short)%00%(objectname)%00%(upstream:track)%00%(upstream:remotename)%00%(upstream:remoteref) refs/heads/master refs/remotes/master [6ms]
2023-09-17 23:19:28.953 [info] > git status -z -uall [33ms]
2023-09-17 23:24:28.980 [info] > git config --local branch.master.github-pr-owner-number [4ms]
2023-09-17 23:24:29.018 [info] > git config --get commit.template [20ms]
2023-09-17 23:24:29.024 [info] > git for-each-ref --format=%(refname)%00%(upstream:short)%00%(objectname)%00%(upstream:track)%00%(upstream:remotename)%00%(upstream:remoteref) refs/heads/master refs/remotes/master [8ms]
2023-09-17 23:24:29.074 [info] > git status -z -uall [33ms]
2023-09-17 23:29:29.100 [info] > git config --local branch.master.github-pr-owner-number [4ms]
2023-09-17 23:29:29.139 [info] > git config --get commit.template [22ms]
2023-09-17 23:29:29.144 [info] > git for-each-ref --format=%(refname)%00%(upstream:short)%00%(objectname)%00%(upstream:track)%00%(upstream:remotename)%00%(upstream:remoteref) refs/heads/master refs/remotes/master [6ms]
2023-09-17 23:29:29.193 [info] > git status -z -uall [32ms]
2023-09-17 23:34:29.219 [info] > git config --local branch.master.github-pr-owner-number [4ms]
2023-09-17 23:34:29.258 [info] > git config --get commit.template [20ms]
2023-09-17 23:34:29.262 [info] > git for-each-ref --format=%(refname)%00%(upstream:short)%00%(objectname)%00%(upstream:track)%00%(upstream:remotename)%00%(upstream:remoteref) refs/heads/master refs/remotes/master [6ms]
2023-09-17 23:34:29.312 [info] > git status -z -uall [33ms]
2023-09-17 23:39:29.340 [info] > git config --local branch.master.github-pr-owner-number [3ms]
2023-09-17 23:39:29.377 [info] > git config --get commit.template [20ms]
2023-09-17 23:39:29.381 [info] > git for-each-ref --format=%(refname)%00%(upstream:short)%00%(objectname)%00%(upstream:track)%00%(upstream:remotename)%00%(upstream:remoteref) refs/heads/master refs/remotes/master [5ms]
2023-09-17 23:39:29.432 [info] > git status -z -uall [33ms]
2023-09-17 23:44:29.457 [info] > git config --local branch.master.github-pr-owner-number [4ms]
2023-09-17 23:44:29.495 [info] > git config --get commit.template [20ms]
2023-09-17 23:44:29.499 [info] > git for-each-ref --format=%(refname)%00%(upstream:short)%00%(objectname)%00%(upstream:track)%00%(upstream:remotename)%00%(upstream:remoteref) refs/heads/master refs/remotes/master [5ms]
2023-09-17 23:44:29.552 [info] > git status -z -uall [33ms]
2023-09-17 23:49:29.577 [info] > git config --local branch.master.github-pr-owner-number [4ms]
2023-09-17 23:49:29.616 [info] > git config --get commit.template [21ms]
2023-09-17 23:49:29.621 [info] > git for-each-ref --format=%(refname)%00%(upstream:short)%00%(objectname)%00%(upstream:track)%00%(upstream:remotename)%00%(upstream:remoteref) refs/heads/master refs/remotes/master [7ms]
2023-09-17 23:49:29.670 [info] > git status -z -uall [33ms]
2023-09-17 23:54:29.695 [info] > git config --local branch.master.github-pr-owner-number [4ms]
2023-09-17 23:54:29.733 [info] > git config --get commit.template [20ms]
2023-09-17 23:54:29.737 [info] > git for-each-ref --format=%(refname)%00%(upstream:short)%00%(objectname)%00%(upstream:track)%00%(upstream:remotename)%00%(upstream:remoteref) refs/heads/master refs/remotes/master [6ms]
2023-09-17 23:54:29.786 [info] > git status -z -uall [33ms]
2023-09-17 23:59:29.813 [info] > git config --local branch.master.github-pr-owner-number [3ms]
2023-09-17 23:59:29.850 [info] > git config --get commit.template [20ms]
2023-09-17 23:59:29.855 [info] > git for-each-ref --format=%(refname)%00%(upstream:short)%00%(objectname)%00%(upstream:track)%00%(upstream:remotename)%00%(upstream:remoteref) refs/heads/master refs/remotes/master [6ms]
2023-09-17 23:59:29.904 [info] > git status -z -uall [33ms]
2023-09-18 00:04:29.938 [info] > git config --local branch.master.github-pr-owner-number [6ms]
2023-09-18 00:04:29.977 [info] > git config --get commit.template [22ms]
2023-09-18 00:04:29.982 [info] > git for-each-ref --format=%(refname)%00%(upstream:short)%00%(objectname)%00%(upstream:track)%00%(upstream:remotename)%00%(upstream:remoteref) refs/heads/master refs/remotes/master [8ms]
2023-09-18 00:04:30.031 [info] > git status -z -uall [33ms]
2023-09-18 00:09:30.076 [info] > git config --local branch.master.github-pr-owner-number [16ms]
2023-09-18 00:09:30.114 [info] > git config --get commit.template [20ms]
2023-09-18 00:09:30.120 [info] > git for-each-ref --format=%(refname)%00%(upstream:short)%00%(objectname)%00%(upstream:track)%00%(upstream:remotename)%00%(upstream:remoteref) refs/heads/master refs/remotes/master [7ms]
2023-09-18 00:09:30.170 [info] > git status -z -uall [34ms]
2023-09-18 00:14:30.195 [info] > git config --local branch.master.github-pr-owner-number [4ms]
2023-09-18 00:14:30.233 [info] > git config --get commit.template [19ms]
2023-09-18 00:14:30.237 [info] > git for-each-ref --format=%(refname)%00%(upstream:short)%00%(objectname)%00%(upstream:track)%00%(upstream:remotename)%00%(upstream:remoteref) refs/heads/master refs/remotes/master [6ms]
2023-09-18 00:14:30.287 [info] > git status -z -uall [33ms]
2023-09-18 00:19:30.315 [info] > git config --local branch.master.github-pr-owner-number [3ms]
2023-09-18 00:19:30.353 [info] > git config --get commit.template [21ms]
2023-09-18 00:19:30.357 [info] > git for-each-ref --format=%(refname)%00%(upstream:short)%00%(objectname)%00%(upstream:track)%00%(upstream:remotename)%00%(upstream:remoteref) refs/heads/master refs/remotes/master [6ms]
2023-09-18 00:19:30.407 [info] > git status -z -uall [32ms]
2023-09-18 00:24:30.433 [info] > git config --local branch.master.github-pr-owner-number [4ms]
2023-09-18 00:24:30.471 [info] > git config --get commit.template [20ms]
2023-09-18 00:24:30.475 [info] > git for-each-ref --format=%(refname)%00%(upstream:short)%00%(objectname)%00%(upstream:track)%00%(upstream:remotename)%00%(upstream:remoteref) refs/heads/master refs/remotes/master [6ms]
2023-09-18 00:24:30.528 [info] > git status -z -uall [33ms]
2023-09-18 00:29:30.554 [info] > git config --local branch.master.github-pr-owner-number [4ms]
2023-09-18 00:29:30.592 [info] > git config --get commit.template [19ms]
2023-09-18 00:29:30.596 [info] > git for-each-ref --format=%(refname)%00%(upstream:short)%00%(objectname)%00%(upstream:track)%00%(upstream:remotename)%00%(upstream:remoteref) refs/heads/master refs/remotes/master [6ms]
2023-09-18 00:29:30.645 [info] > git status -z -uall [33ms]
2023-09-18 00:34:30.672 [info] > git config --local branch.master.github-pr-owner-number [4ms]
2023-09-18 00:34:30.710 [info] > git config --get commit.template [20ms]
2023-09-18 00:34:30.714 [info] > git for-each-ref --format=%(refname)%00%(upstream:short)%00%(objectname)%00%(upstream:track)%00%(upstream:remotename)%00%(upstream:remoteref) refs/heads/master refs/remotes/master [6ms]
2023-09-18 00:34:30.763 [info] > git status -z -uall [33ms]
2023-09-18 00:39:30.788 [info] > git config --local branch.master.github-pr-owner-number [4ms]
2023-09-18 00:39:30.826 [info] > git config --get commit.template [20ms]
2023-09-18 00:39:30.830 [info] > git for-each-ref --format=%(refname)%00%(upstream:short)%00%(objectname)%00%(upstream:track)%00%(upstream:remotename)%00%(upstream:remoteref) refs/heads/master refs/remotes/master [6ms]
2023-09-18 00:39:30.879 [info] > git status -z -uall [33ms]
2023-09-18 00:44:30.904 [info] > git config --local branch.master.github-pr-owner-number [4ms]
2023-09-18 00:44:30.943 [info] > git config --get commit.template [21ms]
2023-09-18 00:44:30.954 [info] > git for-each-ref --format=%(refname)%00%(upstream:short)%00%(objectname)%00%(upstream:track)%00%(upstream:remotename)%00%(upstream:remoteref) refs/heads/master refs/remotes/master [7ms]
2023-09-18 00:44:31.004 [info] > git status -z -uall [33ms]
2023-09-18 00:49:31.031 [info] > git config --local branch.master.github-pr-owner-number [4ms]
2023-09-18 00:49:31.069 [info] > git config --get commit.template [20ms]
2023-09-18 00:49:31.073 [info] > git for-each-ref --format=%(refname)%00%(upstream:short)%00%(objectname)%00%(upstream:track)%00%(upstream:remotename)%00%(upstream:remoteref) refs/heads/master refs/remotes/master [6ms]
2023-09-18 00:49:31.123 [info] > git status -z -uall [33ms]
2023-09-18 00:54:31.151 [info] > git config --local branch.master.github-pr-owner-number [3ms]
2023-09-18 00:54:31.193 [info] > git config --get commit.template [21ms]
2023-09-18 00:54:31.197 [info] > git for-each-ref --format=%(refname)%00%(upstream:short)%00%(objectname)%00%(upstream:track)%00%(upstream:remotename)%00%(upstream:remoteref) refs/heads/master refs/remotes/master [10ms]
2023-09-18 00:54:31.248 [info] > git status -z -uall [33ms]
2023-09-18 00:59:31.274 [info] > git config --local branch.master.github-pr-owner-number [4ms]
2023-09-18 00:59:31.311 [info] > git config --get commit.template [20ms]
2023-09-18 00:59:31.315 [info] > git for-each-ref --format=%(refname)%00%(upstream:short)%00%(objectname)%00%(upstream:track)%00%(upstream:remotename)%00%(upstream:remoteref) refs/heads/master refs/remotes/master [5ms]
2023-09-18 00:59:31.368 [info] > git status -z -uall [35ms]
2023-09-18 01:04:31.392 [info] > git config --local branch.master.github-pr-owner-number [4ms]
2023-09-18 01:04:31.430 [info] > git config --get commit.template [20ms]
2023-09-18 01:04:31.435 [info] > git for-each-ref --format=%(refname)%00%(upstream:short)%00%(objectname)%00%(upstream:track)%00%(upstream:remotename)%00%(upstream:remoteref) refs/heads/master refs/remotes/master [5ms]
2023-09-18 01:04:31.484 [info] > git status -z -uall [33ms]
2023-09-18 01:09:31.509 [info] > git config --local branch.master.github-pr-owner-number [4ms]
2023-09-18 01:09:31.571 [info] > git config --get commit.template [20ms]
2023-09-18 01:09:31.576 [info] > git for-each-ref --format=%(refname)%00%(upstream:short)%00%(objectname)%00%(upstream:track)%00%(upstream:remotename)%00%(upstream:remoteref) refs/heads/master refs/remotes/master [7ms]
2023-09-18 01:09:31.625 [info] > git status -z -uall [33ms]
