2023-09-16 13:05:21.945 [info] Protokolliergrad: Info
2023-09-16 13:05:21.945 [info] Gefundenes Git wird überprüft in: "git"
2023-09-16 13:05:21.945 [info] Git "2.34.1" von "git" verwenden
2023-09-16 13:05:21.945 [info] > git rev-parse --show-toplevel [1105ms]
2023-09-16 13:05:21.945 [info] fatal: not a git repository (or any parent up to mount point /home)
Stopping at filesystem boundary (GIT_DISCOVERY_ACROSS_FILESYSTEM not set).
2023-09-16 13:05:21.945 [info] > git rev-parse --show-toplevel [58ms]
2023-09-16 13:05:21.945 [info] > git rev-parse --git-dir --git-common-dir [15ms]
2023-09-16 13:05:21.945 [info] Open repository: /home/ansible/git-repos/diveintoansible
2023-09-16 13:05:22.018 [info] > git config --get commit.template [34ms]
2023-09-16 13:05:22.053 [info] > git rev-parse --show-toplevel [38ms]
2023-09-16 13:05:22.114 [info] > git for-each-ref --format=%(refname)%00%(upstream:short)%00%(objectname)%00%(upstream:track)%00%(upstream:remotename)%00%(upstream:remoteref) refs/heads/master refs/remotes/master [67ms]
2023-09-16 13:05:22.250 [info] > git rev-parse --show-toplevel [37ms]
2023-09-16 13:05:22.250 [info] fatal: not a git repository (or any parent up to mount point /home)
Stopping at filesystem boundary (GIT_DISCOVERY_ACROSS_FILESYSTEM not set).
2023-09-16 13:05:22.366 [info] > git status -z -uall [209ms]
2023-09-16 13:05:22.485 [info] > git config --get commit.template [43ms]
2023-09-16 13:05:23.411 [info] > git for-each-ref --format=%(refname)%00%(upstream:short)%00%(objectname)%00%(upstream:track)%00%(upstream:remotename)%00%(upstream:remoteref) refs/heads/master refs/remotes/master [863ms]
2023-09-16 13:05:23.514 [info] > git check-ignore -v -z --stdin [230ms]
2023-09-16 13:05:23.640 [info] > git status -z -uall [191ms]
2023-09-16 13:05:25.090 [info] > git check-ignore -v -z --stdin [28ms]
2023-09-16 13:05:25.166 [info] > git show --textconv :Ansible Playbooks, Deep Dive/Looping/21/until_playbook.yaml [54ms]
2023-09-16 13:05:25.166 [info] > git show --textconv :Ansible Playbooks, Deep Dive/Looping/17/directory_sequence.yaml [35ms]
2023-09-16 13:05:25.167 [info] > git ls-files --stage -- /home/ansible/git-repos/diveintoansible/Ansible Playbooks, Deep Dive/Looping/21/until_playbook.yaml [19ms]
2023-09-16 13:05:25.189 [info] > git ls-files --stage -- /home/ansible/git-repos/diveintoansible/Ansible Playbooks, Deep Dive/Looping/17/directory_sequence.yaml [25ms]
2023-09-16 13:05:25.213 [info] > git cat-file -s fecb70930b71d1b3457e484e47cea2f73b1884c4 [32ms]
2023-09-16 13:05:25.219 [info] > git cat-file -s 97750dedb9ef49590556cd2d3114784a4630ff67 [18ms]
2023-09-16 13:05:26.410 [info] > git config --local branch.master.github-pr-owner-number [185ms]
2023-09-16 13:05:26.453 [info] > git config --get commit.template [22ms]
2023-09-16 13:05:26.513 [info] > git for-each-ref --format=%(refname)%00%(upstream:short)%00%(objectname)%00%(upstream:track)%00%(upstream:remotename)%00%(upstream:remoteref) refs/heads/master refs/remotes/master [30ms]
2023-09-16 13:05:26.564 [info] > git status -z -uall [35ms]
2023-09-16 13:07:05.693 [info] > git check-ignore -v -z --stdin [7ms]
2023-09-16 13:07:07.630 [info] > git rev-parse --show-toplevel [19ms]
2023-09-16 13:07:07.630 [info] fatal: not a git repository (or any parent up to mount point /home)
Stopping at filesystem boundary (GIT_DISCOVERY_ACROSS_FILESYSTEM not set).
2023-09-16 13:07:08.148 [info] > git check-ignore -v -z --stdin [8ms]
2023-09-16 13:07:14.975 [info] > git add -A -- . [84ms]
2023-09-16 13:07:15.065 [info] > git -c user.useConfigOnly=true commit --quiet --allow-empty-message --file - [73ms]
2023-09-16 13:07:15.082 [info] > git config --get commit.template [3ms]
2023-09-16 13:07:15.127 [info] > git config --get commit.template [28ms]
2023-09-16 13:07:15.129 [info] > git for-each-ref --format=%(refname)%00%(upstream:short)%00%(objectname)%00%(upstream:track)%00%(upstream:remotename)%00%(upstream:remoteref) refs/heads/master refs/remotes/master [13ms]
2023-09-16 13:07:15.192 [info] > git status -z -uall [48ms]
2023-09-16 13:07:15.437 [info] > git config --local branch.master.github-pr-owner-number [12ms]
2023-09-16 13:07:15.477 [info] > git config --get commit.template [26ms]
2023-09-16 13:07:15.501 [info] > git for-each-ref --format=%(refname)%00%(upstream:short)%00%(objectname)%00%(upstream:track)%00%(upstream:remotename)%00%(upstream:remoteref) refs/heads/master refs/remotes/master [31ms]
2023-09-16 13:07:15.529 [info] > git config --get commit.template [28ms]
2023-09-16 13:07:15.550 [info] > git for-each-ref --format=%(refname)%00%(upstream:short)%00%(objectname)%00%(upstream:track)%00%(upstream:remotename)%00%(upstream:remoteref) refs/heads/master refs/remotes/master [8ms]
2023-09-16 13:07:15.653 [info] > git status -z -uall [90ms]
2023-09-16 13:07:16.330 [info] > git ls-files --stage -- /home/ansible/git-repos/diveintoansible/Ansible Playbooks, Deep Dive/Looping/21/until_playbook.yaml [26ms]
2023-09-16 13:07:16.346 [info] > git ls-files --stage -- /home/ansible/git-repos/diveintoansible/Ansible Playbooks, Deep Dive/Looping/17/directory_sequence.yaml [25ms]
2023-09-16 13:07:16.370 [info] > git cat-file -s d4f032b9e751ad0dc6b7b956d2ba9c6c7578c798 [26ms]
2023-09-16 13:07:16.373 [info] > git cat-file -s 97750dedb9ef49590556cd2d3114784a4630ff67 [10ms]
2023-09-16 13:07:16.417 [info] > git show --textconv :Ansible Playbooks, Deep Dive/Looping/21/until_playbook.yaml [19ms]
2023-09-16 13:07:16.426 [info] > git show --textconv :Ansible Playbooks, Deep Dive/Looping/17/directory_sequence.yaml [9ms]
2023-09-16 13:07:28.571 [info] > git check-ignore -v -z --stdin [7ms]
2023-09-16 13:07:32.589 [info] > git check-ignore -v -z --stdin [6ms]
2023-09-16 13:07:33.654 [info] > git show --textconv :Ansible Playbooks, Deep Dive/Asynchronous, Serial, Parallel/01/slow_playbook.yaml [19ms]
2023-09-16 13:07:33.667 [info] > git ls-files --stage -- /home/ansible/git-repos/diveintoansible/Ansible Playbooks, Deep Dive/Asynchronous, Serial, Parallel/01/slow_playbook.yaml [14ms]
2023-09-16 13:07:33.684 [info] > git cat-file -s 3de2a9ade115a90c6e1eef897d8a1419633aea8a [5ms]
2023-09-16 13:07:56.053 [info] > git check-ignore -v -z --stdin [7ms]
2023-09-16 13:07:56.682 [info] > git show --textconv :Ansible Playbooks, Deep Dive/Asynchronous, Serial, Parallel/02/slow_playbook.yaml [19ms]
2023-09-16 13:07:56.700 [info] > git ls-files --stage -- /home/ansible/git-repos/diveintoansible/Ansible Playbooks, Deep Dive/Asynchronous, Serial, Parallel/02/slow_playbook.yaml [19ms]
2023-09-16 13:07:56.723 [info] > git cat-file -s 16732de5c9ec1f799222056e7cff3075203c0a5b [6ms]
2023-09-16 13:10:25.865 [info] > git config --local branch.master.github-pr-owner-number [5ms]
2023-09-16 13:10:25.898 [info] > git config --get commit.template [17ms]
2023-09-16 13:10:25.903 [info] > git for-each-ref --format=%(refname)%00%(upstream:short)%00%(objectname)%00%(upstream:track)%00%(upstream:remotename)%00%(upstream:remoteref) refs/heads/master refs/remotes/master [8ms]
2023-09-16 13:10:25.950 [info] > git status -z -uall [32ms]
2023-09-16 13:15:25.972 [info] > git config --local branch.master.github-pr-owner-number [4ms]
2023-09-16 13:15:26.005 [info] > git config --get commit.template [19ms]
2023-09-16 13:15:26.010 [info] > git for-each-ref --format=%(refname)%00%(upstream:short)%00%(objectname)%00%(upstream:track)%00%(upstream:remotename)%00%(upstream:remoteref) refs/heads/master refs/remotes/master [7ms]
2023-09-16 13:15:26.057 [info] > git status -z -uall [34ms]
2023-09-16 13:20:26.105 [info] > git config --local branch.master.github-pr-owner-number [22ms]
2023-09-16 13:20:26.145 [info] > git config --get commit.template [17ms]
2023-09-16 13:20:26.163 [info] > git for-each-ref --format=%(refname)%00%(upstream:short)%00%(objectname)%00%(upstream:track)%00%(upstream:remotename)%00%(upstream:remoteref) refs/heads/master refs/remotes/master [19ms]
2023-09-16 13:20:26.546 [info] > git status -z -uall [368ms]
2023-09-16 13:25:26.570 [info] > git config --local branch.master.github-pr-owner-number [4ms]
2023-09-16 13:25:26.602 [info] > git config --get commit.template [16ms]
2023-09-16 13:25:26.607 [info] > git for-each-ref --format=%(refname)%00%(upstream:short)%00%(objectname)%00%(upstream:track)%00%(upstream:remotename)%00%(upstream:remoteref) refs/heads/master refs/remotes/master [5ms]
2023-09-16 13:25:26.653 [info] > git status -z -uall [33ms]
2023-09-16 13:30:26.681 [info] > git config --local branch.master.github-pr-owner-number [3ms]
2023-09-16 13:30:26.712 [info] > git config --get commit.template [17ms]
2023-09-16 13:30:26.716 [info] > git for-each-ref --format=%(refname)%00%(upstream:short)%00%(objectname)%00%(upstream:track)%00%(upstream:remotename)%00%(upstream:remoteref) refs/heads/master refs/remotes/master [5ms]
2023-09-16 13:30:26.763 [info] > git status -z -uall [32ms]
2023-09-16 13:35:26.785 [info] > git config --local branch.master.github-pr-owner-number [4ms]
2023-09-16 13:35:26.816 [info] > git config --get commit.template [17ms]
2023-09-16 13:35:26.820 [info] > git for-each-ref --format=%(refname)%00%(upstream:short)%00%(objectname)%00%(upstream:track)%00%(upstream:remotename)%00%(upstream:remoteref) refs/heads/master refs/remotes/master [6ms]
2023-09-16 13:35:26.867 [info] > git status -z -uall [32ms]
2023-09-16 13:40:26.889 [info] > git config --local branch.master.github-pr-owner-number [4ms]
2023-09-16 13:40:26.920 [info] > git config --get commit.template [17ms]
2023-09-16 13:40:26.926 [info] > git for-each-ref --format=%(refname)%00%(upstream:short)%00%(objectname)%00%(upstream:track)%00%(upstream:remotename)%00%(upstream:remoteref) refs/heads/master refs/remotes/master [7ms]
2023-09-16 13:40:26.973 [info] > git status -z -uall [33ms]
2023-09-16 13:45:26.995 [info] > git config --local branch.master.github-pr-owner-number [4ms]
2023-09-16 13:45:27.025 [info] > git config --get commit.template [16ms]
2023-09-16 13:45:27.029 [info] > git for-each-ref --format=%(refname)%00%(upstream:short)%00%(objectname)%00%(upstream:track)%00%(upstream:remotename)%00%(upstream:remoteref) refs/heads/master refs/remotes/master [5ms]
2023-09-16 13:45:27.089 [info] > git status -z -uall [33ms]
2023-09-16 13:50:27.112 [info] > git config --local branch.master.github-pr-owner-number [3ms]
2023-09-16 13:50:27.142 [info] > git config --get commit.template [17ms]
2023-09-16 13:50:27.147 [info] > git for-each-ref --format=%(refname)%00%(upstream:short)%00%(objectname)%00%(upstream:track)%00%(upstream:remotename)%00%(upstream:remoteref) refs/heads/master refs/remotes/master [6ms]
2023-09-16 13:50:27.193 [info] > git status -z -uall [33ms]
2023-09-16 13:55:27.223 [info] > git config --local branch.master.github-pr-owner-number [3ms]
2023-09-16 13:55:27.253 [info] > git config --get commit.template [16ms]
2023-09-16 13:55:27.257 [info] > git for-each-ref --format=%(refname)%00%(upstream:short)%00%(objectname)%00%(upstream:track)%00%(upstream:remotename)%00%(upstream:remoteref) refs/heads/master refs/remotes/master [5ms]
2023-09-16 13:55:27.304 [info] > git status -z -uall [32ms]
2023-09-16 14:00:27.325 [info] > git config --local branch.master.github-pr-owner-number [4ms]
2023-09-16 14:00:27.356 [info] > git config --get commit.template [16ms]
2023-09-16 14:00:27.360 [info] > git for-each-ref --format=%(refname)%00%(upstream:short)%00%(objectname)%00%(upstream:track)%00%(upstream:remotename)%00%(upstream:remoteref) refs/heads/master refs/remotes/master [6ms]
2023-09-16 14:00:27.406 [info] > git status -z -uall [32ms]
2023-09-16 14:05:27.428 [info] > git config --local branch.master.github-pr-owner-number [4ms]
2023-09-16 14:05:27.459 [info] > git config --get commit.template [16ms]
2023-09-16 14:05:27.463 [info] > git for-each-ref --format=%(refname)%00%(upstream:short)%00%(objectname)%00%(upstream:track)%00%(upstream:remotename)%00%(upstream:remoteref) refs/heads/master refs/remotes/master [6ms]
2023-09-16 14:05:27.509 [info] > git status -z -uall [33ms]
2023-09-16 14:10:27.531 [info] > git config --local branch.master.github-pr-owner-number [4ms]
2023-09-16 14:10:27.562 [info] > git config --get commit.template [16ms]
2023-09-16 14:10:27.566 [info] > git for-each-ref --format=%(refname)%00%(upstream:short)%00%(objectname)%00%(upstream:track)%00%(upstream:remotename)%00%(upstream:remoteref) refs/heads/master refs/remotes/master [6ms]
2023-09-16 14:10:27.612 [info] > git status -z -uall [33ms]
2023-09-16 14:15:27.637 [info] > git config --local branch.master.github-pr-owner-number [4ms]
2023-09-16 14:15:27.670 [info] > git config --get commit.template [17ms]
2023-09-16 14:15:27.675 [info] > git for-each-ref --format=%(refname)%00%(upstream:short)%00%(objectname)%00%(upstream:track)%00%(upstream:remotename)%00%(upstream:remoteref) refs/heads/master refs/remotes/master [5ms]
2023-09-16 14:15:27.721 [info] > git status -z -uall [33ms]
2023-09-16 14:20:27.744 [info] > git config --local branch.master.github-pr-owner-number [4ms]
2023-09-16 14:20:27.775 [info] > git config --get commit.template [16ms]
2023-09-16 14:20:27.779 [info] > git for-each-ref --format=%(refname)%00%(upstream:short)%00%(objectname)%00%(upstream:track)%00%(upstream:remotename)%00%(upstream:remoteref) refs/heads/master refs/remotes/master [6ms]
2023-09-16 14:20:27.825 [info] > git status -z -uall [32ms]
2023-09-16 14:25:27.846 [info] > git config --local branch.master.github-pr-owner-number [4ms]
2023-09-16 14:25:27.877 [info] > git config --get commit.template [16ms]
2023-09-16 14:25:27.881 [info] > git for-each-ref --format=%(refname)%00%(upstream:short)%00%(objectname)%00%(upstream:track)%00%(upstream:remotename)%00%(upstream:remoteref) refs/heads/master refs/remotes/master [6ms]
2023-09-16 14:25:27.927 [info] > git status -z -uall [33ms]
2023-09-16 14:30:27.950 [info] > git config --local branch.master.github-pr-owner-number [3ms]
2023-09-16 14:30:27.981 [info] > git config --get commit.template [16ms]
2023-09-16 14:30:27.985 [info] > git for-each-ref --format=%(refname)%00%(upstream:short)%00%(objectname)%00%(upstream:track)%00%(upstream:remotename)%00%(upstream:remoteref) refs/heads/master refs/remotes/master [6ms]
2023-09-16 14:30:28.031 [info] > git status -z -uall [32ms]
2023-09-16 14:35:28.053 [info] > git config --local branch.master.github-pr-owner-number [3ms]
2023-09-16 14:35:28.085 [info] > git config --get commit.template [16ms]
2023-09-16 14:35:28.092 [info] > git for-each-ref --format=%(refname)%00%(upstream:short)%00%(objectname)%00%(upstream:track)%00%(upstream:remotename)%00%(upstream:remoteref) refs/heads/master refs/remotes/master [9ms]
2023-09-16 14:35:28.138 [info] > git status -z -uall [32ms]
2023-09-16 14:40:28.163 [info] > git config --local branch.master.github-pr-owner-number [4ms]
2023-09-16 14:40:28.194 [info] > git config --get commit.template [16ms]
2023-09-16 14:40:28.198 [info] > git for-each-ref --format=%(refname)%00%(upstream:short)%00%(objectname)%00%(upstream:track)%00%(upstream:remotename)%00%(upstream:remoteref) refs/heads/master refs/remotes/master [6ms]
2023-09-16 14:40:28.244 [info] > git status -z -uall [33ms]
2023-09-16 14:45:28.267 [info] > git config --local branch.master.github-pr-owner-number [3ms]
2023-09-16 14:45:28.297 [info] > git config --get commit.template [17ms]
2023-09-16 14:45:28.301 [info] > git for-each-ref --format=%(refname)%00%(upstream:short)%00%(objectname)%00%(upstream:track)%00%(upstream:remotename)%00%(upstream:remoteref) refs/heads/master refs/remotes/master [5ms]
2023-09-16 14:45:28.348 [info] > git status -z -uall [33ms]
2023-09-16 14:50:28.370 [info] > git config --local branch.master.github-pr-owner-number [3ms]
2023-09-16 14:50:28.401 [info] > git config --get commit.template [17ms]
2023-09-16 14:50:28.405 [info] > git for-each-ref --format=%(refname)%00%(upstream:short)%00%(objectname)%00%(upstream:track)%00%(upstream:remotename)%00%(upstream:remoteref) refs/heads/master refs/remotes/master [5ms]
2023-09-16 14:50:28.451 [info] > git status -z -uall [33ms]
2023-09-16 14:55:28.473 [info] > git config --local branch.master.github-pr-owner-number [3ms]
2023-09-16 14:55:28.504 [info] > git config --get commit.template [17ms]
2023-09-16 14:55:28.508 [info] > git for-each-ref --format=%(refname)%00%(upstream:short)%00%(objectname)%00%(upstream:track)%00%(upstream:remotename)%00%(upstream:remoteref) refs/heads/master refs/remotes/master [5ms]
2023-09-16 14:55:28.555 [info] > git status -z -uall [33ms]
2023-09-16 15:00:28.576 [info] > git config --local branch.master.github-pr-owner-number [4ms]
2023-09-16 15:00:28.607 [info] > git config --get commit.template [16ms]
2023-09-16 15:00:28.611 [info] > git for-each-ref --format=%(refname)%00%(upstream:short)%00%(objectname)%00%(upstream:track)%00%(upstream:remotename)%00%(upstream:remoteref) refs/heads/master refs/remotes/master [6ms]
2023-09-16 15:00:28.657 [info] > git status -z -uall [33ms]
2023-09-16 15:05:28.679 [info] > git config --local branch.master.github-pr-owner-number [4ms]
2023-09-16 15:05:28.711 [info] > git config --get commit.template [17ms]
2023-09-16 15:05:28.715 [info] > git for-each-ref --format=%(refname)%00%(upstream:short)%00%(objectname)%00%(upstream:track)%00%(upstream:remotename)%00%(upstream:remoteref) refs/heads/master refs/remotes/master [6ms]
2023-09-16 15:05:28.761 [info] > git status -z -uall [33ms]
2023-09-16 15:10:28.784 [info] > git config --local branch.master.github-pr-owner-number [4ms]
2023-09-16 15:10:28.815 [info] > git config --get commit.template [17ms]
2023-09-16 15:10:28.820 [info] > git for-each-ref --format=%(refname)%00%(upstream:short)%00%(objectname)%00%(upstream:track)%00%(upstream:remotename)%00%(upstream:remoteref) refs/heads/master refs/remotes/master [5ms]
2023-09-16 15:10:28.865 [info] > git status -z -uall [33ms]
2023-09-16 15:15:28.887 [info] > git config --local branch.master.github-pr-owner-number [4ms]
2023-09-16 15:15:28.918 [info] > git config --get commit.template [16ms]
2023-09-16 15:15:28.924 [info] > git for-each-ref --format=%(refname)%00%(upstream:short)%00%(objectname)%00%(upstream:track)%00%(upstream:remotename)%00%(upstream:remoteref) refs/heads/master refs/remotes/master [7ms]
2023-09-16 15:15:28.970 [info] > git status -z -uall [33ms]
2023-09-16 15:20:29.002 [info] > git config --local branch.master.github-pr-owner-number [9ms]
2023-09-16 15:20:29.051 [info] > git config --get commit.template [23ms]
2023-09-16 15:20:29.055 [info] > git for-each-ref --format=%(refname)%00%(upstream:short)%00%(objectname)%00%(upstream:track)%00%(upstream:remotename)%00%(upstream:remoteref) refs/heads/master refs/remotes/master [5ms]
2023-09-16 15:20:29.101 [info] > git status -z -uall [33ms]
2023-09-16 15:25:29.127 [info] > git config --local branch.master.github-pr-owner-number [3ms]
2023-09-16 15:25:29.186 [info] > git config --get commit.template [27ms]
2023-09-16 15:25:29.198 [info] > git for-each-ref --format=%(refname)%00%(upstream:short)%00%(objectname)%00%(upstream:track)%00%(upstream:remotename)%00%(upstream:remoteref) refs/heads/master refs/remotes/master [10ms]
2023-09-16 15:25:29.244 [info] > git status -z -uall [33ms]
2023-09-16 15:30:29.265 [info] > git config --local branch.master.github-pr-owner-number [3ms]
2023-09-16 15:30:29.296 [info] > git config --get commit.template [17ms]
2023-09-16 15:30:29.300 [info] > git for-each-ref --format=%(refname)%00%(upstream:short)%00%(objectname)%00%(upstream:track)%00%(upstream:remotename)%00%(upstream:remoteref) refs/heads/master refs/remotes/master [5ms]
2023-09-16 15:30:29.352 [info] > git status -z -uall [39ms]
2023-09-16 15:35:29.373 [info] > git config --local branch.master.github-pr-owner-number [4ms]
2023-09-16 15:35:29.403 [info] > git config --get commit.template [16ms]
2023-09-16 15:35:29.408 [info] > git for-each-ref --format=%(refname)%00%(upstream:short)%00%(objectname)%00%(upstream:track)%00%(upstream:remotename)%00%(upstream:remoteref) refs/heads/master refs/remotes/master [5ms]
2023-09-16 15:35:29.453 [info] > git status -z -uall [32ms]
2023-09-16 15:40:29.484 [info] > git config --local branch.master.github-pr-owner-number [4ms]
2023-09-16 15:40:29.515 [info] > git config --get commit.template [17ms]
2023-09-16 15:40:29.519 [info] > git for-each-ref --format=%(refname)%00%(upstream:short)%00%(objectname)%00%(upstream:track)%00%(upstream:remotename)%00%(upstream:remoteref) refs/heads/master refs/remotes/master [5ms]
2023-09-16 15:40:29.565 [info] > git status -z -uall [33ms]
2023-09-16 15:45:29.587 [info] > git config --local branch.master.github-pr-owner-number [3ms]
2023-09-16 15:45:29.618 [info] > git config --get commit.template [16ms]
2023-09-16 15:45:29.622 [info] > git for-each-ref --format=%(refname)%00%(upstream:short)%00%(objectname)%00%(upstream:track)%00%(upstream:remotename)%00%(upstream:remoteref) refs/heads/master refs/remotes/master [5ms]
2023-09-16 15:45:29.668 [info] > git status -z -uall [33ms]
2023-09-16 15:50:29.690 [info] > git config --local branch.master.github-pr-owner-number [3ms]
2023-09-16 15:50:29.722 [info] > git config --get commit.template [17ms]
2023-09-16 15:50:29.726 [info] > git for-each-ref --format=%(refname)%00%(upstream:short)%00%(objectname)%00%(upstream:track)%00%(upstream:remotename)%00%(upstream:remoteref) refs/heads/master refs/remotes/master [7ms]
2023-09-16 15:50:29.772 [info] > git status -z -uall [33ms]
2023-09-16 15:55:29.793 [info] > git config --local branch.master.github-pr-owner-number [3ms]
2023-09-16 15:55:29.825 [info] > git config --get commit.template [17ms]
2023-09-16 15:55:29.829 [info] > git for-each-ref --format=%(refname)%00%(upstream:short)%00%(objectname)%00%(upstream:track)%00%(upstream:remotename)%00%(upstream:remoteref) refs/heads/master refs/remotes/master [6ms]
2023-09-16 15:55:29.875 [info] > git status -z -uall [32ms]
2023-09-16 16:00:29.896 [info] > git config --local branch.master.github-pr-owner-number [4ms]
2023-09-16 16:00:29.927 [info] > git config --get commit.template [16ms]
2023-09-16 16:00:29.931 [info] > git for-each-ref --format=%(refname)%00%(upstream:short)%00%(objectname)%00%(upstream:track)%00%(upstream:remotename)%00%(upstream:remoteref) refs/heads/master refs/remotes/master [6ms]
2023-09-16 16:00:29.977 [info] > git status -z -uall [33ms]
2023-09-16 16:05:29.998 [info] > git config --local branch.master.github-pr-owner-number [3ms]
2023-09-16 16:05:30.029 [info] > git config --get commit.template [17ms]
2023-09-16 16:05:30.033 [info] > git for-each-ref --format=%(refname)%00%(upstream:short)%00%(objectname)%00%(upstream:track)%00%(upstream:remotename)%00%(upstream:remoteref) refs/heads/master refs/remotes/master [5ms]
2023-09-16 16:05:30.079 [info] > git status -z -uall [33ms]
2023-09-16 16:10:30.101 [info] > git config --local branch.master.github-pr-owner-number [3ms]
2023-09-16 16:10:30.132 [info] > git config --get commit.template [16ms]
2023-09-16 16:10:30.136 [info] > git for-each-ref --format=%(refname)%00%(upstream:short)%00%(objectname)%00%(upstream:track)%00%(upstream:remotename)%00%(upstream:remoteref) refs/heads/master refs/remotes/master [5ms]
2023-09-16 16:10:30.182 [info] > git status -z -uall [33ms]
2023-09-16 16:15:30.210 [info] > git config --local branch.master.github-pr-owner-number [10ms]
2023-09-16 16:15:30.240 [info] > git config --get commit.template [16ms]
2023-09-16 16:15:30.246 [info] > git for-each-ref --format=%(refname)%00%(upstream:short)%00%(objectname)%00%(upstream:track)%00%(upstream:remotename)%00%(upstream:remoteref) refs/heads/master refs/remotes/master [7ms]
2023-09-16 16:15:30.297 [info] > git status -z -uall [38ms]
2023-09-16 16:20:30.319 [info] > git config --local branch.master.github-pr-owner-number [3ms]
2023-09-16 16:20:30.351 [info] > git config --get commit.template [16ms]
2023-09-16 16:20:30.356 [info] > git for-each-ref --format=%(refname)%00%(upstream:short)%00%(objectname)%00%(upstream:track)%00%(upstream:remotename)%00%(upstream:remoteref) refs/heads/master refs/remotes/master [6ms]
2023-09-16 16:20:30.401 [info] > git status -z -uall [32ms]
